2025-04-10 14:50:49,676 - INFO - Starting network pharmacology analysis...
2025-04-10 14:50:49,676 - INFO - Fetching chemical data...
2025-04-10 14:50:50,780 - INFO - Fetching protein links data...
2025-04-10 14:51:03,740 - INFO - Fetching protein data...
2025-04-10 14:51:05,166 - INFO - Fetching TCM-chemical links...
2025-04-10 14:51:06,466 - INFO - Fetching TCM data...
2025-04-10 14:51:06,927 - INFO - Fetching formula-TCM links...
2025-04-10 14:51:24,082 - INFO - Fetching formula data...
2025-04-10 14:51:27,516 - INFO - Fetching SD-formula links...
2025-04-10 14:51:27,570 - INFO - Fetching SD data...
2025-04-10 14:51:27,625 - INFO - Converting data to DataFrames...
2025-04-10 14:51:27,625 - INFO - Generating network visualizations...
2025-04-10 14:51:27,672 - INFO - Preparing files for Cytoscape...
2025-04-10 14:51:27,703 - INFO - Writing results to Excel file...
2025-04-10 14:51:27,741 - INFO - Performing research status test...
2025-04-10 14:51:35,711 - INFO - Performing safety research analysis...
2025-04-10 14:51:36,303 - INFO - Analysis completed successfully in 46.63 seconds
2025-04-10 14:53:44,869 - INFO - Starting network pharmacology analysis...
2025-04-10 14:53:44,870 - INFO - Fetching chemical data...
2025-04-10 14:53:44,870 - ERROR - Error occurred during analysis: list indices must be integers or slices, not str
Traceback (most recent call last):
  File "D:\github_planting\TCM-VOTER\TCM-VOTER\main.py", line 52, in from_chemical
    chem = get.get_chemicals('DNCID', chemical_id['DNCID'])
TypeError: list indices must be integers or slices, not str
2025-04-10 14:55:34,186 - INFO - Starting network pharmacology analysis...
2025-04-10 14:55:34,186 - INFO - Fetching chemical data...
2025-04-10 14:55:35,191 - INFO - Fetching protein links data...
2025-04-10 14:55:35,191 - ERROR - Error occurred during analysis: list indices must be integers or slices, not str
Traceback (most recent call last):
  File "D:\github_planting\TCM-VOTER\TCM-VOTER\main.py", line 55, in from_chemical
    chem_protein_links = get.get_chem_protein_links('DNCID', chemical_id['DNCID'], score=score)
TypeError: list indices must be integers or slices, not str
2025-04-10 14:55:51,553 - INFO - Starting network pharmacology analysis...
2025-04-10 14:55:51,553 - INFO - Fetching chemical data...
2025-04-10 14:55:52,562 - INFO - Fetching protein links data...
2025-04-10 14:56:06,814 - INFO - Fetching protein data...
2025-04-10 14:56:09,195 - INFO - Fetching TCM-chemical links...
2025-04-10 14:56:11,517 - INFO - Fetching TCM data...
2025-04-10 14:56:12,316 - INFO - Fetching formula-TCM links...
2025-04-10 14:56:40,081 - INFO - Fetching formula data...
2025-04-10 14:56:45,124 - INFO - Fetching SD-formula links...
2025-04-10 14:56:45,201 - INFO - Fetching SD data...
2025-04-10 14:56:45,295 - INFO - Converting data to DataFrames...
2025-04-10 14:56:45,296 - INFO - Generating network visualizations...
2025-04-10 14:56:45,754 - INFO - Preparing files for Cytoscape...
2025-04-10 14:56:46,148 - INFO - Writing results to Excel file...
2025-04-10 14:56:46,265 - INFO - Performing research status test...
2025-04-10 14:57:31,708 - INFO - Performing safety research analysis...
2025-04-10 14:57:32,306 - INFO - Analysis completed successfully in 100.75 seconds
2025-04-10 14:58:10,996 - INFO - Starting network pharmacology analysis...
2025-04-10 14:58:10,996 - INFO - Fetching chemical data...
2025-04-10 14:58:12,098 - INFO - Fetching protein links data...
2025-04-10 15:10:41,784 - INFO - Starting network pharmacology analysis
2025-04-10 15:10:41,784 - INFO - Fetching formula/TCM information
2025-04-10 15:11:01,495 - INFO - Fetching TCM-chemical links
2025-04-10 15:11:02,798 - INFO - Fetching chemical information
2025-04-10 15:11:03,403 - INFO - Fetching chem-protein links with score >= 990
2025-04-10 15:11:16,325 - INFO - Fetching protein information
2025-04-10 15:11:17,781 - INFO - Converting results to DataFrames
2025-04-10 15:11:17,781 - INFO - Generating visualization
2025-04-10 15:11:21,760 - INFO - Generating Cytoscape output
2025-04-10 15:11:25,420 - INFO - Writing results to Excel
2025-04-10 15:11:25,916 - INFO - Performing research status test
2025-04-10 15:11:34,337 - INFO - POST http://localhost:9200/abstract22/_search?scroll=5m [status:N/A duration:4.097s]
2025-04-10 15:11:34,337 - WARNING - Node <Urllib3HttpNode(http://localhost:9200)> has failed for 1 times in a row, putting on 1 second timeout
2025-04-10 15:11:34,337 - WARNING - Retrying request after failure (attempt 0 of 3)
Traceback (most recent call last):
  File "C:\Users\29908\AppData\Roaming\Python\Python39\site-packages\urllib3\connection.py", line 199, in _new_conn
    sock = connection.create_connection(
  File "C:\Users\29908\AppData\Roaming\Python\Python39\site-packages\urllib3\util\connection.py", line 85, in create_connection
    raise err
  File "C:\Users\29908\AppData\Roaming\Python\Python39\site-packages\urllib3\util\connection.py", line 73, in create_connection
    sock.connect(sa)
ConnectionRefusedError: [WinError 10061] 由于目标计算机积极拒绝，无法连接。

The above exception was the direct cause of the following exception:

Traceback (most recent call last):
  File "C:\Users\29908\AppData\Roaming\Python\Python39\site-packages\elastic_transport\_node\_http_urllib3.py", line 167, in perform_request
    response = self.pool.urlopen(
  File "C:\Users\29908\AppData\Roaming\Python\Python39\site-packages\urllib3\connectionpool.py", line 843, in urlopen
    retries = retries.increment(
  File "C:\Users\29908\AppData\Roaming\Python\Python39\site-packages\urllib3\util\retry.py", line 449, in increment
    raise reraise(type(error), error, _stacktrace)
  File "C:\Users\29908\AppData\Roaming\Python\Python39\site-packages\urllib3\util\util.py", line 39, in reraise
    raise value
  File "C:\Users\29908\AppData\Roaming\Python\Python39\site-packages\urllib3\connectionpool.py", line 789, in urlopen
    response = self._make_request(
  File "C:\Users\29908\AppData\Roaming\Python\Python39\site-packages\urllib3\connectionpool.py", line 495, in _make_request
    conn.request(
  File "C:\Users\29908\AppData\Roaming\Python\Python39\site-packages\urllib3\connection.py", line 441, in request
    self.endheaders()
  File "C:\Users\29908\.conda\envs\DualNet-TCM\lib\http\client.py", line 1280, in endheaders
    self._send_output(message_body, encode_chunked=encode_chunked)
  File "C:\Users\29908\.conda\envs\DualNet-TCM\lib\http\client.py", line 1040, in _send_output
    self.send(msg)
  File "C:\Users\29908\.conda\envs\DualNet-TCM\lib\http\client.py", line 980, in send
    self.connect()
  File "C:\Users\29908\AppData\Roaming\Python\Python39\site-packages\urllib3\connection.py", line 279, in connect
    self.sock = self._new_conn()
  File "C:\Users\29908\AppData\Roaming\Python\Python39\site-packages\urllib3\connection.py", line 214, in _new_conn
    raise NewConnectionError(
urllib3.exceptions.NewConnectionError: <urllib3.connection.HTTPConnection object at 0x000001B6B1CDF550>: Failed to establish a new connection: [WinError 10061] 由于目标计算机积极拒绝，无法连接。

The above exception was the direct cause of the following exception:

Traceback (most recent call last):
  File "C:\Users\29908\AppData\Roaming\Python\Python39\site-packages\elastic_transport\_transport.py", line 342, in perform_request
    resp = node.perform_request(
  File "C:\Users\29908\AppData\Roaming\Python\Python39\site-packages\elastic_transport\_node\_http_urllib3.py", line 202, in perform_request
    raise err from e
elastic_transport.ConnectionError: Connection error caused by: NewConnectionError(<urllib3.connection.HTTPConnection object at 0x000001B6B1CDF550>: Failed to establish a new connection: [WinError 10061] 由于目标计算机积极拒绝，无法连接。)
2025-04-10 15:11:38,436 - INFO - POST http://localhost:9200/abstract22/_search?scroll=5m [status:N/A duration:4.084s]
2025-04-10 15:11:38,436 - WARNING - Node <Urllib3HttpNode(http://localhost:9200)> has failed for 2 times in a row, putting on 2 second timeout
2025-04-10 15:11:38,436 - WARNING - Retrying request after failure (attempt 1 of 3)
Traceback (most recent call last):
  File "C:\Users\29908\AppData\Roaming\Python\Python39\site-packages\urllib3\connection.py", line 199, in _new_conn
    sock = connection.create_connection(
  File "C:\Users\29908\AppData\Roaming\Python\Python39\site-packages\urllib3\util\connection.py", line 85, in create_connection
    raise err
  File "C:\Users\29908\AppData\Roaming\Python\Python39\site-packages\urllib3\util\connection.py", line 73, in create_connection
    sock.connect(sa)
ConnectionRefusedError: [WinError 10061] 由于目标计算机积极拒绝，无法连接。

The above exception was the direct cause of the following exception:

Traceback (most recent call last):
  File "C:\Users\29908\AppData\Roaming\Python\Python39\site-packages\elastic_transport\_node\_http_urllib3.py", line 167, in perform_request
    response = self.pool.urlopen(
  File "C:\Users\29908\AppData\Roaming\Python\Python39\site-packages\urllib3\connectionpool.py", line 843, in urlopen
    retries = retries.increment(
  File "C:\Users\29908\AppData\Roaming\Python\Python39\site-packages\urllib3\util\retry.py", line 449, in increment
    raise reraise(type(error), error, _stacktrace)
  File "C:\Users\29908\AppData\Roaming\Python\Python39\site-packages\urllib3\util\util.py", line 39, in reraise
    raise value
  File "C:\Users\29908\AppData\Roaming\Python\Python39\site-packages\urllib3\connectionpool.py", line 789, in urlopen
    response = self._make_request(
  File "C:\Users\29908\AppData\Roaming\Python\Python39\site-packages\urllib3\connectionpool.py", line 495, in _make_request
    conn.request(
  File "C:\Users\29908\AppData\Roaming\Python\Python39\site-packages\urllib3\connection.py", line 441, in request
    self.endheaders()
  File "C:\Users\29908\.conda\envs\DualNet-TCM\lib\http\client.py", line 1280, in endheaders
    self._send_output(message_body, encode_chunked=encode_chunked)
  File "C:\Users\29908\.conda\envs\DualNet-TCM\lib\http\client.py", line 1040, in _send_output
    self.send(msg)
  File "C:\Users\29908\.conda\envs\DualNet-TCM\lib\http\client.py", line 980, in send
    self.connect()
  File "C:\Users\29908\AppData\Roaming\Python\Python39\site-packages\urllib3\connection.py", line 279, in connect
    self.sock = self._new_conn()
  File "C:\Users\29908\AppData\Roaming\Python\Python39\site-packages\urllib3\connection.py", line 214, in _new_conn
    raise NewConnectionError(
urllib3.exceptions.NewConnectionError: <urllib3.connection.HTTPConnection object at 0x000001B6B1CDF820>: Failed to establish a new connection: [WinError 10061] 由于目标计算机积极拒绝，无法连接。

The above exception was the direct cause of the following exception:

Traceback (most recent call last):
  File "C:\Users\29908\AppData\Roaming\Python\Python39\site-packages\elastic_transport\_transport.py", line 342, in perform_request
    resp = node.perform_request(
  File "C:\Users\29908\AppData\Roaming\Python\Python39\site-packages\elastic_transport\_node\_http_urllib3.py", line 202, in perform_request
    raise err from e
elastic_transport.ConnectionError: Connection error caused by: NewConnectionError(<urllib3.connection.HTTPConnection object at 0x000001B6B1CDF820>: Failed to establish a new connection: [WinError 10061] 由于目标计算机积极拒绝，无法连接。)
2025-04-10 15:11:38,437 - INFO - Resurrected node <Urllib3HttpNode(http://localhost:9200)> (force=False)
2025-04-10 15:11:42,547 - INFO - POST http://localhost:9200/abstract22/_search?scroll=5m [status:N/A duration:4.110s]
2025-04-10 15:11:42,547 - WARNING - Node <Urllib3HttpNode(http://localhost:9200)> has failed for 3 times in a row, putting on 4 second timeout
2025-04-10 15:11:42,547 - WARNING - Retrying request after failure (attempt 2 of 3)
Traceback (most recent call last):
  File "C:\Users\29908\AppData\Roaming\Python\Python39\site-packages\urllib3\connection.py", line 199, in _new_conn
    sock = connection.create_connection(
  File "C:\Users\29908\AppData\Roaming\Python\Python39\site-packages\urllib3\util\connection.py", line 85, in create_connection
    raise err
  File "C:\Users\29908\AppData\Roaming\Python\Python39\site-packages\urllib3\util\connection.py", line 73, in create_connection
    sock.connect(sa)
ConnectionRefusedError: [WinError 10061] 由于目标计算机积极拒绝，无法连接。

The above exception was the direct cause of the following exception:

Traceback (most recent call last):
  File "C:\Users\29908\AppData\Roaming\Python\Python39\site-packages\elastic_transport\_node\_http_urllib3.py", line 167, in perform_request
    response = self.pool.urlopen(
  File "C:\Users\29908\AppData\Roaming\Python\Python39\site-packages\urllib3\connectionpool.py", line 843, in urlopen
    retries = retries.increment(
  File "C:\Users\29908\AppData\Roaming\Python\Python39\site-packages\urllib3\util\retry.py", line 449, in increment
    raise reraise(type(error), error, _stacktrace)
  File "C:\Users\29908\AppData\Roaming\Python\Python39\site-packages\urllib3\util\util.py", line 39, in reraise
    raise value
  File "C:\Users\29908\AppData\Roaming\Python\Python39\site-packages\urllib3\connectionpool.py", line 789, in urlopen
    response = self._make_request(
  File "C:\Users\29908\AppData\Roaming\Python\Python39\site-packages\urllib3\connectionpool.py", line 495, in _make_request
    conn.request(
  File "C:\Users\29908\AppData\Roaming\Python\Python39\site-packages\urllib3\connection.py", line 441, in request
    self.endheaders()
  File "C:\Users\29908\.conda\envs\DualNet-TCM\lib\http\client.py", line 1280, in endheaders
    self._send_output(message_body, encode_chunked=encode_chunked)
  File "C:\Users\29908\.conda\envs\DualNet-TCM\lib\http\client.py", line 1040, in _send_output
    self.send(msg)
  File "C:\Users\29908\.conda\envs\DualNet-TCM\lib\http\client.py", line 980, in send
    self.connect()
  File "C:\Users\29908\AppData\Roaming\Python\Python39\site-packages\urllib3\connection.py", line 279, in connect
    self.sock = self._new_conn()
  File "C:\Users\29908\AppData\Roaming\Python\Python39\site-packages\urllib3\connection.py", line 214, in _new_conn
    raise NewConnectionError(
urllib3.exceptions.NewConnectionError: <urllib3.connection.HTTPConnection object at 0x000001B6B1CDFE80>: Failed to establish a new connection: [WinError 10061] 由于目标计算机积极拒绝，无法连接。

The above exception was the direct cause of the following exception:

Traceback (most recent call last):
  File "C:\Users\29908\AppData\Roaming\Python\Python39\site-packages\elastic_transport\_transport.py", line 342, in perform_request
    resp = node.perform_request(
  File "C:\Users\29908\AppData\Roaming\Python\Python39\site-packages\elastic_transport\_node\_http_urllib3.py", line 202, in perform_request
    raise err from e
elastic_transport.ConnectionError: Connection error caused by: NewConnectionError(<urllib3.connection.HTTPConnection object at 0x000001B6B1CDFE80>: Failed to establish a new connection: [WinError 10061] 由于目标计算机积极拒绝，无法连接。)
2025-04-10 15:11:42,548 - INFO - Resurrected node <Urllib3HttpNode(http://localhost:9200)> (force=False)
2025-04-10 15:11:46,618 - INFO - POST http://localhost:9200/abstract22/_search?scroll=5m [status:N/A duration:4.069s]
2025-04-10 15:11:46,618 - WARNING - Node <Urllib3HttpNode(http://localhost:9200)> has failed for 4 times in a row, putting on 8 second timeout
2025-04-10 19:34:24,416 - INFO - Starting network pharmacology analysis...
2025-04-10 19:34:24,416 - INFO - Fetching chemical data...
2025-04-10 19:34:25,080 - INFO - Fetching protein links data...
2025-04-10 19:34:40,472 - INFO - Fetching protein data...
2025-04-10 19:34:43,073 - INFO - Fetching TCM-chemical links...
2025-04-10 19:34:45,415 - INFO - Fetching TCM data...
2025-04-10 19:34:46,240 - INFO - Fetching formula-TCM links...
2025-04-10 19:35:13,999 - INFO - Fetching formula data...
2025-04-10 19:35:18,986 - INFO - Fetching SD-formula links...
2025-04-10 19:35:19,156 - INFO - Fetching SD data...
2025-04-10 19:35:19,266 - INFO - Converting data to DataFrames...
2025-04-10 19:35:19,266 - INFO - Generating network visualizations...
2025-04-10 19:35:25,560 - INFO - Preparing files for Cytoscape...
2025-04-10 19:35:31,701 - INFO - Writing results to Excel file...
2025-04-10 19:35:32,509 - INFO - Performing safety research analysis...
2025-04-10 19:35:33,592 - INFO - Analysis completed successfully in 69.18 seconds
2025-04-10 19:49:30,364 - INFO - Starting network pharmacology analysis...
2025-04-10 19:49:30,365 - INFO - Fetching chemical data...
2025-04-10 19:49:30,984 - INFO - Fetching protein links data...
2025-04-10 19:49:43,818 - INFO - Fetching protein data...
2025-04-10 19:49:45,311 - INFO - Fetching TCM-chemical links...
2025-04-10 19:49:46,636 - INFO - Fetching TCM data...
2025-04-10 19:49:47,110 - INFO - Fetching formula-TCM links...
2025-04-10 19:50:03,832 - INFO - Fetching formula data...
2025-04-10 19:50:06,871 - INFO - Fetching SD-formula links...
2025-04-10 19:50:06,963 - INFO - Fetching SD data...
2025-04-10 19:50:07,020 - INFO - Converting data to DataFrames...
2025-04-10 19:50:07,020 - INFO - Generating network visualizations...
2025-04-10 19:50:10,816 - INFO - Preparing files for Cytoscape...
2025-04-10 19:50:14,804 - INFO - Writing results to Excel file...
2025-04-10 19:50:15,294 - INFO - Performing research status test...
2025-04-10 19:50:16,371 - INFO - Performing safety research analysis...
2025-04-10 19:50:17,078 - INFO - Analysis completed successfully in 46.71 seconds
2025-04-10 19:53:05,570 - INFO - POST http://localhost:9200/abstract22/_search?scroll=5m [status:N/A duration:4.118s]
2025-04-10 19:53:05,570 - WARNING - Node <Urllib3HttpNode(http://localhost:9200)> has failed for 1 times in a row, putting on 1 second timeout
2025-04-10 19:53:05,570 - WARNING - Retrying request after failure (attempt 0 of 3)
Traceback (most recent call last):
  File "C:\Users\29908\AppData\Roaming\Python\Python39\site-packages\urllib3\connection.py", line 199, in _new_conn
    sock = connection.create_connection(
  File "C:\Users\29908\AppData\Roaming\Python\Python39\site-packages\urllib3\util\connection.py", line 85, in create_connection
    raise err
  File "C:\Users\29908\AppData\Roaming\Python\Python39\site-packages\urllib3\util\connection.py", line 73, in create_connection
    sock.connect(sa)
ConnectionRefusedError: [WinError 10061] 由于目标计算机积极拒绝，无法连接。

The above exception was the direct cause of the following exception:

Traceback (most recent call last):
  File "C:\Users\29908\AppData\Roaming\Python\Python39\site-packages\elastic_transport\_node\_http_urllib3.py", line 167, in perform_request
    response = self.pool.urlopen(
  File "C:\Users\29908\AppData\Roaming\Python\Python39\site-packages\urllib3\connectionpool.py", line 843, in urlopen
    retries = retries.increment(
  File "C:\Users\29908\AppData\Roaming\Python\Python39\site-packages\urllib3\util\retry.py", line 449, in increment
    raise reraise(type(error), error, _stacktrace)
  File "C:\Users\29908\AppData\Roaming\Python\Python39\site-packages\urllib3\util\util.py", line 39, in reraise
    raise value
  File "C:\Users\29908\AppData\Roaming\Python\Python39\site-packages\urllib3\connectionpool.py", line 789, in urlopen
    response = self._make_request(
  File "C:\Users\29908\AppData\Roaming\Python\Python39\site-packages\urllib3\connectionpool.py", line 495, in _make_request
    conn.request(
  File "C:\Users\29908\AppData\Roaming\Python\Python39\site-packages\urllib3\connection.py", line 441, in request
    self.endheaders()
  File "C:\Users\29908\.conda\envs\DualNet-TCM\lib\http\client.py", line 1280, in endheaders
    self._send_output(message_body, encode_chunked=encode_chunked)
  File "C:\Users\29908\.conda\envs\DualNet-TCM\lib\http\client.py", line 1040, in _send_output
    self.send(msg)
  File "C:\Users\29908\.conda\envs\DualNet-TCM\lib\http\client.py", line 980, in send
    self.connect()
  File "C:\Users\29908\AppData\Roaming\Python\Python39\site-packages\urllib3\connection.py", line 279, in connect
    self.sock = self._new_conn()
  File "C:\Users\29908\AppData\Roaming\Python\Python39\site-packages\urllib3\connection.py", line 214, in _new_conn
    raise NewConnectionError(
urllib3.exceptions.NewConnectionError: <urllib3.connection.HTTPConnection object at 0x0000023FA2A2CB20>: Failed to establish a new connection: [WinError 10061] 由于目标计算机积极拒绝，无法连接。

The above exception was the direct cause of the following exception:

Traceback (most recent call last):
  File "C:\Users\29908\AppData\Roaming\Python\Python39\site-packages\elastic_transport\_transport.py", line 342, in perform_request
    resp = node.perform_request(
  File "C:\Users\29908\AppData\Roaming\Python\Python39\site-packages\elastic_transport\_node\_http_urllib3.py", line 202, in perform_request
    raise err from e
elastic_transport.ConnectionError: Connection error caused by: NewConnectionError(<urllib3.connection.HTTPConnection object at 0x0000023FA2A2CB20>: Failed to establish a new connection: [WinError 10061] 由于目标计算机积极拒绝，无法连接。)
2025-04-10 19:53:09,649 - INFO - POST http://localhost:9200/abstract22/_search?scroll=5m [status:N/A duration:4.069s]
2025-04-10 19:53:09,649 - WARNING - Node <Urllib3HttpNode(http://localhost:9200)> has failed for 2 times in a row, putting on 2 second timeout
2025-04-10 19:53:09,649 - WARNING - Retrying request after failure (attempt 1 of 3)
Traceback (most recent call last):
  File "C:\Users\29908\AppData\Roaming\Python\Python39\site-packages\urllib3\connection.py", line 199, in _new_conn
    sock = connection.create_connection(
  File "C:\Users\29908\AppData\Roaming\Python\Python39\site-packages\urllib3\util\connection.py", line 85, in create_connection
    raise err
  File "C:\Users\29908\AppData\Roaming\Python\Python39\site-packages\urllib3\util\connection.py", line 73, in create_connection
    sock.connect(sa)
ConnectionRefusedError: [WinError 10061] 由于目标计算机积极拒绝，无法连接。

The above exception was the direct cause of the following exception:

Traceback (most recent call last):
  File "C:\Users\29908\AppData\Roaming\Python\Python39\site-packages\elastic_transport\_node\_http_urllib3.py", line 167, in perform_request
    response = self.pool.urlopen(
  File "C:\Users\29908\AppData\Roaming\Python\Python39\site-packages\urllib3\connectionpool.py", line 843, in urlopen
    retries = retries.increment(
  File "C:\Users\29908\AppData\Roaming\Python\Python39\site-packages\urllib3\util\retry.py", line 449, in increment
    raise reraise(type(error), error, _stacktrace)
  File "C:\Users\29908\AppData\Roaming\Python\Python39\site-packages\urllib3\util\util.py", line 39, in reraise
    raise value
  File "C:\Users\29908\AppData\Roaming\Python\Python39\site-packages\urllib3\connectionpool.py", line 789, in urlopen
    response = self._make_request(
  File "C:\Users\29908\AppData\Roaming\Python\Python39\site-packages\urllib3\connectionpool.py", line 495, in _make_request
    conn.request(
  File "C:\Users\29908\AppData\Roaming\Python\Python39\site-packages\urllib3\connection.py", line 441, in request
    self.endheaders()
  File "C:\Users\29908\.conda\envs\DualNet-TCM\lib\http\client.py", line 1280, in endheaders
    self._send_output(message_body, encode_chunked=encode_chunked)
  File "C:\Users\29908\.conda\envs\DualNet-TCM\lib\http\client.py", line 1040, in _send_output
    self.send(msg)
  File "C:\Users\29908\.conda\envs\DualNet-TCM\lib\http\client.py", line 980, in send
    self.connect()
  File "C:\Users\29908\AppData\Roaming\Python\Python39\site-packages\urllib3\connection.py", line 279, in connect
    self.sock = self._new_conn()
  File "C:\Users\29908\AppData\Roaming\Python\Python39\site-packages\urllib3\connection.py", line 214, in _new_conn
    raise NewConnectionError(
urllib3.exceptions.NewConnectionError: <urllib3.connection.HTTPConnection object at 0x0000023FA2A2CBB0>: Failed to establish a new connection: [WinError 10061] 由于目标计算机积极拒绝，无法连接。

The above exception was the direct cause of the following exception:

Traceback (most recent call last):
  File "C:\Users\29908\AppData\Roaming\Python\Python39\site-packages\elastic_transport\_transport.py", line 342, in perform_request
    resp = node.perform_request(
  File "C:\Users\29908\AppData\Roaming\Python\Python39\site-packages\elastic_transport\_node\_http_urllib3.py", line 202, in perform_request
    raise err from e
elastic_transport.ConnectionError: Connection error caused by: NewConnectionError(<urllib3.connection.HTTPConnection object at 0x0000023FA2A2CBB0>: Failed to establish a new connection: [WinError 10061] 由于目标计算机积极拒绝，无法连接。)
2025-04-10 19:53:09,650 - INFO - Resurrected node <Urllib3HttpNode(http://localhost:9200)> (force=False)
2025-04-10 19:53:13,726 - INFO - POST http://localhost:9200/abstract22/_search?scroll=5m [status:N/A duration:4.075s]
2025-04-10 19:53:13,726 - WARNING - Node <Urllib3HttpNode(http://localhost:9200)> has failed for 3 times in a row, putting on 4 second timeout
2025-04-10 19:53:13,726 - WARNING - Retrying request after failure (attempt 2 of 3)
Traceback (most recent call last):
  File "C:\Users\29908\AppData\Roaming\Python\Python39\site-packages\urllib3\connection.py", line 199, in _new_conn
    sock = connection.create_connection(
  File "C:\Users\29908\AppData\Roaming\Python\Python39\site-packages\urllib3\util\connection.py", line 85, in create_connection
    raise err
  File "C:\Users\29908\AppData\Roaming\Python\Python39\site-packages\urllib3\util\connection.py", line 73, in create_connection
    sock.connect(sa)
ConnectionRefusedError: [WinError 10061] 由于目标计算机积极拒绝，无法连接。

The above exception was the direct cause of the following exception:

Traceback (most recent call last):
  File "C:\Users\29908\AppData\Roaming\Python\Python39\site-packages\elastic_transport\_node\_http_urllib3.py", line 167, in perform_request
    response = self.pool.urlopen(
  File "C:\Users\29908\AppData\Roaming\Python\Python39\site-packages\urllib3\connectionpool.py", line 843, in urlopen
    retries = retries.increment(
  File "C:\Users\29908\AppData\Roaming\Python\Python39\site-packages\urllib3\util\retry.py", line 449, in increment
    raise reraise(type(error), error, _stacktrace)
  File "C:\Users\29908\AppData\Roaming\Python\Python39\site-packages\urllib3\util\util.py", line 39, in reraise
    raise value
  File "C:\Users\29908\AppData\Roaming\Python\Python39\site-packages\urllib3\connectionpool.py", line 789, in urlopen
    response = self._make_request(
  File "C:\Users\29908\AppData\Roaming\Python\Python39\site-packages\urllib3\connectionpool.py", line 495, in _make_request
    conn.request(
  File "C:\Users\29908\AppData\Roaming\Python\Python39\site-packages\urllib3\connection.py", line 441, in request
    self.endheaders()
  File "C:\Users\29908\.conda\envs\DualNet-TCM\lib\http\client.py", line 1280, in endheaders
    self._send_output(message_body, encode_chunked=encode_chunked)
  File "C:\Users\29908\.conda\envs\DualNet-TCM\lib\http\client.py", line 1040, in _send_output
    self.send(msg)
  File "C:\Users\29908\.conda\envs\DualNet-TCM\lib\http\client.py", line 980, in send
    self.connect()
  File "C:\Users\29908\AppData\Roaming\Python\Python39\site-packages\urllib3\connection.py", line 279, in connect
    self.sock = self._new_conn()
  File "C:\Users\29908\AppData\Roaming\Python\Python39\site-packages\urllib3\connection.py", line 214, in _new_conn
    raise NewConnectionError(
urllib3.exceptions.NewConnectionError: <urllib3.connection.HTTPConnection object at 0x0000023FA2A2CD60>: Failed to establish a new connection: [WinError 10061] 由于目标计算机积极拒绝，无法连接。

The above exception was the direct cause of the following exception:

Traceback (most recent call last):
  File "C:\Users\29908\AppData\Roaming\Python\Python39\site-packages\elastic_transport\_transport.py", line 342, in perform_request
    resp = node.perform_request(
  File "C:\Users\29908\AppData\Roaming\Python\Python39\site-packages\elastic_transport\_node\_http_urllib3.py", line 202, in perform_request
    raise err from e
elastic_transport.ConnectionError: Connection error caused by: NewConnectionError(<urllib3.connection.HTTPConnection object at 0x0000023FA2A2CD60>: Failed to establish a new connection: [WinError 10061] 由于目标计算机积极拒绝，无法连接。)
2025-04-10 19:53:13,727 - INFO - Resurrected node <Urllib3HttpNode(http://localhost:9200)> (force=False)
2025-04-10 19:53:17,795 - INFO - POST http://localhost:9200/abstract22/_search?scroll=5m [status:N/A duration:4.068s]
2025-04-10 19:53:17,796 - WARNING - Node <Urllib3HttpNode(http://localhost:9200)> has failed for 4 times in a row, putting on 8 second timeout
2025-04-10 20:08:50,484 - INFO - POST http://localhost:9200/abstract22/_search?scroll=5m [status:200 duration:0.696s]
2025-04-10 20:08:50,489 - INFO - DELETE http://localhost:9200/_search/scroll [status:200 duration:0.004s]
2025-04-10 20:08:50,626 - INFO - POST http://localhost:9200/abstract22/_search?scroll=5m [status:200 duration:0.137s]
2025-04-10 20:08:50,628 - INFO - DELETE http://localhost:9200/_search/scroll [status:200 duration:0.002s]
2025-04-10 20:08:50,728 - INFO - POST http://localhost:9200/abstract22/_search?scroll=5m [status:200 duration:0.100s]
2025-04-10 20:08:50,731 - INFO - DELETE http://localhost:9200/_search/scroll [status:200 duration:0.002s]
2025-04-10 20:08:50,831 - INFO - POST http://localhost:9200/abstract22/_search?scroll=5m [status:200 duration:0.099s]
2025-04-10 20:08:50,833 - INFO - DELETE http://localhost:9200/_search/scroll [status:200 duration:0.002s]
2025-04-10 20:08:50,855 - INFO - POST http://localhost:9200/abstract22/_search?scroll=5m [status:200 duration:0.022s]
2025-04-10 20:08:50,857 - INFO - DELETE http://localhost:9200/_search/scroll [status:200 duration:0.001s]
2025-04-10 20:08:50,929 - INFO - POST http://localhost:9200/abstract22/_search?scroll=5m [status:200 duration:0.070s]
2025-04-10 20:08:50,932 - INFO - DELETE http://localhost:9200/_search/scroll [status:200 duration:0.002s]
2025-04-10 20:08:50,984 - INFO - POST http://localhost:9200/abstract22/_search?scroll=5m [status:200 duration:0.051s]
2025-04-10 20:08:50,986 - INFO - DELETE http://localhost:9200/_search/scroll [status:200 duration:0.002s]
2025-04-10 20:08:51,063 - INFO - POST http://localhost:9200/abstract22/_search?scroll=5m [status:200 duration:0.077s]
2025-04-10 20:08:51,065 - INFO - DELETE http://localhost:9200/_search/scroll [status:200 duration:0.002s]
2025-04-10 20:08:51,095 - INFO - POST http://localhost:9200/abstract22/_search?scroll=5m [status:200 duration:0.030s]
2025-04-10 20:08:51,099 - INFO - DELETE http://localhost:9200/_search/scroll [status:200 duration:0.002s]
2025-04-10 20:08:51,141 - INFO - POST http://localhost:9200/abstract22/_search?scroll=5m [status:200 duration:0.042s]
2025-04-10 20:08:51,144 - INFO - DELETE http://localhost:9200/_search/scroll [status:200 duration:0.002s]
2025-04-10 20:08:51,172 - INFO - POST http://localhost:9200/abstract22/_search?scroll=5m [status:200 duration:0.028s]
2025-04-10 20:08:51,174 - INFO - DELETE http://localhost:9200/_search/scroll [status:200 duration:0.002s]
2025-04-10 20:08:51,256 - INFO - POST http://localhost:9200/abstract22/_search?scroll=5m [status:200 duration:0.082s]
2025-04-10 20:08:51,257 - INFO - DELETE http://localhost:9200/_search/scroll [status:200 duration:0.001s]
2025-04-10 20:08:51,271 - INFO - POST http://localhost:9200/abstract22/_search?scroll=5m [status:200 duration:0.013s]
2025-04-10 20:08:51,273 - INFO - DELETE http://localhost:9200/_search/scroll [status:200 duration:0.002s]
2025-04-10 20:08:51,287 - INFO - POST http://localhost:9200/abstract22/_search?scroll=5m [status:200 duration:0.013s]
2025-04-10 20:08:51,289 - INFO - DELETE http://localhost:9200/_search/scroll [status:200 duration:0.002s]
2025-04-10 20:08:51,337 - INFO - POST http://localhost:9200/abstract22/_search?scroll=5m [status:200 duration:0.048s]
2025-04-10 20:08:51,339 - INFO - DELETE http://localhost:9200/_search/scroll [status:200 duration:0.002s]
2025-04-10 20:08:51,384 - INFO - POST http://localhost:9200/abstract22/_search?scroll=5m [status:200 duration:0.045s]
2025-04-10 20:08:51,387 - INFO - DELETE http://localhost:9200/_search/scroll [status:200 duration:0.002s]
2025-04-10 20:08:51,397 - INFO - POST http://localhost:9200/abstract22/_search?scroll=5m [status:200 duration:0.009s]
2025-04-10 20:08:51,398 - INFO - DELETE http://localhost:9200/_search/scroll [status:200 duration:0.001s]
2025-04-10 20:08:51,423 - INFO - POST http://localhost:9200/abstract22/_search?scroll=5m [status:200 duration:0.023s]
2025-04-10 20:08:51,424 - INFO - DELETE http://localhost:9200/_search/scroll [status:200 duration:0.001s]
2025-04-10 20:08:51,438 - INFO - POST http://localhost:9200/abstract22/_search?scroll=5m [status:200 duration:0.012s]
2025-04-10 20:08:51,440 - INFO - DELETE http://localhost:9200/_search/scroll [status:200 duration:0.002s]
2025-04-10 20:08:51,461 - INFO - POST http://localhost:9200/abstract22/_search?scroll=5m [status:200 duration:0.020s]
2025-04-10 20:08:51,462 - INFO - DELETE http://localhost:9200/_search/scroll [status:200 duration:0.002s]
2025-04-10 20:08:51,644 - INFO - POST http://localhost:9200/abstract22/_search?scroll=5m [status:200 duration:0.181s]
2025-04-10 20:08:51,646 - INFO - DELETE http://localhost:9200/_search/scroll [status:200 duration:0.001s]
2025-04-10 20:08:51,718 - INFO - POST http://localhost:9200/abstract22/_search?scroll=5m [status:200 duration:0.072s]
2025-04-10 20:08:51,721 - INFO - DELETE http://localhost:9200/_search/scroll [status:200 duration:0.002s]
2025-04-10 20:08:51,771 - INFO - POST http://localhost:9200/abstract22/_search?scroll=5m [status:200 duration:0.050s]
2025-04-10 20:08:51,772 - INFO - DELETE http://localhost:9200/_search/scroll [status:200 duration:0.002s]
2025-04-10 20:08:51,791 - INFO - POST http://localhost:9200/abstract22/_search?scroll=5m [status:200 duration:0.019s]
2025-04-10 20:08:51,793 - INFO - DELETE http://localhost:9200/_search/scroll [status:200 duration:0.002s]
2025-04-10 20:08:51,807 - INFO - POST http://localhost:9200/abstract22/_search?scroll=5m [status:200 duration:0.014s]
2025-04-10 20:08:51,808 - INFO - DELETE http://localhost:9200/_search/scroll [status:200 duration:0.001s]
2025-04-10 20:08:51,859 - INFO - POST http://localhost:9200/abstract22/_search?scroll=5m [status:200 duration:0.050s]
2025-04-10 20:08:51,861 - INFO - DELETE http://localhost:9200/_search/scroll [status:200 duration:0.002s]
2025-04-10 20:08:51,881 - INFO - POST http://localhost:9200/abstract22/_search?scroll=5m [status:200 duration:0.020s]
2025-04-10 20:08:51,882 - INFO - DELETE http://localhost:9200/_search/scroll [status:200 duration:0.002s]
2025-04-10 20:08:51,917 - INFO - POST http://localhost:9200/abstract22/_search?scroll=5m [status:200 duration:0.035s]
2025-04-10 20:08:51,920 - INFO - DELETE http://localhost:9200/_search/scroll [status:200 duration:0.001s]
2025-04-10 20:08:52,049 - INFO - POST http://localhost:9200/abstract22/_search?scroll=5m [status:200 duration:0.128s]
2025-04-10 20:08:52,051 - INFO - DELETE http://localhost:9200/_search/scroll [status:200 duration:0.002s]
2025-04-10 20:08:52,149 - INFO - POST http://localhost:9200/abstract22/_search?scroll=5m [status:200 duration:0.098s]
2025-04-10 20:08:52,152 - INFO - DELETE http://localhost:9200/_search/scroll [status:200 duration:0.002s]
2025-04-10 20:08:52,246 - INFO - POST http://localhost:9200/abstract22/_search?scroll=5m [status:200 duration:0.093s]
2025-04-10 20:08:52,247 - INFO - DELETE http://localhost:9200/_search/scroll [status:200 duration:0.001s]
2025-04-10 20:08:52,299 - INFO - POST http://localhost:9200/abstract22/_search?scroll=5m [status:200 duration:0.051s]
2025-04-10 20:08:52,301 - INFO - DELETE http://localhost:9200/_search/scroll [status:200 duration:0.002s]
2025-04-10 20:08:52,344 - INFO - POST http://localhost:9200/abstract22/_search?scroll=5m [status:200 duration:0.044s]
2025-04-10 20:08:52,347 - INFO - DELETE http://localhost:9200/_search/scroll [status:200 duration:0.001s]
2025-04-10 20:08:52,369 - INFO - POST http://localhost:9200/abstract22/_search?scroll=5m [status:200 duration:0.021s]
2025-04-10 20:08:52,371 - INFO - DELETE http://localhost:9200/_search/scroll [status:200 duration:0.003s]
2025-04-10 20:08:52,392 - INFO - POST http://localhost:9200/abstract22/_search?scroll=5m [status:200 duration:0.020s]
2025-04-10 20:08:52,394 - INFO - DELETE http://localhost:9200/_search/scroll [status:200 duration:0.002s]
2025-04-10 20:08:52,441 - INFO - POST http://localhost:9200/abstract22/_search?scroll=5m [status:200 duration:0.047s]
2025-04-10 20:08:52,443 - INFO - DELETE http://localhost:9200/_search/scroll [status:200 duration:0.002s]
2025-04-10 20:08:52,633 - INFO - POST http://localhost:9200/abstract22/_search?scroll=5m [status:200 duration:0.189s]
2025-04-10 20:08:52,635 - INFO - DELETE http://localhost:9200/_search/scroll [status:200 duration:0.002s]
2025-04-10 20:08:53,002 - INFO - POST http://localhost:9200/abstract22/_search?scroll=5m [status:200 duration:0.366s]
2025-04-10 20:08:53,004 - INFO - DELETE http://localhost:9200/_search/scroll [status:200 duration:0.001s]
2025-04-10 20:08:53,044 - INFO - POST http://localhost:9200/abstract22/_search?scroll=5m [status:200 duration:0.041s]
2025-04-10 20:08:53,046 - INFO - DELETE http://localhost:9200/_search/scroll [status:200 duration:0.002s]
2025-04-10 20:08:53,108 - INFO - POST http://localhost:9200/abstract22/_search?scroll=5m [status:200 duration:0.061s]
2025-04-10 20:08:53,110 - INFO - DELETE http://localhost:9200/_search/scroll [status:200 duration:0.002s]
2025-04-10 20:08:53,165 - INFO - POST http://localhost:9200/abstract22/_search?scroll=5m [status:200 duration:0.056s]
2025-04-10 20:08:53,167 - INFO - DELETE http://localhost:9200/_search/scroll [status:200 duration:0.002s]
2025-04-10 20:08:53,273 - INFO - POST http://localhost:9200/abstract22/_search?scroll=5m [status:200 duration:0.106s]
2025-04-10 20:08:53,276 - INFO - DELETE http://localhost:9200/_search/scroll [status:200 duration:0.002s]
2025-04-10 20:08:53,290 - INFO - POST http://localhost:9200/abstract22/_search?scroll=5m [status:200 duration:0.013s]
2025-04-10 20:08:53,292 - INFO - DELETE http://localhost:9200/_search/scroll [status:200 duration:0.002s]
2025-04-10 20:08:53,324 - INFO - POST http://localhost:9200/abstract22/_search?scroll=5m [status:200 duration:0.031s]
2025-04-10 20:08:53,324 - INFO - DELETE http://localhost:9200/_search/scroll [status:200 duration:0.001s]
2025-04-10 20:08:53,363 - INFO - POST http://localhost:9200/abstract22/_search?scroll=5m [status:200 duration:0.037s]
2025-04-10 20:08:53,365 - INFO - DELETE http://localhost:9200/_search/scroll [status:200 duration:0.001s]
2025-04-10 20:08:53,378 - INFO - POST http://localhost:9200/abstract22/_search?scroll=5m [status:200 duration:0.012s]
2025-04-10 20:08:53,380 - INFO - DELETE http://localhost:9200/_search/scroll [status:200 duration:0.001s]
2025-04-10 20:08:53,392 - INFO - POST http://localhost:9200/abstract22/_search?scroll=5m [status:200 duration:0.011s]
2025-04-10 20:08:53,393 - INFO - DELETE http://localhost:9200/_search/scroll [status:200 duration:0.001s]
2025-04-10 20:08:53,408 - INFO - POST http://localhost:9200/abstract22/_search?scroll=5m [status:200 duration:0.015s]
2025-04-10 20:08:53,411 - INFO - DELETE http://localhost:9200/_search/scroll [status:200 duration:0.002s]
2025-04-10 20:08:53,443 - INFO - POST http://localhost:9200/abstract22/_search?scroll=5m [status:200 duration:0.032s]
2025-04-10 20:08:53,445 - INFO - DELETE http://localhost:9200/_search/scroll [status:200 duration:0.001s]
2025-04-10 20:08:53,460 - INFO - POST http://localhost:9200/abstract22/_search?scroll=5m [status:200 duration:0.015s]
2025-04-10 20:08:53,462 - INFO - DELETE http://localhost:9200/_search/scroll [status:200 duration:0.001s]
2025-04-10 20:08:53,538 - INFO - POST http://localhost:9200/abstract22/_search?scroll=5m [status:200 duration:0.076s]
2025-04-10 20:08:53,539 - INFO - DELETE http://localhost:9200/_search/scroll [status:200 duration:0.001s]
2025-04-10 20:08:53,574 - INFO - POST http://localhost:9200/abstract22/_search?scroll=5m [status:200 duration:0.035s]
2025-04-10 20:08:53,576 - INFO - DELETE http://localhost:9200/_search/scroll [status:200 duration:0.001s]
2025-04-10 20:08:53,626 - INFO - POST http://localhost:9200/abstract22/_search?scroll=5m [status:200 duration:0.049s]
2025-04-10 20:08:53,628 - INFO - DELETE http://localhost:9200/_search/scroll [status:200 duration:0.001s]
2025-04-10 20:08:53,664 - INFO - POST http://localhost:9200/abstract22/_search?scroll=5m [status:200 duration:0.035s]
2025-04-10 20:08:53,665 - INFO - DELETE http://localhost:9200/_search/scroll [status:200 duration:0.001s]
2025-04-10 20:08:53,683 - INFO - POST http://localhost:9200/abstract22/_search?scroll=5m [status:200 duration:0.016s]
2025-04-10 20:08:53,685 - INFO - DELETE http://localhost:9200/_search/scroll [status:200 duration:0.001s]
2025-04-10 20:08:53,754 - INFO - POST http://localhost:9200/abstract22/_search?scroll=5m [status:200 duration:0.069s]
2025-04-10 20:08:53,755 - INFO - DELETE http://localhost:9200/_search/scroll [status:200 duration:0.001s]
2025-04-10 20:08:53,816 - INFO - POST http://localhost:9200/abstract22/_search?scroll=5m [status:200 duration:0.060s]
2025-04-10 20:08:53,818 - INFO - DELETE http://localhost:9200/_search/scroll [status:200 duration:0.002s]
2025-04-10 20:08:53,831 - INFO - POST http://localhost:9200/abstract22/_search?scroll=5m [status:200 duration:0.012s]
2025-04-10 20:08:53,833 - INFO - DELETE http://localhost:9200/_search/scroll [status:200 duration:0.002s]
2025-04-10 20:08:53,862 - INFO - POST http://localhost:9200/abstract22/_search?scroll=5m [status:200 duration:0.029s]
2025-04-10 20:08:53,865 - INFO - DELETE http://localhost:9200/_search/scroll [status:200 duration:0.001s]
2025-04-10 20:08:53,895 - INFO - POST http://localhost:9200/abstract22/_search?scroll=5m [status:200 duration:0.031s]
2025-04-10 20:08:53,897 - INFO - DELETE http://localhost:9200/_search/scroll [status:200 duration:0.002s]
2025-04-10 20:08:54,030 - INFO - POST http://localhost:9200/abstract22/_search?scroll=5m [status:200 duration:0.131s]
2025-04-10 20:08:54,032 - INFO - DELETE http://localhost:9200/_search/scroll [status:200 duration:0.001s]
2025-04-10 20:08:54,081 - INFO - POST http://localhost:9200/abstract22/_search?scroll=5m [status:200 duration:0.048s]
2025-04-10 20:08:54,082 - INFO - DELETE http://localhost:9200/_search/scroll [status:200 duration:0.001s]
2025-04-10 20:08:54,104 - INFO - POST http://localhost:9200/abstract22/_search?scroll=5m [status:200 duration:0.022s]
2025-04-10 20:08:54,105 - INFO - DELETE http://localhost:9200/_search/scroll [status:200 duration:0.001s]
2025-04-10 20:08:54,123 - INFO - POST http://localhost:9200/abstract22/_search?scroll=5m [status:200 duration:0.018s]
2025-04-10 20:08:54,125 - INFO - DELETE http://localhost:9200/_search/scroll [status:200 duration:0.002s]
2025-04-10 20:08:54,150 - INFO - POST http://localhost:9200/abstract22/_search?scroll=5m [status:200 duration:0.024s]
2025-04-10 20:08:54,152 - INFO - DELETE http://localhost:9200/_search/scroll [status:200 duration:0.002s]
2025-04-10 20:08:54,199 - INFO - POST http://localhost:9200/abstract22/_search?scroll=5m [status:200 duration:0.048s]
2025-04-10 20:08:54,202 - INFO - DELETE http://localhost:9200/_search/scroll [status:200 duration:0.003s]
2025-04-10 20:08:54,222 - INFO - POST http://localhost:9200/abstract22/_search?scroll=5m [status:200 duration:0.020s]
2025-04-10 20:08:54,223 - INFO - DELETE http://localhost:9200/_search/scroll [status:200 duration:0.001s]
2025-04-10 20:08:54,264 - INFO - POST http://localhost:9200/abstract22/_search?scroll=5m [status:200 duration:0.041s]
2025-04-10 20:08:54,266 - INFO - DELETE http://localhost:9200/_search/scroll [status:200 duration:0.001s]
2025-04-10 20:08:54,298 - INFO - POST http://localhost:9200/abstract22/_search?scroll=5m [status:200 duration:0.030s]
2025-04-10 20:08:54,300 - INFO - DELETE http://localhost:9200/_search/scroll [status:200 duration:0.002s]
2025-04-10 20:08:54,397 - INFO - POST http://localhost:9200/abstract22/_search?scroll=5m [status:200 duration:0.096s]
2025-04-10 20:08:54,399 - INFO - DELETE http://localhost:9200/_search/scroll [status:200 duration:0.002s]
2025-04-10 20:08:54,409 - INFO - POST http://localhost:9200/abstract22/_search?scroll=5m [status:200 duration:0.011s]
2025-04-10 20:08:54,412 - INFO - DELETE http://localhost:9200/_search/scroll [status:200 duration:0.001s]
2025-04-10 20:08:54,419 - INFO - POST http://localhost:9200/abstract22/_search?scroll=5m [status:200 duration:0.006s]
2025-04-10 20:08:54,422 - INFO - DELETE http://localhost:9200/_search/scroll [status:200 duration:0.002s]
2025-04-10 20:08:54,433 - INFO - POST http://localhost:9200/abstract22/_search?scroll=5m [status:200 duration:0.011s]
2025-04-10 20:08:54,434 - INFO - DELETE http://localhost:9200/_search/scroll [status:200 duration:0.001s]
2025-04-10 20:08:54,771 - INFO - POST http://localhost:9200/abstract22/_search?scroll=5m [status:200 duration:0.335s]
2025-04-10 20:08:54,773 - INFO - DELETE http://localhost:9200/_search/scroll [status:200 duration:0.001s]
2025-04-10 20:08:54,792 - INFO - POST http://localhost:9200/abstract22/_search?scroll=5m [status:200 duration:0.018s]
2025-04-10 20:08:54,794 - INFO - DELETE http://localhost:9200/_search/scroll [status:200 duration:0.002s]
2025-04-10 20:08:54,815 - INFO - POST http://localhost:9200/abstract22/_search?scroll=5m [status:200 duration:0.021s]
2025-04-10 20:08:54,817 - INFO - DELETE http://localhost:9200/_search/scroll [status:200 duration:0.001s]
2025-04-10 20:08:54,827 - INFO - POST http://localhost:9200/abstract22/_search?scroll=5m [status:200 duration:0.010s]
2025-04-10 20:08:54,830 - INFO - DELETE http://localhost:9200/_search/scroll [status:200 duration:0.001s]
2025-04-10 20:08:54,897 - INFO - POST http://localhost:9200/abstract22/_search?scroll=5m [status:200 duration:0.067s]
2025-04-10 20:08:54,899 - INFO - DELETE http://localhost:9200/_search/scroll [status:200 duration:0.001s]
2025-04-10 20:08:54,916 - INFO - POST http://localhost:9200/abstract22/_search?scroll=5m [status:200 duration:0.017s]
2025-04-10 20:08:54,919 - INFO - DELETE http://localhost:9200/_search/scroll [status:200 duration:0.001s]
2025-04-10 20:08:54,949 - INFO - POST http://localhost:9200/abstract22/_search?scroll=5m [status:200 duration:0.030s]
2025-04-10 20:08:54,950 - INFO - DELETE http://localhost:9200/_search/scroll [status:200 duration:0.002s]
2025-04-10 20:08:54,975 - INFO - POST http://localhost:9200/abstract22/_search?scroll=5m [status:200 duration:0.023s]
2025-04-10 20:08:54,977 - INFO - DELETE http://localhost:9200/_search/scroll [status:200 duration:0.002s]
2025-04-10 20:08:55,017 - INFO - POST http://localhost:9200/abstract22/_search?scroll=5m [status:200 duration:0.040s]
2025-04-10 20:08:55,019 - INFO - DELETE http://localhost:9200/_search/scroll [status:200 duration:0.001s]
2025-04-10 20:08:55,033 - INFO - POST http://localhost:9200/abstract22/_search?scroll=5m [status:200 duration:0.013s]
2025-04-10 20:08:55,034 - INFO - DELETE http://localhost:9200/_search/scroll [status:200 duration:0.001s]
2025-04-10 20:08:55,099 - INFO - POST http://localhost:9200/abstract22/_search?scroll=5m [status:200 duration:0.064s]
2025-04-10 20:08:55,101 - INFO - DELETE http://localhost:9200/_search/scroll [status:200 duration:0.002s]
2025-04-10 20:08:55,266 - INFO - POST http://localhost:9200/abstract22/_search?scroll=5m [status:200 duration:0.128s]
2025-04-10 20:08:55,267 - INFO - DELETE http://localhost:9200/_search/scroll [status:200 duration:0.001s]
2025-04-10 20:08:55,279 - INFO - POST http://localhost:9200/abstract22/_search?scroll=5m [status:200 duration:0.011s]
2025-04-10 20:08:55,282 - INFO - DELETE http://localhost:9200/_search/scroll [status:200 duration:0.003s]
2025-04-10 20:08:55,307 - INFO - POST http://localhost:9200/abstract22/_search?scroll=5m [status:200 duration:0.025s]
2025-04-10 20:08:55,308 - INFO - DELETE http://localhost:9200/_search/scroll [status:200 duration:0.001s]
2025-04-10 20:08:55,319 - INFO - POST http://localhost:9200/abstract22/_search?scroll=5m [status:200 duration:0.010s]
2025-04-10 20:08:55,321 - INFO - DELETE http://localhost:9200/_search/scroll [status:200 duration:0.002s]
2025-04-10 20:08:55,331 - INFO - POST http://localhost:9200/abstract22/_search?scroll=5m [status:200 duration:0.009s]
2025-04-10 20:08:55,333 - INFO - DELETE http://localhost:9200/_search/scroll [status:200 duration:0.001s]
2025-04-10 20:08:55,345 - INFO - POST http://localhost:9200/abstract22/_search?scroll=5m [status:200 duration:0.012s]
2025-04-10 20:08:55,347 - INFO - DELETE http://localhost:9200/_search/scroll [status:200 duration:0.001s]
2025-04-10 20:08:55,358 - INFO - POST http://localhost:9200/abstract22/_search?scroll=5m [status:200 duration:0.010s]
2025-04-10 20:08:55,359 - INFO - DELETE http://localhost:9200/_search/scroll [status:200 duration:0.001s]
2025-04-10 20:08:55,369 - INFO - POST http://localhost:9200/abstract22/_search?scroll=5m [status:200 duration:0.010s]
2025-04-10 20:08:55,371 - INFO - DELETE http://localhost:9200/_search/scroll [status:200 duration:0.002s]
2025-04-10 20:08:55,382 - INFO - POST http://localhost:9200/abstract22/_search?scroll=5m [status:200 duration:0.010s]
2025-04-10 20:08:55,383 - INFO - DELETE http://localhost:9200/_search/scroll [status:200 duration:0.001s]
2025-04-10 20:08:55,393 - INFO - POST http://localhost:9200/abstract22/_search?scroll=5m [status:200 duration:0.010s]
2025-04-10 20:08:55,395 - INFO - DELETE http://localhost:9200/_search/scroll [status:200 duration:0.002s]
2025-04-10 20:08:55,405 - INFO - POST http://localhost:9200/abstract22/_search?scroll=5m [status:200 duration:0.010s]
2025-04-10 20:08:55,407 - INFO - DELETE http://localhost:9200/_search/scroll [status:200 duration:0.002s]
2025-04-10 20:08:55,419 - INFO - POST http://localhost:9200/abstract22/_search?scroll=5m [status:200 duration:0.013s]
2025-04-10 20:08:55,421 - INFO - DELETE http://localhost:9200/_search/scroll [status:200 duration:0.002s]
2025-04-10 20:08:55,459 - INFO - POST http://localhost:9200/abstract22/_search?scroll=5m [status:200 duration:0.038s]
2025-04-10 20:08:55,461 - INFO - DELETE http://localhost:9200/_search/scroll [status:200 duration:0.002s]
2025-04-10 20:08:55,472 - INFO - POST http://localhost:9200/abstract22/_search?scroll=5m [status:200 duration:0.010s]
2025-04-10 20:08:55,474 - INFO - DELETE http://localhost:9200/_search/scroll [status:200 duration:0.002s]
2025-04-10 20:08:55,482 - INFO - POST http://localhost:9200/abstract22/_search?scroll=5m [status:200 duration:0.009s]
2025-04-10 20:08:55,485 - INFO - DELETE http://localhost:9200/_search/scroll [status:200 duration:0.001s]
2025-04-10 20:08:55,495 - INFO - POST http://localhost:9200/abstract22/_search?scroll=5m [status:200 duration:0.010s]
2025-04-10 20:08:55,497 - INFO - DELETE http://localhost:9200/_search/scroll [status:200 duration:0.001s]
2025-04-10 20:08:55,507 - INFO - POST http://localhost:9200/abstract22/_search?scroll=5m [status:200 duration:0.010s]
2025-04-10 20:08:55,510 - INFO - DELETE http://localhost:9200/_search/scroll [status:200 duration:0.001s]
2025-04-10 20:08:55,519 - INFO - POST http://localhost:9200/abstract22/_search?scroll=5m [status:200 duration:0.009s]
2025-04-10 20:08:55,521 - INFO - DELETE http://localhost:9200/_search/scroll [status:200 duration:0.001s]
2025-04-10 20:08:55,551 - INFO - POST http://localhost:9200/abstract22/_search?scroll=5m [status:200 duration:0.030s]
2025-04-10 20:08:55,553 - INFO - DELETE http://localhost:9200/_search/scroll [status:200 duration:0.002s]
2025-04-10 20:08:55,562 - INFO - POST http://localhost:9200/abstract22/_search?scroll=5m [status:200 duration:0.010s]
2025-04-10 20:08:55,564 - INFO - DELETE http://localhost:9200/_search/scroll [status:200 duration:0.001s]
2025-04-10 20:08:55,572 - INFO - POST http://localhost:9200/abstract22/_search?scroll=5m [status:200 duration:0.008s]
2025-04-10 20:08:55,575 - INFO - DELETE http://localhost:9200/_search/scroll [status:200 duration:0.002s]
2025-04-10 20:08:55,583 - INFO - POST http://localhost:9200/abstract22/_search?scroll=5m [status:200 duration:0.008s]
2025-04-10 20:08:55,585 - INFO - DELETE http://localhost:9200/_search/scroll [status:200 duration:0.001s]
2025-04-10 20:08:55,591 - INFO - POST http://localhost:9200/abstract22/_search?scroll=5m [status:200 duration:0.007s]
2025-04-10 20:08:55,592 - INFO - DELETE http://localhost:9200/_search/scroll [status:200 duration:0.001s]
2025-04-10 20:08:55,602 - INFO - POST http://localhost:9200/abstract22/_search?scroll=5m [status:200 duration:0.008s]
2025-04-10 20:08:55,603 - INFO - DELETE http://localhost:9200/_search/scroll [status:200 duration:0.001s]
2025-04-10 20:08:55,611 - INFO - POST http://localhost:9200/abstract22/_search?scroll=5m [status:200 duration:0.009s]
2025-04-10 20:08:55,613 - INFO - DELETE http://localhost:9200/_search/scroll [status:200 duration:0.001s]
2025-04-10 20:08:55,622 - INFO - POST http://localhost:9200/abstract22/_search?scroll=5m [status:200 duration:0.009s]
2025-04-10 20:08:55,623 - INFO - DELETE http://localhost:9200/_search/scroll [status:200 duration:0.001s]
2025-04-10 20:08:55,631 - INFO - POST http://localhost:9200/abstract22/_search?scroll=5m [status:200 duration:0.008s]
2025-04-10 20:08:55,633 - INFO - DELETE http://localhost:9200/_search/scroll [status:200 duration:0.001s]
2025-04-10 20:08:55,643 - INFO - POST http://localhost:9200/abstract22/_search?scroll=5m [status:200 duration:0.010s]
2025-04-10 20:08:55,645 - INFO - DELETE http://localhost:9200/_search/scroll [status:200 duration:0.002s]
2025-04-10 20:08:55,649 - INFO - POST http://localhost:9200/abstract22/_search?scroll=5m [status:200 duration:0.004s]
2025-04-10 20:08:55,651 - INFO - DELETE http://localhost:9200/_search/scroll [status:200 duration:0.001s]
2025-04-10 20:08:55,655 - INFO - POST http://localhost:9200/abstract22/_search?scroll=5m [status:200 duration:0.004s]
2025-04-10 20:08:55,656 - INFO - DELETE http://localhost:9200/_search/scroll [status:200 duration:0.001s]
2025-04-10 20:08:55,662 - INFO - POST http://localhost:9200/abstract22/_search?scroll=5m [status:200 duration:0.005s]
2025-04-10 20:08:55,662 - INFO - DELETE http://localhost:9200/_search/scroll [status:200 duration:0.001s]
2025-04-10 20:08:55,668 - INFO - POST http://localhost:9200/abstract22/_search?scroll=5m [status:200 duration:0.004s]
2025-04-10 20:08:55,669 - INFO - DELETE http://localhost:9200/_search/scroll [status:200 duration:0.001s]
2025-04-10 20:08:55,673 - INFO - POST http://localhost:9200/abstract22/_search?scroll=5m [status:200 duration:0.005s]
2025-04-10 20:08:55,675 - INFO - DELETE http://localhost:9200/_search/scroll [status:200 duration:0.002s]
2025-04-10 20:08:55,679 - INFO - POST http://localhost:9200/abstract22/_search?scroll=5m [status:200 duration:0.004s]
2025-04-10 20:08:55,682 - INFO - DELETE http://localhost:9200/_search/scroll [status:200 duration:0.003s]
2025-04-10 20:08:55,687 - INFO - POST http://localhost:9200/abstract22/_search?scroll=5m [status:200 duration:0.005s]
2025-04-10 20:08:55,689 - INFO - DELETE http://localhost:9200/_search/scroll [status:200 duration:0.001s]
2025-04-10 20:08:55,695 - INFO - POST http://localhost:9200/abstract22/_search?scroll=5m [status:200 duration:0.006s]
2025-04-10 20:08:55,697 - INFO - DELETE http://localhost:9200/_search/scroll [status:200 duration:0.001s]
2025-04-10 20:08:55,703 - INFO - POST http://localhost:9200/abstract22/_search?scroll=5m [status:200 duration:0.006s]
2025-04-10 20:08:55,705 - INFO - DELETE http://localhost:9200/_search/scroll [status:200 duration:0.002s]
2025-04-10 20:08:55,711 - INFO - POST http://localhost:9200/abstract22/_search?scroll=5m [status:200 duration:0.006s]
2025-04-10 20:08:55,713 - INFO - DELETE http://localhost:9200/_search/scroll [status:200 duration:0.002s]
2025-04-10 20:08:55,717 - INFO - POST http://localhost:9200/abstract22/_search?scroll=5m [status:200 duration:0.004s]
2025-04-10 20:08:55,719 - INFO - DELETE http://localhost:9200/_search/scroll [status:200 duration:0.002s]
2025-04-10 20:08:55,724 - INFO - POST http://localhost:9200/abstract22/_search?scroll=5m [status:200 duration:0.005s]
2025-04-10 20:08:55,726 - INFO - DELETE http://localhost:9200/_search/scroll [status:200 duration:0.001s]
2025-04-10 20:08:55,732 - INFO - POST http://localhost:9200/abstract22/_search?scroll=5m [status:200 duration:0.005s]
2025-04-10 20:08:55,734 - INFO - DELETE http://localhost:9200/_search/scroll [status:200 duration:0.002s]
2025-04-10 20:08:55,739 - INFO - POST http://localhost:9200/abstract22/_search?scroll=5m [status:200 duration:0.004s]
2025-04-10 20:08:55,741 - INFO - DELETE http://localhost:9200/_search/scroll [status:200 duration:0.003s]
2025-04-10 20:08:55,745 - INFO - POST http://localhost:9200/abstract22/_search?scroll=5m [status:200 duration:0.003s]
2025-04-10 20:08:55,747 - INFO - DELETE http://localhost:9200/_search/scroll [status:200 duration:0.002s]
2025-04-10 20:08:55,753 - INFO - POST http://localhost:9200/abstract22/_search?scroll=5m [status:200 duration:0.004s]
2025-04-10 20:08:55,754 - INFO - DELETE http://localhost:9200/_search/scroll [status:200 duration:0.001s]
2025-04-10 20:08:55,760 - INFO - POST http://localhost:9200/abstract22/_search?scroll=5m [status:200 duration:0.006s]
2025-04-10 20:08:55,761 - INFO - DELETE http://localhost:9200/_search/scroll [status:200 duration:0.002s]
2025-04-10 20:08:55,766 - INFO - POST http://localhost:9200/abstract22/_search?scroll=5m [status:200 duration:0.004s]
2025-04-10 20:08:55,767 - INFO - DELETE http://localhost:9200/_search/scroll [status:200 duration:0.001s]
2025-04-10 20:08:55,773 - INFO - POST http://localhost:9200/abstract22/_search?scroll=5m [status:200 duration:0.006s]
2025-04-10 20:08:55,775 - INFO - DELETE http://localhost:9200/_search/scroll [status:200 duration:0.002s]
2025-04-10 20:08:55,779 - INFO - POST http://localhost:9200/abstract22/_search?scroll=5m [status:200 duration:0.004s]
2025-04-10 20:08:55,782 - INFO - DELETE http://localhost:9200/_search/scroll [status:200 duration:0.003s]
2025-04-10 20:08:55,785 - INFO - POST http://localhost:9200/abstract22/_search?scroll=5m [status:200 duration:0.004s]
2025-04-10 20:08:55,787 - INFO - DELETE http://localhost:9200/_search/scroll [status:200 duration:0.001s]
2025-04-10 20:08:55,792 - INFO - POST http://localhost:9200/abstract22/_search?scroll=5m [status:200 duration:0.005s]
2025-04-10 20:08:55,793 - INFO - DELETE http://localhost:9200/_search/scroll [status:200 duration:0.001s]
2025-04-10 20:08:55,797 - INFO - POST http://localhost:9200/abstract22/_search?scroll=5m [status:200 duration:0.003s]
2025-04-10 20:08:55,799 - INFO - DELETE http://localhost:9200/_search/scroll [status:200 duration:0.001s]
2025-04-10 20:08:55,803 - INFO - POST http://localhost:9200/abstract22/_search?scroll=5m [status:200 duration:0.004s]
2025-04-10 20:08:55,804 - INFO - DELETE http://localhost:9200/_search/scroll [status:200 duration:0.001s]
2025-04-10 20:08:55,808 - INFO - POST http://localhost:9200/abstract22/_search?scroll=5m [status:200 duration:0.004s]
2025-04-10 20:08:55,810 - INFO - DELETE http://localhost:9200/_search/scroll [status:200 duration:0.001s]
2025-04-10 20:08:55,814 - INFO - POST http://localhost:9200/abstract22/_search?scroll=5m [status:200 duration:0.004s]
2025-04-10 20:08:55,815 - INFO - DELETE http://localhost:9200/_search/scroll [status:200 duration:0.001s]
2025-04-10 20:08:55,819 - INFO - POST http://localhost:9200/abstract22/_search?scroll=5m [status:200 duration:0.003s]
2025-04-10 20:08:55,821 - INFO - DELETE http://localhost:9200/_search/scroll [status:200 duration:0.002s]
2025-04-10 20:08:55,825 - INFO - POST http://localhost:9200/abstract22/_search?scroll=5m [status:200 duration:0.005s]
2025-04-10 20:08:55,826 - INFO - DELETE http://localhost:9200/_search/scroll [status:200 duration:0.001s]
2025-04-10 20:08:55,891 - INFO - POST http://localhost:9200/abstract22/_search?scroll=5m [status:200 duration:0.025s]
2025-04-10 20:08:55,893 - INFO - DELETE http://localhost:9200/_search/scroll [status:200 duration:0.002s]
2025-04-10 20:08:55,957 - INFO - POST http://localhost:9200/abstract22/_search?scroll=5m [status:200 duration:0.064s]
2025-04-10 20:08:55,960 - INFO - DELETE http://localhost:9200/_search/scroll [status:200 duration:0.003s]
2025-04-10 20:08:56,009 - INFO - POST http://localhost:9200/abstract22/_search?scroll=5m [status:200 duration:0.014s]
2025-04-10 20:08:56,014 - INFO - DELETE http://localhost:9200/_search/scroll [status:200 duration:0.004s]
2025-04-10 20:08:56,029 - INFO - POST http://localhost:9200/abstract22/_search?scroll=5m [status:200 duration:0.015s]
2025-04-10 20:08:56,031 - INFO - DELETE http://localhost:9200/_search/scroll [status:200 duration:0.002s]
2025-04-10 20:08:56,037 - INFO - POST http://localhost:9200/abstract22/_search?scroll=5m [status:200 duration:0.006s]
2025-04-10 20:08:56,039 - INFO - DELETE http://localhost:9200/_search/scroll [status:200 duration:0.001s]
2025-04-10 20:08:56,060 - INFO - POST http://localhost:9200/abstract22/_search?scroll=5m [status:200 duration:0.021s]
2025-04-10 20:08:56,061 - INFO - DELETE http://localhost:9200/_search/scroll [status:200 duration:0.002s]
2025-04-10 20:08:56,068 - INFO - POST http://localhost:9200/abstract22/_search?scroll=5m [status:200 duration:0.006s]
2025-04-10 20:08:56,069 - INFO - DELETE http://localhost:9200/_search/scroll [status:200 duration:0.001s]
2025-04-10 20:08:56,107 - INFO - POST http://localhost:9200/abstract22/_search?scroll=5m [status:200 duration:0.007s]
2025-04-10 20:08:56,110 - INFO - DELETE http://localhost:9200/_search/scroll [status:200 duration:0.001s]
2025-04-10 20:08:56,116 - INFO - POST http://localhost:9200/abstract22/_search?scroll=5m [status:200 duration:0.006s]
2025-04-10 20:08:56,117 - INFO - DELETE http://localhost:9200/_search/scroll [status:200 duration:0.001s]
2025-04-10 20:08:56,126 - INFO - POST http://localhost:9200/abstract22/_search?scroll=5m [status:200 duration:0.007s]
2025-04-10 20:08:56,127 - INFO - DELETE http://localhost:9200/_search/scroll [status:200 duration:0.001s]
2025-04-10 20:08:56,136 - INFO - POST http://localhost:9200/abstract22/_search?scroll=5m [status:200 duration:0.009s]
2025-04-10 20:08:56,138 - INFO - DELETE http://localhost:9200/_search/scroll [status:200 duration:0.002s]
2025-04-10 20:08:56,142 - INFO - POST http://localhost:9200/abstract22/_search?scroll=5m [status:200 duration:0.004s]
2025-04-10 20:08:56,144 - INFO - DELETE http://localhost:9200/_search/scroll [status:200 duration:0.001s]
2025-04-10 20:08:56,149 - INFO - POST http://localhost:9200/abstract22/_search?scroll=5m [status:200 duration:0.005s]
2025-04-10 20:08:56,152 - INFO - DELETE http://localhost:9200/_search/scroll [status:200 duration:0.003s]
2025-04-10 20:08:56,157 - INFO - POST http://localhost:9200/abstract22/_search?scroll=5m [status:200 duration:0.004s]
2025-04-10 20:08:56,159 - INFO - DELETE http://localhost:9200/_search/scroll [status:200 duration:0.002s]
2025-04-10 20:08:56,163 - INFO - POST http://localhost:9200/abstract22/_search?scroll=5m [status:200 duration:0.005s]
2025-04-10 20:08:56,166 - INFO - DELETE http://localhost:9200/_search/scroll [status:200 duration:0.002s]
2025-04-10 20:08:56,184 - INFO - POST http://localhost:9200/abstract22/_search?scroll=5m [status:200 duration:0.018s]
2025-04-10 20:08:56,185 - INFO - DELETE http://localhost:9200/_search/scroll [status:200 duration:0.001s]
2025-04-10 20:08:56,194 - INFO - POST http://localhost:9200/abstract22/_search?scroll=5m [status:200 duration:0.009s]
2025-04-10 20:08:56,195 - INFO - DELETE http://localhost:9200/_search/scroll [status:200 duration:0.001s]
2025-04-10 20:08:56,201 - INFO - POST http://localhost:9200/abstract22/_search?scroll=5m [status:200 duration:0.005s]
2025-04-10 20:08:56,203 - INFO - DELETE http://localhost:9200/_search/scroll [status:200 duration:0.001s]
2025-04-10 20:08:56,208 - INFO - POST http://localhost:9200/abstract22/_search?scroll=5m [status:200 duration:0.005s]
2025-04-10 20:08:56,210 - INFO - DELETE http://localhost:9200/_search/scroll [status:200 duration:0.001s]
2025-04-10 20:08:56,219 - INFO - POST http://localhost:9200/abstract22/_search?scroll=5m [status:200 duration:0.009s]
2025-04-10 20:08:56,220 - INFO - DELETE http://localhost:9200/_search/scroll [status:200 duration:0.002s]
2025-04-10 20:08:56,225 - INFO - POST http://localhost:9200/abstract22/_search?scroll=5m [status:200 duration:0.005s]
2025-04-10 20:08:56,226 - INFO - DELETE http://localhost:9200/_search/scroll [status:200 duration:0.001s]
2025-04-10 20:08:56,232 - INFO - POST http://localhost:9200/abstract22/_search?scroll=5m [status:200 duration:0.005s]
2025-04-10 20:08:56,233 - INFO - DELETE http://localhost:9200/_search/scroll [status:200 duration:0.001s]
2025-04-10 20:08:56,242 - INFO - POST http://localhost:9200/abstract22/_search?scroll=5m [status:200 duration:0.009s]
2025-04-10 20:08:56,243 - INFO - DELETE http://localhost:9200/_search/scroll [status:200 duration:0.002s]
2025-04-10 20:08:56,256 - INFO - POST http://localhost:9200/abstract22/_search?scroll=5m [status:200 duration:0.013s]
2025-04-10 20:08:56,257 - INFO - DELETE http://localhost:9200/_search/scroll [status:200 duration:0.001s]
2025-04-10 20:08:56,275 - INFO - POST http://localhost:9200/abstract22/_search?scroll=5m [status:200 duration:0.018s]
2025-04-10 20:08:56,276 - INFO - DELETE http://localhost:9200/_search/scroll [status:200 duration:0.001s]
2025-04-10 20:08:56,283 - INFO - POST http://localhost:9200/abstract22/_search?scroll=5m [status:200 duration:0.007s]
2025-04-10 20:08:56,284 - INFO - DELETE http://localhost:9200/_search/scroll [status:200 duration:0.001s]
2025-04-10 20:08:56,290 - INFO - POST http://localhost:9200/abstract22/_search?scroll=5m [status:200 duration:0.006s]
2025-04-10 20:08:56,292 - INFO - DELETE http://localhost:9200/_search/scroll [status:200 duration:0.001s]
2025-04-10 20:08:56,299 - INFO - POST http://localhost:9200/abstract22/_search?scroll=5m [status:200 duration:0.007s]
2025-04-10 20:08:56,301 - INFO - DELETE http://localhost:9200/_search/scroll [status:200 duration:0.001s]
2025-04-10 20:08:56,311 - INFO - POST http://localhost:9200/abstract22/_search?scroll=5m [status:200 duration:0.010s]
2025-04-10 20:08:56,312 - INFO - DELETE http://localhost:9200/_search/scroll [status:200 duration:0.001s]
2025-04-10 20:08:56,321 - INFO - POST http://localhost:9200/abstract22/_search?scroll=5m [status:200 duration:0.008s]
2025-04-10 20:08:56,323 - INFO - DELETE http://localhost:9200/_search/scroll [status:200 duration:0.001s]
2025-04-10 20:08:56,353 - INFO - POST http://localhost:9200/abstract22/_search?scroll=5m [status:200 duration:0.030s]
2025-04-10 20:08:56,354 - INFO - DELETE http://localhost:9200/_search/scroll [status:200 duration:0.001s]
2025-04-10 20:08:56,361 - INFO - POST http://localhost:9200/abstract22/_search?scroll=5m [status:200 duration:0.006s]
2025-04-10 20:08:56,363 - INFO - DELETE http://localhost:9200/_search/scroll [status:200 duration:0.001s]
2025-04-10 20:08:56,376 - INFO - POST http://localhost:9200/abstract22/_search?scroll=5m [status:200 duration:0.013s]
2025-04-10 20:08:56,379 - INFO - DELETE http://localhost:9200/_search/scroll [status:200 duration:0.002s]
2025-04-10 20:08:56,393 - INFO - POST http://localhost:9200/abstract22/_search?scroll=5m [status:200 duration:0.015s]
2025-04-10 20:08:56,395 - INFO - DELETE http://localhost:9200/_search/scroll [status:200 duration:0.001s]
2025-04-10 20:08:56,406 - INFO - POST http://localhost:9200/abstract22/_search?scroll=5m [status:200 duration:0.010s]
2025-04-10 20:08:56,407 - INFO - DELETE http://localhost:9200/_search/scroll [status:200 duration:0.001s]
2025-04-10 20:08:56,426 - INFO - POST http://localhost:9200/abstract22/_search?scroll=5m [status:200 duration:0.017s]
2025-04-10 20:08:56,428 - INFO - DELETE http://localhost:9200/_search/scroll [status:200 duration:0.002s]
2025-04-10 20:08:56,456 - INFO - POST http://localhost:9200/abstract22/_search?scroll=5m [status:200 duration:0.029s]
2025-04-10 20:08:56,458 - INFO - DELETE http://localhost:9200/_search/scroll [status:200 duration:0.001s]
2025-04-10 20:08:56,467 - INFO - POST http://localhost:9200/abstract22/_search?scroll=5m [status:200 duration:0.008s]
2025-04-10 20:08:56,468 - INFO - DELETE http://localhost:9200/_search/scroll [status:200 duration:0.001s]
2025-04-10 20:08:56,476 - INFO - POST http://localhost:9200/abstract22/_search?scroll=5m [status:200 duration:0.008s]
2025-04-10 20:08:56,477 - INFO - DELETE http://localhost:9200/_search/scroll [status:200 duration:0.001s]
2025-04-10 20:08:56,486 - INFO - POST http://localhost:9200/abstract22/_search?scroll=5m [status:200 duration:0.008s]
2025-04-10 20:08:56,487 - INFO - DELETE http://localhost:9200/_search/scroll [status:200 duration:0.001s]
2025-04-10 20:08:56,493 - INFO - POST http://localhost:9200/abstract22/_search?scroll=5m [status:200 duration:0.006s]
2025-04-10 20:08:56,494 - INFO - DELETE http://localhost:9200/_search/scroll [status:200 duration:0.001s]
2025-04-10 20:08:56,502 - INFO - POST http://localhost:9200/abstract22/_search?scroll=5m [status:200 duration:0.008s]
2025-04-10 20:08:56,504 - INFO - DELETE http://localhost:9200/_search/scroll [status:200 duration:0.002s]
2025-04-10 20:08:56,512 - INFO - POST http://localhost:9200/abstract22/_search?scroll=5m [status:200 duration:0.007s]
2025-04-10 20:08:56,514 - INFO - DELETE http://localhost:9200/_search/scroll [status:200 duration:0.001s]
2025-04-10 20:08:56,522 - INFO - POST http://localhost:9200/abstract22/_search?scroll=5m [status:200 duration:0.009s]
2025-04-10 20:08:56,524 - INFO - DELETE http://localhost:9200/_search/scroll [status:200 duration:0.001s]
2025-04-10 20:08:56,533 - INFO - POST http://localhost:9200/abstract22/_search?scroll=5m [status:200 duration:0.008s]
2025-04-10 20:08:56,535 - INFO - DELETE http://localhost:9200/_search/scroll [status:200 duration:0.001s]
2025-04-10 20:08:56,544 - INFO - POST http://localhost:9200/abstract22/_search?scroll=5m [status:200 duration:0.009s]
2025-04-10 20:08:56,546 - INFO - DELETE http://localhost:9200/_search/scroll [status:200 duration:0.001s]
2025-04-10 20:08:56,554 - INFO - POST http://localhost:9200/abstract22/_search?scroll=5m [status:200 duration:0.008s]
2025-04-10 20:08:56,557 - INFO - DELETE http://localhost:9200/_search/scroll [status:200 duration:0.002s]
2025-04-10 20:08:56,565 - INFO - POST http://localhost:9200/abstract22/_search?scroll=5m [status:200 duration:0.008s]
2025-04-10 20:08:56,567 - INFO - DELETE http://localhost:9200/_search/scroll [status:200 duration:0.001s]
2025-04-10 20:08:56,576 - INFO - POST http://localhost:9200/abstract22/_search?scroll=5m [status:200 duration:0.008s]
2025-04-10 20:08:56,577 - INFO - DELETE http://localhost:9200/_search/scroll [status:200 duration:0.001s]
2025-04-10 20:08:56,586 - INFO - POST http://localhost:9200/abstract22/_search?scroll=5m [status:200 duration:0.008s]
2025-04-10 20:08:56,587 - INFO - DELETE http://localhost:9200/_search/scroll [status:200 duration:0.001s]
2025-04-10 20:08:56,595 - INFO - POST http://localhost:9200/abstract22/_search?scroll=5m [status:200 duration:0.008s]
2025-04-10 20:08:56,596 - INFO - DELETE http://localhost:9200/_search/scroll [status:200 duration:0.001s]
2025-04-10 20:08:56,603 - INFO - POST http://localhost:9200/abstract22/_search?scroll=5m [status:200 duration:0.006s]
2025-04-10 20:08:56,606 - INFO - DELETE http://localhost:9200/_search/scroll [status:200 duration:0.002s]
2025-04-10 20:08:56,615 - INFO - POST http://localhost:9200/abstract22/_search?scroll=5m [status:200 duration:0.009s]
2025-04-10 20:08:56,617 - INFO - DELETE http://localhost:9200/_search/scroll [status:200 duration:0.001s]
2025-04-10 20:08:56,679 - INFO - POST http://localhost:9200/abstract22/_search?scroll=5m [status:200 duration:0.029s]
2025-04-10 20:08:56,682 - INFO - DELETE http://localhost:9200/_search/scroll [status:200 duration:0.001s]
2025-04-10 20:08:56,691 - INFO - POST http://localhost:9200/abstract22/_search?scroll=5m [status:200 duration:0.009s]
2025-04-10 20:08:56,692 - INFO - DELETE http://localhost:9200/_search/scroll [status:200 duration:0.001s]
2025-04-10 20:08:56,729 - INFO - POST http://localhost:9200/abstract22/_search?scroll=5m [status:200 duration:0.036s]
2025-04-10 20:08:56,731 - INFO - DELETE http://localhost:9200/_search/scroll [status:200 duration:0.002s]
2025-04-10 20:08:56,740 - INFO - POST http://localhost:9200/abstract22/_search?scroll=5m [status:200 duration:0.008s]
2025-04-10 20:08:56,742 - INFO - DELETE http://localhost:9200/_search/scroll [status:200 duration:0.002s]
2025-04-10 20:08:56,785 - INFO - POST http://localhost:9200/abstract22/_search?scroll=5m [status:200 duration:0.008s]
2025-04-10 20:08:56,787 - INFO - DELETE http://localhost:9200/_search/scroll [status:200 duration:0.001s]
2025-04-10 20:08:56,811 - INFO - POST http://localhost:9200/abstract22/_search?scroll=5m [status:200 duration:0.024s]
2025-04-10 20:08:56,812 - INFO - DELETE http://localhost:9200/_search/scroll [status:200 duration:0.001s]
2025-04-10 20:08:56,852 - INFO - POST http://localhost:9200/abstract22/_search?scroll=5m [status:200 duration:0.007s]
2025-04-10 20:08:56,853 - INFO - DELETE http://localhost:9200/_search/scroll [status:200 duration:0.001s]
2025-04-10 20:08:56,861 - INFO - POST http://localhost:9200/abstract22/_search?scroll=5m [status:200 duration:0.008s]
2025-04-10 20:08:56,862 - INFO - DELETE http://localhost:9200/_search/scroll [status:200 duration:0.002s]
2025-04-10 20:08:56,868 - INFO - POST http://localhost:9200/abstract22/_search?scroll=5m [status:200 duration:0.005s]
2025-04-10 20:08:56,869 - INFO - DELETE http://localhost:9200/_search/scroll [status:200 duration:0.001s]
2025-04-10 20:08:56,878 - INFO - POST http://localhost:9200/abstract22/_search?scroll=5m [status:200 duration:0.009s]
2025-04-10 20:08:56,879 - INFO - DELETE http://localhost:9200/_search/scroll [status:200 duration:0.001s]
2025-04-10 20:08:56,914 - INFO - POST http://localhost:9200/abstract22/_search?scroll=5m [status:200 duration:0.004s]
2025-04-10 20:08:56,915 - INFO - DELETE http://localhost:9200/_search/scroll [status:200 duration:0.001s]
2025-04-10 20:08:56,920 - INFO - POST http://localhost:9200/abstract22/_search?scroll=5m [status:200 duration:0.005s]
2025-04-10 20:08:56,921 - INFO - DELETE http://localhost:9200/_search/scroll [status:200 duration:0.002s]
2025-04-10 20:08:56,961 - INFO - POST http://localhost:9200/abstract22/_search?scroll=5m [status:200 duration:0.002s]
2025-04-10 20:08:56,962 - INFO - DELETE http://localhost:9200/_search/scroll [status:200 duration:0.001s]
2025-04-10 20:08:57,095 - INFO - POST http://localhost:9200/abstract22/_search?scroll=5m [status:200 duration:0.133s]
2025-04-10 20:08:57,096 - INFO - DELETE http://localhost:9200/_search/scroll [status:200 duration:0.001s]
2025-04-10 20:08:57,107 - INFO - POST http://localhost:9200/abstract22/_search?scroll=5m [status:200 duration:0.011s]
2025-04-10 20:08:57,109 - INFO - DELETE http://localhost:9200/_search/scroll [status:200 duration:0.002s]
2025-04-10 20:08:57,135 - INFO - POST http://localhost:9200/abstract22/_search?scroll=5m [status:200 duration:0.026s]
2025-04-10 20:08:57,136 - INFO - DELETE http://localhost:9200/_search/scroll [status:200 duration:0.001s]
2025-04-10 20:08:57,144 - INFO - POST http://localhost:9200/abstract22/_search?scroll=5m [status:200 duration:0.007s]
2025-04-10 20:08:57,145 - INFO - DELETE http://localhost:9200/_search/scroll [status:200 duration:0.001s]
2025-04-10 20:08:57,150 - INFO - POST http://localhost:9200/abstract22/_search?scroll=5m [status:200 duration:0.003s]
2025-04-10 20:08:57,151 - INFO - DELETE http://localhost:9200/_search/scroll [status:200 duration:0.001s]
2025-04-10 20:08:57,158 - INFO - POST http://localhost:9200/abstract22/_search?scroll=5m [status:200 duration:0.007s]
2025-04-10 20:08:57,159 - INFO - DELETE http://localhost:9200/_search/scroll [status:200 duration:0.001s]
2025-04-10 20:08:57,199 - INFO - POST http://localhost:9200/abstract22/_search?scroll=5m [status:200 duration:0.008s]
2025-04-10 20:08:57,201 - INFO - DELETE http://localhost:9200/_search/scroll [status:200 duration:0.002s]
2025-04-10 20:08:57,208 - INFO - POST http://localhost:9200/abstract22/_search?scroll=5m [status:200 duration:0.007s]
2025-04-10 20:08:57,209 - INFO - DELETE http://localhost:9200/_search/scroll [status:200 duration:0.000s]
2025-04-10 20:08:57,219 - INFO - POST http://localhost:9200/abstract22/_search?scroll=5m [status:200 duration:0.008s]
2025-04-10 20:08:57,220 - INFO - DELETE http://localhost:9200/_search/scroll [status:200 duration:0.001s]
2025-04-10 20:08:57,229 - INFO - POST http://localhost:9200/abstract22/_search?scroll=5m [status:200 duration:0.007s]
2025-04-10 20:08:57,230 - INFO - DELETE http://localhost:9200/_search/scroll [status:200 duration:0.001s]
2025-04-10 20:08:57,238 - INFO - POST http://localhost:9200/abstract22/_search?scroll=5m [status:200 duration:0.008s]
2025-04-10 20:08:57,240 - INFO - DELETE http://localhost:9200/_search/scroll [status:200 duration:0.001s]
2025-04-10 20:08:57,248 - INFO - POST http://localhost:9200/abstract22/_search?scroll=5m [status:200 duration:0.008s]
2025-04-10 20:08:57,250 - INFO - DELETE http://localhost:9200/_search/scroll [status:200 duration:0.001s]
2025-04-10 20:08:57,293 - INFO - POST http://localhost:9200/abstract22/_search?scroll=5m [status:200 duration:0.010s]
2025-04-10 20:08:57,294 - INFO - DELETE http://localhost:9200/_search/scroll [status:200 duration:0.001s]
2025-04-10 20:08:57,303 - INFO - POST http://localhost:9200/abstract22/_search?scroll=5m [status:200 duration:0.008s]
2025-04-10 20:08:57,305 - INFO - DELETE http://localhost:9200/_search/scroll [status:200 duration:0.001s]
2025-04-10 20:08:57,350 - INFO - POST http://localhost:9200/abstract22/_search?scroll=5m [status:200 duration:0.014s]
2025-04-10 20:08:57,352 - INFO - DELETE http://localhost:9200/_search/scroll [status:200 duration:0.001s]
2025-04-10 20:08:57,363 - INFO - POST http://localhost:9200/abstract22/_search?scroll=5m [status:200 duration:0.010s]
2025-04-10 20:08:57,365 - INFO - DELETE http://localhost:9200/_search/scroll [status:200 duration:0.002s]
2025-04-10 20:08:57,408 - INFO - POST http://localhost:9200/abstract22/_search?scroll=5m [status:200 duration:0.009s]
2025-04-10 20:08:57,409 - INFO - DELETE http://localhost:9200/_search/scroll [status:200 duration:0.001s]
2025-04-10 20:08:57,417 - INFO - POST http://localhost:9200/abstract22/_search?scroll=5m [status:200 duration:0.008s]
2025-04-10 20:08:57,418 - INFO - DELETE http://localhost:9200/_search/scroll [status:200 duration:0.001s]
2025-04-10 20:08:57,429 - INFO - POST http://localhost:9200/abstract22/_search?scroll=5m [status:200 duration:0.011s]
2025-04-10 20:08:57,431 - INFO - DELETE http://localhost:9200/_search/scroll [status:200 duration:0.002s]
2025-04-10 20:08:57,439 - INFO - POST http://localhost:9200/abstract22/_search?scroll=5m [status:200 duration:0.008s]
2025-04-10 20:08:57,441 - INFO - DELETE http://localhost:9200/_search/scroll [status:200 duration:0.002s]
2025-04-10 20:08:57,449 - INFO - POST http://localhost:9200/abstract22/_search?scroll=5m [status:200 duration:0.007s]
2025-04-10 20:08:57,450 - INFO - DELETE http://localhost:9200/_search/scroll [status:200 duration:0.002s]
2025-04-10 20:08:57,457 - INFO - POST http://localhost:9200/abstract22/_search?scroll=5m [status:200 duration:0.007s]
2025-04-10 20:08:57,458 - INFO - DELETE http://localhost:9200/_search/scroll [status:200 duration:0.001s]
2025-04-10 20:08:57,465 - INFO - POST http://localhost:9200/abstract22/_search?scroll=5m [status:200 duration:0.006s]
2025-04-10 20:08:57,467 - INFO - DELETE http://localhost:9200/_search/scroll [status:200 duration:0.001s]
2025-04-10 20:08:57,478 - INFO - POST http://localhost:9200/abstract22/_search?scroll=5m [status:200 duration:0.011s]
2025-04-10 20:08:57,480 - INFO - DELETE http://localhost:9200/_search/scroll [status:200 duration:0.001s]
2025-04-10 20:08:57,487 - INFO - POST http://localhost:9200/abstract22/_search?scroll=5m [status:200 duration:0.007s]
2025-04-10 20:08:57,489 - INFO - DELETE http://localhost:9200/_search/scroll [status:200 duration:0.002s]
2025-04-10 20:08:57,505 - INFO - POST http://localhost:9200/abstract22/_search?scroll=5m [status:200 duration:0.015s]
2025-04-10 20:08:57,506 - INFO - DELETE http://localhost:9200/_search/scroll [status:200 duration:0.001s]
2025-04-10 20:08:57,511 - INFO - POST http://localhost:9200/abstract22/_search?scroll=5m [status:200 duration:0.004s]
2025-04-10 20:08:57,513 - INFO - DELETE http://localhost:9200/_search/scroll [status:200 duration:0.001s]
2025-04-10 20:08:57,527 - INFO - POST http://localhost:9200/abstract22/_search?scroll=5m [status:200 duration:0.014s]
2025-04-10 20:08:57,529 - INFO - DELETE http://localhost:9200/_search/scroll [status:200 duration:0.001s]
2025-04-10 20:08:57,536 - INFO - POST http://localhost:9200/abstract22/_search?scroll=5m [status:200 duration:0.007s]
2025-04-10 20:08:57,537 - INFO - DELETE http://localhost:9200/_search/scroll [status:200 duration:0.001s]
2025-04-10 20:08:57,546 - INFO - POST http://localhost:9200/abstract22/_search?scroll=5m [status:200 duration:0.008s]
2025-04-10 20:08:57,547 - INFO - DELETE http://localhost:9200/_search/scroll [status:200 duration:0.001s]
2025-04-10 20:08:57,555 - INFO - POST http://localhost:9200/abstract22/_search?scroll=5m [status:200 duration:0.009s]
2025-04-10 20:08:57,558 - INFO - DELETE http://localhost:9200/_search/scroll [status:200 duration:0.001s]
2025-04-10 20:08:57,565 - INFO - POST http://localhost:9200/abstract22/_search?scroll=5m [status:200 duration:0.008s]
2025-04-10 20:08:57,567 - INFO - DELETE http://localhost:9200/_search/scroll [status:200 duration:0.001s]
2025-04-10 20:08:57,575 - INFO - POST http://localhost:9200/abstract22/_search?scroll=5m [status:200 duration:0.007s]
2025-04-10 20:08:57,576 - INFO - DELETE http://localhost:9200/_search/scroll [status:200 duration:0.001s]
2025-04-10 20:08:57,579 - INFO - POST http://localhost:9200/abstract22/_search?scroll=5m [status:200 duration:0.003s]
2025-04-10 20:08:57,581 - INFO - DELETE http://localhost:9200/_search/scroll [status:200 duration:0.002s]
2025-04-10 20:08:57,589 - INFO - POST http://localhost:9200/abstract22/_search?scroll=5m [status:200 duration:0.008s]
2025-04-10 20:08:57,590 - INFO - DELETE http://localhost:9200/_search/scroll [status:200 duration:0.001s]
2025-04-10 20:08:57,593 - INFO - POST http://localhost:9200/abstract22/_search?scroll=5m [status:200 duration:0.002s]
2025-04-10 20:08:57,595 - INFO - DELETE http://localhost:9200/_search/scroll [status:200 duration:0.001s]
2025-04-10 20:08:57,601 - INFO - POST http://localhost:9200/abstract22/_search?scroll=5m [status:200 duration:0.006s]
2025-04-10 20:08:57,602 - INFO - DELETE http://localhost:9200/_search/scroll [status:200 duration:0.001s]
2025-04-10 20:08:57,607 - INFO - POST http://localhost:9200/abstract22/_search?scroll=5m [status:200 duration:0.006s]
2025-04-10 20:08:57,608 - INFO - DELETE http://localhost:9200/_search/scroll [status:200 duration:0.001s]
2025-04-10 20:08:57,650 - INFO - POST http://localhost:9200/abstract22/_search?scroll=5m [status:200 duration:0.006s]
2025-04-10 20:08:57,651 - INFO - DELETE http://localhost:9200/_search/scroll [status:200 duration:0.002s]
2025-04-10 20:08:57,657 - INFO - POST http://localhost:9200/abstract22/_search?scroll=5m [status:200 duration:0.006s]
2025-04-10 20:08:57,660 - INFO - DELETE http://localhost:9200/_search/scroll [status:200 duration:0.001s]
2025-04-10 20:08:57,704 - INFO - POST http://localhost:9200/abstract22/_search?scroll=5m [status:200 duration:0.008s]
2025-04-10 20:08:57,706 - INFO - DELETE http://localhost:9200/_search/scroll [status:200 duration:0.001s]
2025-04-10 20:08:57,730 - INFO - POST http://localhost:9200/abstract22/_search?scroll=5m [status:200 duration:0.023s]
2025-04-10 20:08:57,731 - INFO - DELETE http://localhost:9200/_search/scroll [status:200 duration:0.001s]
2025-04-10 20:08:57,744 - INFO - POST http://localhost:9200/abstract22/_search?scroll=5m [status:200 duration:0.013s]
2025-04-10 20:08:57,745 - INFO - DELETE http://localhost:9200/_search/scroll [status:200 duration:0.001s]
2025-04-10 20:08:57,766 - INFO - POST http://localhost:9200/abstract22/_search?scroll=5m [status:200 duration:0.020s]
2025-04-10 20:08:57,768 - INFO - DELETE http://localhost:9200/_search/scroll [status:200 duration:0.001s]
2025-04-10 20:08:57,774 - INFO - POST http://localhost:9200/abstract22/_search?scroll=5m [status:200 duration:0.006s]
2025-04-10 20:08:57,776 - INFO - DELETE http://localhost:9200/_search/scroll [status:200 duration:0.001s]
2025-04-10 20:08:57,816 - INFO - POST http://localhost:9200/abstract22/_search?scroll=5m [status:200 duration:0.007s]
2025-04-10 20:08:57,818 - INFO - DELETE http://localhost:9200/_search/scroll [status:200 duration:0.001s]
2025-04-10 20:08:57,823 - INFO - POST http://localhost:9200/abstract22/_search?scroll=5m [status:200 duration:0.006s]
2025-04-10 20:08:57,825 - INFO - DELETE http://localhost:9200/_search/scroll [status:200 duration:0.002s]
2025-04-10 20:08:57,878 - INFO - POST http://localhost:9200/abstract22/_search?scroll=5m [status:200 duration:0.017s]
2025-04-10 20:08:57,880 - INFO - DELETE http://localhost:9200/_search/scroll [status:200 duration:0.002s]
2025-04-10 20:08:57,938 - INFO - POST http://localhost:9200/abstract22/_search?scroll=5m [status:200 duration:0.058s]
2025-04-10 20:08:57,942 - INFO - DELETE http://localhost:9200/_search/scroll [status:200 duration:0.003s]
2025-04-10 20:08:57,957 - INFO - POST http://localhost:9200/abstract22/_search?scroll=5m [status:200 duration:0.015s]
2025-04-10 20:08:57,959 - INFO - DELETE http://localhost:9200/_search/scroll [status:200 duration:0.002s]
2025-04-10 20:08:58,005 - INFO - POST http://localhost:9200/abstract22/_search?scroll=5m [status:200 duration:0.045s]
2025-04-10 20:08:58,006 - INFO - DELETE http://localhost:9200/_search/scroll [status:200 duration:0.001s]
2025-04-10 20:08:58,022 - INFO - POST http://localhost:9200/abstract22/_search?scroll=5m [status:200 duration:0.015s]
2025-04-10 20:08:58,024 - INFO - DELETE http://localhost:9200/_search/scroll [status:200 duration:0.001s]
2025-04-10 20:08:58,057 - INFO - POST http://localhost:9200/abstract22/_search?scroll=5m [status:200 duration:0.033s]
2025-04-10 20:08:58,058 - INFO - DELETE http://localhost:9200/_search/scroll [status:200 duration:0.001s]
2025-04-10 20:08:58,068 - INFO - POST http://localhost:9200/abstract22/_search?scroll=5m [status:200 duration:0.010s]
2025-04-10 20:08:58,069 - INFO - DELETE http://localhost:9200/_search/scroll [status:200 duration:0.001s]
2025-04-10 20:08:58,148 - INFO - POST http://localhost:9200/abstract22/_search?scroll=5m [status:200 duration:0.077s]
2025-04-10 20:08:58,150 - INFO - DELETE http://localhost:9200/_search/scroll [status:200 duration:0.001s]
2025-04-10 20:08:58,222 - INFO - POST http://localhost:9200/abstract22/_search?scroll=5m [status:200 duration:0.073s]
2025-04-10 20:08:58,223 - INFO - DELETE http://localhost:9200/_search/scroll [status:200 duration:0.001s]
2025-04-10 20:08:58,323 - INFO - POST http://localhost:9200/abstract22/_search?scroll=5m [status:200 duration:0.098s]
2025-04-10 20:08:58,325 - INFO - DELETE http://localhost:9200/_search/scroll [status:200 duration:0.001s]
2025-04-10 20:08:58,423 - INFO - POST http://localhost:9200/abstract22/_search?scroll=5m [status:200 duration:0.097s]
2025-04-10 20:08:58,424 - INFO - DELETE http://localhost:9200/_search/scroll [status:200 duration:0.001s]
2025-04-10 20:08:58,528 - INFO - POST http://localhost:9200/abstract22/_search?scroll=5m [status:200 duration:0.105s]
2025-04-10 20:08:58,531 - INFO - DELETE http://localhost:9200/_search/scroll [status:200 duration:0.001s]
2025-04-10 20:08:58,568 - INFO - POST http://localhost:9200/abstract22/_search?scroll=5m [status:200 duration:0.005s]
2025-04-10 20:08:58,569 - INFO - DELETE http://localhost:9200/_search/scroll [status:200 duration:0.001s]
2025-04-10 20:08:58,589 - INFO - POST http://localhost:9200/abstract22/_search?scroll=5m [status:200 duration:0.020s]
2025-04-10 20:08:58,590 - INFO - DELETE http://localhost:9200/_search/scroll [status:200 duration:0.001s]
2025-04-10 20:08:58,596 - INFO - POST http://localhost:9200/abstract22/_search?scroll=5m [status:200 duration:0.006s]
2025-04-10 20:08:58,598 - INFO - DELETE http://localhost:9200/_search/scroll [status:200 duration:0.001s]
2025-04-10 20:08:58,641 - INFO - POST http://localhost:9200/abstract22/_search?scroll=5m [status:200 duration:0.008s]
2025-04-10 20:08:58,642 - INFO - DELETE http://localhost:9200/_search/scroll [status:200 duration:0.002s]
2025-04-10 20:08:58,650 - INFO - POST http://localhost:9200/abstract22/_search?scroll=5m [status:200 duration:0.007s]
2025-04-10 20:08:58,651 - INFO - DELETE http://localhost:9200/_search/scroll [status:200 duration:0.001s]
2025-04-10 20:08:58,689 - INFO - POST http://localhost:9200/abstract22/_search?scroll=5m [status:200 duration:0.004s]
2025-04-10 20:08:58,692 - INFO - DELETE http://localhost:9200/_search/scroll [status:200 duration:0.003s]
2025-04-10 20:08:58,698 - INFO - POST http://localhost:9200/abstract22/_search?scroll=5m [status:200 duration:0.006s]
2025-04-10 20:08:58,701 - INFO - DELETE http://localhost:9200/_search/scroll [status:200 duration:0.001s]
2025-04-10 20:08:58,744 - INFO - POST http://localhost:9200/abstract22/_search?scroll=5m [status:200 duration:0.011s]
2025-04-10 20:08:58,745 - INFO - DELETE http://localhost:9200/_search/scroll [status:200 duration:0.001s]
2025-04-10 20:08:58,753 - INFO - POST http://localhost:9200/abstract22/_search?scroll=5m [status:200 duration:0.008s]
2025-04-10 20:08:58,755 - INFO - DELETE http://localhost:9200/_search/scroll [status:200 duration:0.001s]
2025-04-10 20:08:58,816 - INFO - POST http://localhost:9200/abstract22/_search?scroll=5m [status:200 duration:0.030s]
2025-04-10 20:08:58,817 - INFO - DELETE http://localhost:9200/_search/scroll [status:200 duration:0.001s]
2025-04-10 20:08:58,838 - INFO - POST http://localhost:9200/abstract22/_search?scroll=5m [status:200 duration:0.020s]
2025-04-10 20:08:58,840 - INFO - DELETE http://localhost:9200/_search/scroll [status:200 duration:0.002s]
2025-04-10 20:08:58,957 - INFO - POST http://localhost:9200/abstract22/_search?scroll=5m [status:200 duration:0.083s]
2025-04-10 20:08:58,958 - INFO - DELETE http://localhost:9200/_search/scroll [status:200 duration:0.000s]
2025-04-10 20:08:58,964 - INFO - POST http://localhost:9200/abstract22/_search?scroll=5m [status:200 duration:0.006s]
2025-04-10 20:08:58,965 - INFO - DELETE http://localhost:9200/_search/scroll [status:200 duration:0.001s]
2025-04-10 20:08:58,972 - INFO - POST http://localhost:9200/abstract22/_search?scroll=5m [status:200 duration:0.006s]
2025-04-10 20:08:58,974 - INFO - DELETE http://localhost:9200/_search/scroll [status:200 duration:0.001s]
2025-04-10 20:08:59,076 - INFO - POST http://localhost:9200/abstract22/_search?scroll=5m [status:200 duration:0.017s]
2025-04-10 20:08:59,078 - INFO - DELETE http://localhost:9200/_search/scroll [status:200 duration:0.001s]
2025-04-10 20:08:59,219 - INFO - POST http://localhost:9200/abstract22/_search?scroll=5m [status:200 duration:0.142s]
2025-04-10 20:08:59,221 - INFO - DELETE http://localhost:9200/_search/scroll [status:200 duration:0.002s]
2025-04-10 20:08:59,258 - INFO - POST http://localhost:9200/abstract22/_search?scroll=5m [status:200 duration:0.005s]
2025-04-10 20:08:59,260 - INFO - DELETE http://localhost:9200/_search/scroll [status:200 duration:0.001s]
2025-04-10 20:08:59,267 - INFO - POST http://localhost:9200/abstract22/_search?scroll=5m [status:200 duration:0.007s]
2025-04-10 20:08:59,269 - INFO - DELETE http://localhost:9200/_search/scroll [status:200 duration:0.001s]
2025-04-10 20:08:59,277 - INFO - POST http://localhost:9200/abstract22/_search?scroll=5m [status:200 duration:0.008s]
2025-04-10 20:08:59,278 - INFO - DELETE http://localhost:9200/_search/scroll [status:200 duration:0.001s]
2025-04-10 20:08:59,285 - INFO - POST http://localhost:9200/abstract22/_search?scroll=5m [status:200 duration:0.007s]
2025-04-10 20:08:59,287 - INFO - DELETE http://localhost:9200/_search/scroll [status:200 duration:0.002s]
2025-04-10 20:08:59,326 - INFO - POST http://localhost:9200/abstract22/_search?scroll=5m [status:200 duration:0.008s]
2025-04-10 20:08:59,328 - INFO - DELETE http://localhost:9200/_search/scroll [status:200 duration:0.002s]
2025-04-10 20:08:59,335 - INFO - POST http://localhost:9200/abstract22/_search?scroll=5m [status:200 duration:0.007s]
2025-04-10 20:08:59,337 - INFO - DELETE http://localhost:9200/_search/scroll [status:200 duration:0.002s]
2025-04-10 20:08:59,381 - INFO - POST http://localhost:9200/abstract22/_search?scroll=5m [status:200 duration:0.012s]
2025-04-10 20:08:59,383 - INFO - DELETE http://localhost:9200/_search/scroll [status:200 duration:0.002s]
2025-04-10 20:08:59,391 - INFO - POST http://localhost:9200/abstract22/_search?scroll=5m [status:200 duration:0.009s]
2025-04-10 20:08:59,393 - INFO - DELETE http://localhost:9200/_search/scroll [status:200 duration:0.001s]
2025-04-10 20:08:59,438 - INFO - POST http://localhost:9200/abstract22/_search?scroll=5m [status:200 duration:0.014s]
2025-04-10 20:08:59,439 - INFO - DELETE http://localhost:9200/_search/scroll [status:200 duration:0.001s]
2025-04-10 20:08:59,445 - INFO - POST http://localhost:9200/abstract22/_search?scroll=5m [status:200 duration:0.005s]
2025-04-10 20:08:59,448 - INFO - DELETE http://localhost:9200/_search/scroll [status:200 duration:0.000s]
2025-04-10 20:08:59,473 - INFO - POST http://localhost:9200/abstract22/_search?scroll=5m [status:200 duration:0.025s]
2025-04-10 20:08:59,476 - INFO - DELETE http://localhost:9200/_search/scroll [status:200 duration:0.001s]
2025-04-10 20:08:59,484 - INFO - POST http://localhost:9200/abstract22/_search?scroll=5m [status:200 duration:0.008s]
2025-04-10 20:08:59,486 - INFO - DELETE http://localhost:9200/_search/scroll [status:200 duration:0.001s]
2025-04-10 20:08:59,527 - INFO - POST http://localhost:9200/abstract22/_search?scroll=5m [status:200 duration:0.007s]
2025-04-10 20:08:59,528 - INFO - DELETE http://localhost:9200/_search/scroll [status:200 duration:0.001s]
2025-04-10 20:08:59,531 - INFO - POST http://localhost:9200/abstract22/_search?scroll=5m [status:200 duration:0.003s]
2025-04-10 20:08:59,531 - INFO - DELETE http://localhost:9200/_search/scroll [status:200 duration:0.001s]
2025-04-10 20:23:24,899 - INFO - POST http://localhost:9200/abstract22/_search?scroll=5m [status:200 duration:0.043s]
2025-04-10 20:23:24,903 - INFO - DELETE http://localhost:9200/_search/scroll [status:200 duration:0.003s]
2025-04-10 20:23:24,913 - INFO - POST http://localhost:9200/abstract22/_search?scroll=5m [status:200 duration:0.010s]
2025-04-10 20:23:24,916 - INFO - DELETE http://localhost:9200/_search/scroll [status:200 duration:0.001s]
2025-04-10 20:23:24,931 - INFO - POST http://localhost:9200/abstract22/_search?scroll=5m [status:200 duration:0.014s]
2025-04-10 20:23:24,933 - INFO - DELETE http://localhost:9200/_search/scroll [status:200 duration:0.002s]
2025-04-10 20:23:24,958 - INFO - POST http://localhost:9200/abstract22/_search?scroll=5m [status:200 duration:0.024s]
2025-04-10 20:23:24,961 - INFO - DELETE http://localhost:9200/_search/scroll [status:200 duration:0.002s]
2025-04-10 20:23:24,969 - INFO - POST http://localhost:9200/abstract22/_search?scroll=5m [status:200 duration:0.006s]
2025-04-10 20:23:24,972 - INFO - DELETE http://localhost:9200/_search/scroll [status:200 duration:0.002s]
2025-04-10 20:23:24,982 - INFO - POST http://localhost:9200/abstract22/_search?scroll=5m [status:200 duration:0.009s]
2025-04-10 20:23:24,985 - INFO - DELETE http://localhost:9200/_search/scroll [status:200 duration:0.002s]
2025-04-10 20:23:24,997 - INFO - POST http://localhost:9200/abstract22/_search?scroll=5m [status:200 duration:0.011s]
2025-04-10 20:23:25,001 - INFO - DELETE http://localhost:9200/_search/scroll [status:200 duration:0.002s]
2025-04-10 20:23:25,028 - INFO - POST http://localhost:9200/abstract22/_search?scroll=5m [status:200 duration:0.026s]
2025-04-10 20:23:25,031 - INFO - DELETE http://localhost:9200/_search/scroll [status:200 duration:0.003s]
2025-04-10 20:23:25,040 - INFO - POST http://localhost:9200/abstract22/_search?scroll=5m [status:200 duration:0.008s]
2025-04-10 20:23:25,043 - INFO - DELETE http://localhost:9200/_search/scroll [status:200 duration:0.003s]
2025-04-10 20:23:25,054 - INFO - POST http://localhost:9200/abstract22/_search?scroll=5m [status:200 duration:0.010s]
2025-04-10 20:23:25,057 - INFO - DELETE http://localhost:9200/_search/scroll [status:200 duration:0.003s]
2025-04-10 20:23:25,064 - INFO - POST http://localhost:9200/abstract22/_search?scroll=5m [status:200 duration:0.007s]
2025-04-10 20:23:25,067 - INFO - DELETE http://localhost:9200/_search/scroll [status:200 duration:0.002s]
2025-04-10 20:23:25,078 - INFO - POST http://localhost:9200/abstract22/_search?scroll=5m [status:200 duration:0.009s]
2025-04-10 20:23:25,081 - INFO - DELETE http://localhost:9200/_search/scroll [status:200 duration:0.002s]
2025-04-10 20:23:25,087 - INFO - POST http://localhost:9200/abstract22/_search?scroll=5m [status:200 duration:0.005s]
2025-04-10 20:23:25,090 - INFO - DELETE http://localhost:9200/_search/scroll [status:200 duration:0.002s]
2025-04-10 20:23:25,098 - INFO - POST http://localhost:9200/abstract22/_search?scroll=5m [status:200 duration:0.007s]
2025-04-10 20:23:25,100 - INFO - DELETE http://localhost:9200/_search/scroll [status:200 duration:0.002s]
2025-04-10 20:23:25,113 - INFO - POST http://localhost:9200/abstract22/_search?scroll=5m [status:200 duration:0.012s]
2025-04-10 20:23:25,116 - INFO - DELETE http://localhost:9200/_search/scroll [status:200 duration:0.001s]
2025-04-10 20:23:25,127 - INFO - POST http://localhost:9200/abstract22/_search?scroll=5m [status:200 duration:0.011s]
2025-04-10 20:23:25,131 - INFO - DELETE http://localhost:9200/_search/scroll [status:200 duration:0.003s]
2025-04-10 20:23:25,138 - INFO - POST http://localhost:9200/abstract22/_search?scroll=5m [status:200 duration:0.007s]
2025-04-10 20:23:25,142 - INFO - DELETE http://localhost:9200/_search/scroll [status:200 duration:0.003s]
2025-04-10 20:23:25,155 - INFO - POST http://localhost:9200/abstract22/_search?scroll=5m [status:200 duration:0.012s]
2025-04-10 20:23:25,158 - INFO - DELETE http://localhost:9200/_search/scroll [status:200 duration:0.002s]
2025-04-10 20:23:25,168 - INFO - POST http://localhost:9200/abstract22/_search?scroll=5m [status:200 duration:0.009s]
2025-04-10 20:23:25,170 - INFO - DELETE http://localhost:9200/_search/scroll [status:200 duration:0.002s]
2025-04-10 20:23:25,185 - INFO - POST http://localhost:9200/abstract22/_search?scroll=5m [status:200 duration:0.013s]
2025-04-10 20:23:25,187 - INFO - DELETE http://localhost:9200/_search/scroll [status:200 duration:0.002s]
2025-04-10 20:23:25,225 - INFO - POST http://localhost:9200/abstract22/_search?scroll=5m [status:200 duration:0.037s]
2025-04-10 20:23:25,229 - INFO - DELETE http://localhost:9200/_search/scroll [status:200 duration:0.002s]
2025-04-10 20:23:25,260 - INFO - POST http://localhost:9200/abstract22/_search?scroll=5m [status:200 duration:0.030s]
2025-04-10 20:23:25,264 - INFO - DELETE http://localhost:9200/_search/scroll [status:200 duration:0.002s]
2025-04-10 20:23:25,276 - INFO - POST http://localhost:9200/abstract22/_search?scroll=5m [status:200 duration:0.011s]
2025-04-10 20:23:25,279 - INFO - DELETE http://localhost:9200/_search/scroll [status:200 duration:0.002s]
2025-04-10 20:23:25,297 - INFO - POST http://localhost:9200/abstract22/_search?scroll=5m [status:200 duration:0.017s]
2025-04-10 20:23:25,300 - INFO - DELETE http://localhost:9200/_search/scroll [status:200 duration:0.002s]
2025-04-10 20:23:25,309 - INFO - POST http://localhost:9200/abstract22/_search?scroll=5m [status:200 duration:0.008s]
2025-04-10 20:23:25,312 - INFO - DELETE http://localhost:9200/_search/scroll [status:200 duration:0.003s]
2025-04-10 20:23:25,324 - INFO - POST http://localhost:9200/abstract22/_search?scroll=5m [status:200 duration:0.012s]
2025-04-10 20:23:25,328 - INFO - DELETE http://localhost:9200/_search/scroll [status:200 duration:0.003s]
2025-04-10 20:23:25,338 - INFO - POST http://localhost:9200/abstract22/_search?scroll=5m [status:200 duration:0.008s]
2025-04-10 20:23:25,341 - INFO - DELETE http://localhost:9200/_search/scroll [status:200 duration:0.002s]
2025-04-10 20:23:25,351 - INFO - POST http://localhost:9200/abstract22/_search?scroll=5m [status:200 duration:0.009s]
2025-04-10 20:23:25,355 - INFO - DELETE http://localhost:9200/_search/scroll [status:200 duration:0.004s]
2025-04-10 20:23:25,379 - INFO - POST http://localhost:9200/abstract22/_search?scroll=5m [status:200 duration:0.023s]
2025-04-10 20:23:25,382 - INFO - DELETE http://localhost:9200/_search/scroll [status:200 duration:0.003s]
2025-04-10 20:23:25,402 - INFO - POST http://localhost:9200/abstract22/_search?scroll=5m [status:200 duration:0.020s]
2025-04-10 20:23:25,405 - INFO - DELETE http://localhost:9200/_search/scroll [status:200 duration:0.003s]
2025-04-10 20:23:25,424 - INFO - POST http://localhost:9200/abstract22/_search?scroll=5m [status:200 duration:0.018s]
2025-04-10 20:23:25,427 - INFO - DELETE http://localhost:9200/_search/scroll [status:200 duration:0.002s]
2025-04-10 20:23:25,441 - INFO - POST http://localhost:9200/abstract22/_search?scroll=5m [status:200 duration:0.014s]
2025-04-10 20:23:25,444 - INFO - DELETE http://localhost:9200/_search/scroll [status:200 duration:0.002s]
2025-04-10 20:23:25,455 - INFO - POST http://localhost:9200/abstract22/_search?scroll=5m [status:200 duration:0.010s]
2025-04-10 20:23:25,458 - INFO - DELETE http://localhost:9200/_search/scroll [status:200 duration:0.002s]
2025-04-10 20:23:25,473 - INFO - POST http://localhost:9200/abstract22/_search?scroll=5m [status:200 duration:0.015s]
2025-04-10 20:23:25,476 - INFO - DELETE http://localhost:9200/_search/scroll [status:200 duration:0.002s]
2025-04-10 20:23:25,485 - INFO - POST http://localhost:9200/abstract22/_search?scroll=5m [status:200 duration:0.009s]
2025-04-10 20:23:25,487 - INFO - DELETE http://localhost:9200/_search/scroll [status:200 duration:0.002s]
2025-04-10 20:23:25,501 - INFO - POST http://localhost:9200/abstract22/_search?scroll=5m [status:200 duration:0.014s]
2025-04-10 20:23:25,503 - INFO - DELETE http://localhost:9200/_search/scroll [status:200 duration:0.002s]
2025-04-10 20:23:25,532 - INFO - POST http://localhost:9200/abstract22/_search?scroll=5m [status:200 duration:0.028s]
2025-04-10 20:23:25,536 - INFO - DELETE http://localhost:9200/_search/scroll [status:200 duration:0.002s]
2025-04-10 20:23:25,589 - INFO - POST http://localhost:9200/abstract22/_search?scroll=5m [status:200 duration:0.053s]
2025-04-10 20:23:25,592 - INFO - DELETE http://localhost:9200/_search/scroll [status:200 duration:0.002s]
2025-04-10 20:23:25,602 - INFO - POST http://localhost:9200/abstract22/_search?scroll=5m [status:200 duration:0.010s]
2025-04-10 20:23:25,605 - INFO - DELETE http://localhost:9200/_search/scroll [status:200 duration:0.002s]
2025-04-10 20:23:25,618 - INFO - POST http://localhost:9200/abstract22/_search?scroll=5m [status:200 duration:0.013s]
2025-04-10 20:23:25,621 - INFO - DELETE http://localhost:9200/_search/scroll [status:200 duration:0.002s]
2025-04-10 20:23:25,633 - INFO - POST http://localhost:9200/abstract22/_search?scroll=5m [status:200 duration:0.011s]
2025-04-10 20:23:25,637 - INFO - DELETE http://localhost:9200/_search/scroll [status:200 duration:0.002s]
2025-04-10 20:23:25,671 - INFO - POST http://localhost:9200/abstract22/_search?scroll=5m [status:200 duration:0.034s]
2025-04-10 20:23:25,673 - INFO - DELETE http://localhost:9200/_search/scroll [status:200 duration:0.001s]
2025-04-10 20:23:25,680 - INFO - POST http://localhost:9200/abstract22/_search?scroll=5m [status:200 duration:0.005s]
2025-04-10 20:23:25,682 - INFO - DELETE http://localhost:9200/_search/scroll [status:200 duration:0.002s]
2025-04-10 20:23:25,693 - INFO - POST http://localhost:9200/abstract22/_search?scroll=5m [status:200 duration:0.011s]
2025-04-10 20:23:25,695 - INFO - DELETE http://localhost:9200/_search/scroll [status:200 duration:0.002s]
2025-04-10 20:23:25,705 - INFO - POST http://localhost:9200/abstract22/_search?scroll=5m [status:200 duration:0.009s]
2025-04-10 20:23:25,706 - INFO - DELETE http://localhost:9200/_search/scroll [status:200 duration:0.001s]
2025-04-10 20:23:25,713 - INFO - POST http://localhost:9200/abstract22/_search?scroll=5m [status:200 duration:0.005s]
2025-04-10 20:23:25,715 - INFO - DELETE http://localhost:9200/_search/scroll [status:200 duration:0.002s]
2025-04-10 20:23:25,720 - INFO - POST http://localhost:9200/abstract22/_search?scroll=5m [status:200 duration:0.005s]
2025-04-10 20:23:25,722 - INFO - DELETE http://localhost:9200/_search/scroll [status:200 duration:0.003s]
2025-04-10 20:23:25,729 - INFO - POST http://localhost:9200/abstract22/_search?scroll=5m [status:200 duration:0.007s]
2025-04-10 20:23:25,732 - INFO - DELETE http://localhost:9200/_search/scroll [status:200 duration:0.001s]
2025-04-10 20:23:25,741 - INFO - POST http://localhost:9200/abstract22/_search?scroll=5m [status:200 duration:0.008s]
2025-04-10 20:23:25,744 - INFO - DELETE http://localhost:9200/_search/scroll [status:200 duration:0.001s]
2025-04-10 20:23:25,754 - INFO - POST http://localhost:9200/abstract22/_search?scroll=5m [status:200 duration:0.008s]
2025-04-10 20:23:25,757 - INFO - DELETE http://localhost:9200/_search/scroll [status:200 duration:0.002s]
2025-04-10 20:23:25,774 - INFO - POST http://localhost:9200/abstract22/_search?scroll=5m [status:200 duration:0.017s]
2025-04-10 20:23:25,777 - INFO - DELETE http://localhost:9200/_search/scroll [status:200 duration:0.002s]
2025-04-10 20:23:25,788 - INFO - POST http://localhost:9200/abstract22/_search?scroll=5m [status:200 duration:0.012s]
2025-04-10 20:23:25,791 - INFO - DELETE http://localhost:9200/_search/scroll [status:200 duration:0.003s]
2025-04-10 20:23:25,808 - INFO - POST http://localhost:9200/abstract22/_search?scroll=5m [status:200 duration:0.016s]
2025-04-10 20:23:25,810 - INFO - DELETE http://localhost:9200/_search/scroll [status:200 duration:0.002s]
2025-04-10 20:23:25,818 - INFO - POST http://localhost:9200/abstract22/_search?scroll=5m [status:200 duration:0.007s]
2025-04-10 20:23:25,821 - INFO - DELETE http://localhost:9200/_search/scroll [status:200 duration:0.002s]
2025-04-10 20:23:25,831 - INFO - POST http://localhost:9200/abstract22/_search?scroll=5m [status:200 duration:0.009s]
2025-04-10 20:23:25,832 - INFO - DELETE http://localhost:9200/_search/scroll [status:200 duration:0.001s]
2025-04-10 20:23:25,848 - INFO - POST http://localhost:9200/abstract22/_search?scroll=5m [status:200 duration:0.014s]
2025-04-10 20:23:25,851 - INFO - DELETE http://localhost:9200/_search/scroll [status:200 duration:0.003s]
2025-04-10 20:23:25,865 - INFO - POST http://localhost:9200/abstract22/_search?scroll=5m [status:200 duration:0.012s]
2025-04-10 20:23:25,867 - INFO - DELETE http://localhost:9200/_search/scroll [status:200 duration:0.002s]
2025-04-10 20:23:25,877 - INFO - POST http://localhost:9200/abstract22/_search?scroll=5m [status:200 duration:0.010s]
2025-04-10 20:23:25,879 - INFO - DELETE http://localhost:9200/_search/scroll [status:200 duration:0.001s]
2025-04-10 20:23:25,888 - INFO - POST http://localhost:9200/abstract22/_search?scroll=5m [status:200 duration:0.009s]
2025-04-10 20:23:25,891 - INFO - DELETE http://localhost:9200/_search/scroll [status:200 duration:0.002s]
2025-04-10 20:23:25,902 - INFO - POST http://localhost:9200/abstract22/_search?scroll=5m [status:200 duration:0.011s]
2025-04-10 20:23:25,904 - INFO - DELETE http://localhost:9200/_search/scroll [status:200 duration:0.001s]
2025-04-10 20:23:25,931 - INFO - POST http://localhost:9200/abstract22/_search?scroll=5m [status:200 duration:0.026s]
2025-04-10 20:23:25,934 - INFO - DELETE http://localhost:9200/_search/scroll [status:200 duration:0.003s]
2025-04-10 20:23:25,948 - INFO - POST http://localhost:9200/abstract22/_search?scroll=5m [status:200 duration:0.014s]
2025-04-10 20:23:25,951 - INFO - DELETE http://localhost:9200/_search/scroll [status:200 duration:0.002s]
2025-04-10 20:23:25,959 - INFO - POST http://localhost:9200/abstract22/_search?scroll=5m [status:200 duration:0.008s]
2025-04-10 20:23:25,962 - INFO - DELETE http://localhost:9200/_search/scroll [status:200 duration:0.002s]
2025-04-10 20:23:25,975 - INFO - POST http://localhost:9200/abstract22/_search?scroll=5m [status:200 duration:0.013s]
2025-04-10 20:23:25,979 - INFO - DELETE http://localhost:9200/_search/scroll [status:200 duration:0.003s]
2025-04-10 20:23:25,990 - INFO - POST http://localhost:9200/abstract22/_search?scroll=5m [status:200 duration:0.010s]
2025-04-10 20:23:25,993 - INFO - DELETE http://localhost:9200/_search/scroll [status:200 duration:0.002s]
2025-04-10 20:23:26,001 - INFO - POST http://localhost:9200/abstract22/_search?scroll=5m [status:200 duration:0.007s]
2025-04-10 20:23:26,005 - INFO - DELETE http://localhost:9200/_search/scroll [status:200 duration:0.002s]
2025-04-10 20:23:26,015 - INFO - POST http://localhost:9200/abstract22/_search?scroll=5m [status:200 duration:0.011s]
2025-04-10 20:23:26,017 - INFO - DELETE http://localhost:9200/_search/scroll [status:200 duration:0.002s]
2025-04-10 20:23:26,030 - INFO - POST http://localhost:9200/abstract22/_search?scroll=5m [status:200 duration:0.012s]
2025-04-10 20:23:26,032 - INFO - DELETE http://localhost:9200/_search/scroll [status:200 duration:0.001s]
2025-04-10 20:23:26,043 - INFO - POST http://localhost:9200/abstract22/_search?scroll=5m [status:200 duration:0.010s]
2025-04-10 20:23:26,046 - INFO - DELETE http://localhost:9200/_search/scroll [status:200 duration:0.001s]
2025-04-10 20:23:26,070 - INFO - POST http://localhost:9200/abstract22/_search?scroll=5m [status:200 duration:0.022s]
2025-04-10 20:23:26,072 - INFO - DELETE http://localhost:9200/_search/scroll [status:200 duration:0.002s]
2025-04-10 20:23:26,079 - INFO - POST http://localhost:9200/abstract22/_search?scroll=5m [status:200 duration:0.006s]
2025-04-10 20:23:26,081 - INFO - DELETE http://localhost:9200/_search/scroll [status:200 duration:0.002s]
2025-04-10 20:23:26,088 - INFO - POST http://localhost:9200/abstract22/_search?scroll=5m [status:200 duration:0.005s]
2025-04-10 20:23:26,091 - INFO - DELETE http://localhost:9200/_search/scroll [status:200 duration:0.002s]
2025-04-10 20:23:26,096 - INFO - POST http://localhost:9200/abstract22/_search?scroll=5m [status:200 duration:0.005s]
2025-04-10 20:23:26,099 - INFO - DELETE http://localhost:9200/_search/scroll [status:200 duration:0.001s]
2025-04-10 20:23:26,111 - INFO - POST http://localhost:9200/abstract22/_search?scroll=5m [status:200 duration:0.011s]
2025-04-10 20:23:26,112 - INFO - DELETE http://localhost:9200/_search/scroll [status:200 duration:0.001s]
2025-04-10 20:23:26,120 - INFO - POST http://localhost:9200/abstract22/_search?scroll=5m [status:200 duration:0.007s]
2025-04-10 20:23:26,122 - INFO - DELETE http://localhost:9200/_search/scroll [status:200 duration:0.002s]
2025-04-10 20:23:26,127 - INFO - POST http://localhost:9200/abstract22/_search?scroll=5m [status:200 duration:0.005s]
2025-04-10 20:23:26,130 - INFO - DELETE http://localhost:9200/_search/scroll [status:200 duration:0.002s]
2025-04-10 20:23:26,133 - INFO - POST http://localhost:9200/abstract22/_search?scroll=5m [status:200 duration:0.003s]
2025-04-10 20:23:26,136 - INFO - DELETE http://localhost:9200/_search/scroll [status:200 duration:0.001s]
2025-04-10 20:23:26,149 - INFO - POST http://localhost:9200/abstract22/_search?scroll=5m [status:200 duration:0.012s]
2025-04-10 20:23:26,151 - INFO - DELETE http://localhost:9200/_search/scroll [status:200 duration:0.002s]
2025-04-10 20:23:26,159 - INFO - POST http://localhost:9200/abstract22/_search?scroll=5m [status:200 duration:0.007s]
2025-04-10 20:23:26,161 - INFO - DELETE http://localhost:9200/_search/scroll [status:200 duration:0.003s]
2025-04-10 20:23:26,170 - INFO - POST http://localhost:9200/abstract22/_search?scroll=5m [status:200 duration:0.008s]
2025-04-10 20:23:26,172 - INFO - DELETE http://localhost:9200/_search/scroll [status:200 duration:0.001s]
2025-04-10 20:23:26,182 - INFO - POST http://localhost:9200/abstract22/_search?scroll=5m [status:200 duration:0.009s]
2025-04-10 20:23:26,185 - INFO - DELETE http://localhost:9200/_search/scroll [status:200 duration:0.003s]
2025-04-10 20:23:26,217 - INFO - POST http://localhost:9200/abstract22/_search?scroll=5m [status:200 duration:0.032s]
2025-04-10 20:23:26,219 - INFO - DELETE http://localhost:9200/_search/scroll [status:200 duration:0.002s]
2025-04-10 20:23:26,225 - INFO - POST http://localhost:9200/abstract22/_search?scroll=5m [status:200 duration:0.006s]
2025-04-10 20:23:26,228 - INFO - DELETE http://localhost:9200/_search/scroll [status:200 duration:0.002s]
2025-04-10 20:23:26,241 - INFO - POST http://localhost:9200/abstract22/_search?scroll=5m [status:200 duration:0.013s]
2025-04-10 20:23:26,243 - INFO - DELETE http://localhost:9200/_search/scroll [status:200 duration:0.001s]
2025-04-10 20:23:26,314 - INFO - POST http://localhost:9200/abstract22/_search?scroll=5m [status:200 duration:0.010s]
2025-04-10 20:23:26,316 - INFO - DELETE http://localhost:9200/_search/scroll [status:200 duration:0.002s]
2025-04-10 20:23:26,321 - INFO - POST http://localhost:9200/abstract22/_search?scroll=5m [status:200 duration:0.005s]
2025-04-10 20:23:26,324 - INFO - DELETE http://localhost:9200/_search/scroll [status:200 duration:0.002s]
2025-04-10 20:23:26,332 - INFO - POST http://localhost:9200/abstract22/_search?scroll=5m [status:200 duration:0.008s]
2025-04-10 20:23:26,334 - INFO - DELETE http://localhost:9200/_search/scroll [status:200 duration:0.001s]
2025-04-10 20:23:26,340 - INFO - POST http://localhost:9200/abstract22/_search?scroll=5m [status:200 duration:0.005s]
2025-04-10 20:23:26,343 - INFO - DELETE http://localhost:9200/_search/scroll [status:200 duration:0.001s]
2025-04-10 20:23:26,349 - INFO - POST http://localhost:9200/abstract22/_search?scroll=5m [status:200 duration:0.006s]
2025-04-10 20:23:26,352 - INFO - DELETE http://localhost:9200/_search/scroll [status:200 duration:0.003s]
2025-04-10 20:23:26,359 - INFO - POST http://localhost:9200/abstract22/_search?scroll=5m [status:200 duration:0.006s]
2025-04-10 20:23:26,362 - INFO - DELETE http://localhost:9200/_search/scroll [status:200 duration:0.002s]
2025-04-10 20:23:26,369 - INFO - POST http://localhost:9200/abstract22/_search?scroll=5m [status:200 duration:0.007s]
2025-04-10 20:23:26,372 - INFO - DELETE http://localhost:9200/_search/scroll [status:200 duration:0.002s]
2025-04-10 20:23:26,381 - INFO - POST http://localhost:9200/abstract22/_search?scroll=5m [status:200 duration:0.008s]
2025-04-10 20:23:26,383 - INFO - DELETE http://localhost:9200/_search/scroll [status:200 duration:0.002s]
2025-04-10 20:23:26,390 - INFO - POST http://localhost:9200/abstract22/_search?scroll=5m [status:200 duration:0.006s]
2025-04-10 20:23:26,393 - INFO - DELETE http://localhost:9200/_search/scroll [status:200 duration:0.003s]
2025-04-10 20:23:26,401 - INFO - POST http://localhost:9200/abstract22/_search?scroll=5m [status:200 duration:0.008s]
2025-04-10 20:23:26,403 - INFO - DELETE http://localhost:9200/_search/scroll [status:200 duration:0.002s]
2025-04-10 20:23:26,411 - INFO - POST http://localhost:9200/abstract22/_search?scroll=5m [status:200 duration:0.007s]
2025-04-10 20:23:26,415 - INFO - DELETE http://localhost:9200/_search/scroll [status:200 duration:0.002s]
2025-04-10 20:23:26,422 - INFO - POST http://localhost:9200/abstract22/_search?scroll=5m [status:200 duration:0.007s]
2025-04-10 20:23:26,424 - INFO - DELETE http://localhost:9200/_search/scroll [status:200 duration:0.002s]
2025-04-10 20:23:26,435 - INFO - POST http://localhost:9200/abstract22/_search?scroll=5m [status:200 duration:0.010s]
2025-04-10 20:23:26,437 - INFO - DELETE http://localhost:9200/_search/scroll [status:200 duration:0.002s]
2025-04-10 20:23:26,445 - INFO - POST http://localhost:9200/abstract22/_search?scroll=5m [status:200 duration:0.007s]
2025-04-10 20:23:26,448 - INFO - DELETE http://localhost:9200/_search/scroll [status:200 duration:0.002s]
2025-04-10 20:23:26,455 - INFO - POST http://localhost:9200/abstract22/_search?scroll=5m [status:200 duration:0.007s]
2025-04-10 20:23:26,458 - INFO - DELETE http://localhost:9200/_search/scroll [status:200 duration:0.002s]
2025-04-10 20:23:26,465 - INFO - POST http://localhost:9200/abstract22/_search?scroll=5m [status:200 duration:0.007s]
2025-04-10 20:23:26,468 - INFO - DELETE http://localhost:9200/_search/scroll [status:200 duration:0.002s]
2025-04-10 20:23:26,475 - INFO - POST http://localhost:9200/abstract22/_search?scroll=5m [status:200 duration:0.006s]
2025-04-10 20:23:26,476 - INFO - DELETE http://localhost:9200/_search/scroll [status:200 duration:0.001s]
2025-04-10 20:23:26,482 - INFO - POST http://localhost:9200/abstract22/_search?scroll=5m [status:200 duration:0.005s]
2025-04-10 20:23:26,486 - INFO - DELETE http://localhost:9200/_search/scroll [status:200 duration:0.002s]
2025-04-10 20:23:26,493 - INFO - POST http://localhost:9200/abstract22/_search?scroll=5m [status:200 duration:0.007s]
2025-04-10 20:23:26,495 - INFO - DELETE http://localhost:9200/_search/scroll [status:200 duration:0.001s]
2025-04-10 20:23:26,501 - INFO - POST http://localhost:9200/abstract22/_search?scroll=5m [status:200 duration:0.005s]
2025-04-10 20:23:26,503 - INFO - DELETE http://localhost:9200/_search/scroll [status:200 duration:0.002s]
2025-04-10 20:23:26,509 - INFO - POST http://localhost:9200/abstract22/_search?scroll=5m [status:200 duration:0.006s]
2025-04-10 20:23:26,511 - INFO - DELETE http://localhost:9200/_search/scroll [status:200 duration:0.001s]
2025-04-10 20:23:26,517 - INFO - POST http://localhost:9200/abstract22/_search?scroll=5m [status:200 duration:0.005s]
2025-04-10 20:23:26,519 - INFO - DELETE http://localhost:9200/_search/scroll [status:200 duration:0.001s]
2025-04-10 20:23:26,526 - INFO - POST http://localhost:9200/abstract22/_search?scroll=5m [status:200 duration:0.005s]
2025-04-10 20:23:26,528 - INFO - DELETE http://localhost:9200/_search/scroll [status:200 duration:0.001s]
2025-04-10 20:23:26,534 - INFO - POST http://localhost:9200/abstract22/_search?scroll=5m [status:200 duration:0.004s]
2025-04-10 20:23:26,536 - INFO - DELETE http://localhost:9200/_search/scroll [status:200 duration:0.002s]
2025-04-10 20:23:26,543 - INFO - POST http://localhost:9200/abstract22/_search?scroll=5m [status:200 duration:0.006s]
2025-04-10 20:23:26,545 - INFO - DELETE http://localhost:9200/_search/scroll [status:200 duration:0.002s]
2025-04-10 20:23:26,550 - INFO - POST http://localhost:9200/abstract22/_search?scroll=5m [status:200 duration:0.004s]
2025-04-10 20:23:26,551 - INFO - DELETE http://localhost:9200/_search/scroll [status:200 duration:0.001s]
2025-04-10 20:23:26,557 - INFO - POST http://localhost:9200/abstract22/_search?scroll=5m [status:200 duration:0.005s]
2025-04-10 20:23:26,559 - INFO - DELETE http://localhost:9200/_search/scroll [status:200 duration:0.001s]
2025-04-10 20:23:26,566 - INFO - POST http://localhost:9200/abstract22/_search?scroll=5m [status:200 duration:0.006s]
2025-04-10 20:23:26,568 - INFO - DELETE http://localhost:9200/_search/scroll [status:200 duration:0.002s]
2025-04-10 20:23:26,575 - INFO - POST http://localhost:9200/abstract22/_search?scroll=5m [status:200 duration:0.006s]
2025-04-10 20:23:26,578 - INFO - DELETE http://localhost:9200/_search/scroll [status:200 duration:0.002s]
2025-04-10 20:23:26,584 - INFO - POST http://localhost:9200/abstract22/_search?scroll=5m [status:200 duration:0.005s]
2025-04-10 20:23:26,587 - INFO - DELETE http://localhost:9200/_search/scroll [status:200 duration:0.002s]
2025-04-10 20:23:26,593 - INFO - POST http://localhost:9200/abstract22/_search?scroll=5m [status:200 duration:0.006s]
2025-04-10 20:23:26,595 - INFO - DELETE http://localhost:9200/_search/scroll [status:200 duration:0.001s]
2025-04-10 20:23:26,601 - INFO - POST http://localhost:9200/abstract22/_search?scroll=5m [status:200 duration:0.006s]
2025-04-10 20:23:26,603 - INFO - DELETE http://localhost:9200/_search/scroll [status:200 duration:0.002s]
2025-04-10 20:23:26,608 - INFO - POST http://localhost:9200/abstract22/_search?scroll=5m [status:200 duration:0.005s]
2025-04-10 20:23:26,611 - INFO - DELETE http://localhost:9200/_search/scroll [status:200 duration:0.002s]
2025-04-10 20:23:26,618 - INFO - POST http://localhost:9200/abstract22/_search?scroll=5m [status:200 duration:0.006s]
2025-04-10 20:23:26,620 - INFO - DELETE http://localhost:9200/_search/scroll [status:200 duration:0.003s]
2025-04-10 20:23:26,626 - INFO - POST http://localhost:9200/abstract22/_search?scroll=5m [status:200 duration:0.005s]
2025-04-10 20:23:26,628 - INFO - DELETE http://localhost:9200/_search/scroll [status:200 duration:0.001s]
2025-04-10 20:23:26,633 - INFO - POST http://localhost:9200/abstract22/_search?scroll=5m [status:200 duration:0.005s]
2025-04-10 20:23:26,637 - INFO - DELETE http://localhost:9200/_search/scroll [status:200 duration:0.002s]
2025-04-10 20:23:26,643 - INFO - POST http://localhost:9200/abstract22/_search?scroll=5m [status:200 duration:0.006s]
2025-04-10 20:23:26,646 - INFO - DELETE http://localhost:9200/_search/scroll [status:200 duration:0.002s]
2025-04-10 20:23:26,652 - INFO - POST http://localhost:9200/abstract22/_search?scroll=5m [status:200 duration:0.005s]
2025-04-10 20:23:26,655 - INFO - DELETE http://localhost:9200/_search/scroll [status:200 duration:0.002s]
2025-04-10 20:23:26,662 - INFO - POST http://localhost:9200/abstract22/_search?scroll=5m [status:200 duration:0.007s]
2025-04-10 20:23:26,664 - INFO - DELETE http://localhost:9200/_search/scroll [status:200 duration:0.002s]
2025-04-10 20:23:26,670 - INFO - POST http://localhost:9200/abstract22/_search?scroll=5m [status:200 duration:0.006s]
2025-04-10 20:23:26,673 - INFO - DELETE http://localhost:9200/_search/scroll [status:200 duration:0.002s]
2025-04-10 20:23:26,680 - INFO - POST http://localhost:9200/abstract22/_search?scroll=5m [status:200 duration:0.007s]
2025-04-10 20:23:26,684 - INFO - DELETE http://localhost:9200/_search/scroll [status:200 duration:0.003s]
2025-04-10 20:23:26,689 - INFO - POST http://localhost:9200/abstract22/_search?scroll=5m [status:200 duration:0.004s]
2025-04-10 20:23:26,692 - INFO - DELETE http://localhost:9200/_search/scroll [status:200 duration:0.001s]
2025-04-10 20:23:26,697 - INFO - POST http://localhost:9200/abstract22/_search?scroll=5m [status:200 duration:0.004s]
2025-04-10 20:23:26,698 - INFO - DELETE http://localhost:9200/_search/scroll [status:200 duration:0.001s]
2025-04-10 20:23:26,705 - INFO - POST http://localhost:9200/abstract22/_search?scroll=5m [status:200 duration:0.006s]
2025-04-10 20:23:26,708 - INFO - DELETE http://localhost:9200/_search/scroll [status:200 duration:0.002s]
2025-04-10 20:23:26,714 - INFO - POST http://localhost:9200/abstract22/_search?scroll=5m [status:200 duration:0.006s]
2025-04-10 20:23:26,716 - INFO - DELETE http://localhost:9200/_search/scroll [status:200 duration:0.002s]
2025-04-10 20:23:26,720 - INFO - POST http://localhost:9200/abstract22/_search?scroll=5m [status:200 duration:0.005s]
2025-04-10 20:23:26,723 - INFO - DELETE http://localhost:9200/_search/scroll [status:200 duration:0.002s]
2025-04-10 20:23:26,731 - INFO - POST http://localhost:9200/abstract22/_search?scroll=5m [status:200 duration:0.007s]
2025-04-10 20:23:26,734 - INFO - DELETE http://localhost:9200/_search/scroll [status:200 duration:0.002s]
2025-04-10 20:23:26,740 - INFO - POST http://localhost:9200/abstract22/_search?scroll=5m [status:200 duration:0.005s]
2025-04-10 20:23:26,743 - INFO - DELETE http://localhost:9200/_search/scroll [status:200 duration:0.001s]
2025-04-10 20:23:26,749 - INFO - POST http://localhost:9200/abstract22/_search?scroll=5m [status:200 duration:0.005s]
2025-04-10 20:23:26,751 - INFO - DELETE http://localhost:9200/_search/scroll [status:200 duration:0.002s]
2025-04-10 20:23:26,756 - INFO - POST http://localhost:9200/abstract22/_search?scroll=5m [status:200 duration:0.005s]
2025-04-10 20:23:26,758 - INFO - DELETE http://localhost:9200/_search/scroll [status:200 duration:0.002s]
2025-04-10 20:23:26,764 - INFO - POST http://localhost:9200/abstract22/_search?scroll=5m [status:200 duration:0.005s]
2025-04-10 20:23:26,766 - INFO - DELETE http://localhost:9200/_search/scroll [status:200 duration:0.002s]
2025-04-10 20:23:26,771 - INFO - POST http://localhost:9200/abstract22/_search?scroll=5m [status:200 duration:0.006s]
2025-04-10 20:23:26,773 - INFO - DELETE http://localhost:9200/_search/scroll [status:200 duration:0.002s]
2025-04-10 20:23:26,779 - INFO - POST http://localhost:9200/abstract22/_search?scroll=5m [status:200 duration:0.005s]
2025-04-10 20:23:26,783 - INFO - DELETE http://localhost:9200/_search/scroll [status:200 duration:0.002s]
2025-04-10 20:23:26,788 - INFO - POST http://localhost:9200/abstract22/_search?scroll=5m [status:200 duration:0.005s]
2025-04-10 20:23:26,790 - INFO - DELETE http://localhost:9200/_search/scroll [status:200 duration:0.003s]
2025-04-10 20:23:26,796 - INFO - POST http://localhost:9200/abstract22/_search?scroll=5m [status:200 duration:0.004s]
2025-04-10 20:23:26,799 - INFO - DELETE http://localhost:9200/_search/scroll [status:200 duration:0.002s]
2025-04-10 20:23:26,806 - INFO - POST http://localhost:9200/abstract22/_search?scroll=5m [status:200 duration:0.005s]
2025-04-10 20:23:26,809 - INFO - DELETE http://localhost:9200/_search/scroll [status:200 duration:0.002s]
2025-04-10 20:23:26,909 - INFO - POST http://localhost:9200/abstract22/_search?scroll=5m [status:200 duration:0.012s]
2025-04-10 20:23:26,910 - INFO - DELETE http://localhost:9200/_search/scroll [status:200 duration:0.002s]
2025-04-10 20:23:26,937 - INFO - POST http://localhost:9200/abstract22/_search?scroll=5m [status:200 duration:0.026s]
2025-04-10 20:23:26,939 - INFO - DELETE http://localhost:9200/_search/scroll [status:200 duration:0.001s]
2025-04-10 20:23:27,024 - INFO - POST http://localhost:9200/abstract22/_search?scroll=5m [status:200 duration:0.009s]
2025-04-10 20:23:27,026 - INFO - DELETE http://localhost:9200/_search/scroll [status:200 duration:0.002s]
2025-04-10 20:23:27,034 - INFO - POST http://localhost:9200/abstract22/_search?scroll=5m [status:200 duration:0.005s]
2025-04-10 20:23:27,036 - INFO - DELETE http://localhost:9200/_search/scroll [status:200 duration:0.002s]
2025-04-10 20:23:27,041 - INFO - POST http://localhost:9200/abstract22/_search?scroll=5m [status:200 duration:0.004s]
2025-04-10 20:23:27,045 - INFO - DELETE http://localhost:9200/_search/scroll [status:200 duration:0.002s]
2025-04-10 20:23:27,051 - INFO - POST http://localhost:9200/abstract22/_search?scroll=5m [status:200 duration:0.007s]
2025-04-10 20:23:27,054 - INFO - DELETE http://localhost:9200/_search/scroll [status:200 duration:0.002s]
2025-04-10 20:23:27,059 - INFO - POST http://localhost:9200/abstract22/_search?scroll=5m [status:200 duration:0.005s]
2025-04-10 20:23:27,061 - INFO - DELETE http://localhost:9200/_search/scroll [status:200 duration:0.002s]
2025-04-10 20:23:27,129 - INFO - POST http://localhost:9200/abstract22/_search?scroll=5m [status:200 duration:0.003s]
2025-04-10 20:23:27,132 - INFO - DELETE http://localhost:9200/_search/scroll [status:200 duration:0.002s]
2025-04-10 20:23:27,136 - INFO - POST http://localhost:9200/abstract22/_search?scroll=5m [status:200 duration:0.004s]
2025-04-10 20:23:27,137 - INFO - DELETE http://localhost:9200/_search/scroll [status:200 duration:0.001s]
2025-04-10 20:23:27,144 - INFO - POST http://localhost:9200/abstract22/_search?scroll=5m [status:200 duration:0.007s]
2025-04-10 20:23:27,146 - INFO - DELETE http://localhost:9200/_search/scroll [status:200 duration:0.002s]
2025-04-10 20:23:27,151 - INFO - POST http://localhost:9200/abstract22/_search?scroll=5m [status:200 duration:0.004s]
2025-04-10 20:23:27,153 - INFO - DELETE http://localhost:9200/_search/scroll [status:200 duration:0.001s]
2025-04-10 20:23:27,158 - INFO - POST http://localhost:9200/abstract22/_search?scroll=5m [status:200 duration:0.004s]
2025-04-10 20:23:27,159 - INFO - DELETE http://localhost:9200/_search/scroll [status:200 duration:0.001s]
2025-04-10 20:23:27,164 - INFO - POST http://localhost:9200/abstract22/_search?scroll=5m [status:200 duration:0.005s]
2025-04-10 20:23:27,166 - INFO - DELETE http://localhost:9200/_search/scroll [status:200 duration:0.001s]
2025-04-10 20:23:27,169 - INFO - POST http://localhost:9200/abstract22/_search?scroll=5m [status:200 duration:0.002s]
2025-04-10 20:23:27,172 - INFO - DELETE http://localhost:9200/_search/scroll [status:200 duration:0.001s]
2025-04-10 20:23:27,177 - INFO - POST http://localhost:9200/abstract22/_search?scroll=5m [status:200 duration:0.004s]
2025-04-10 20:23:27,179 - INFO - DELETE http://localhost:9200/_search/scroll [status:200 duration:0.002s]
2025-04-10 20:23:27,187 - INFO - POST http://localhost:9200/abstract22/_search?scroll=5m [status:200 duration:0.008s]
2025-04-10 20:23:27,189 - INFO - DELETE http://localhost:9200/_search/scroll [status:200 duration:0.001s]
2025-04-10 20:23:27,194 - INFO - POST http://localhost:9200/abstract22/_search?scroll=5m [status:200 duration:0.006s]
2025-04-10 20:23:27,196 - INFO - DELETE http://localhost:9200/_search/scroll [status:200 duration:0.001s]
2025-04-10 20:23:27,202 - INFO - POST http://localhost:9200/abstract22/_search?scroll=5m [status:200 duration:0.004s]
2025-04-10 20:23:27,204 - INFO - DELETE http://localhost:9200/_search/scroll [status:200 duration:0.002s]
2025-04-10 20:23:27,208 - INFO - POST http://localhost:9200/abstract22/_search?scroll=5m [status:200 duration:0.004s]
2025-04-10 20:23:27,210 - INFO - DELETE http://localhost:9200/_search/scroll [status:200 duration:0.002s]
2025-04-10 20:23:27,215 - INFO - POST http://localhost:9200/abstract22/_search?scroll=5m [status:200 duration:0.005s]
2025-04-10 20:23:27,217 - INFO - DELETE http://localhost:9200/_search/scroll [status:200 duration:0.001s]
2025-04-10 20:23:27,221 - INFO - POST http://localhost:9200/abstract22/_search?scroll=5m [status:200 duration:0.005s]
2025-04-10 20:23:27,224 - INFO - DELETE http://localhost:9200/_search/scroll [status:200 duration:0.002s]
2025-04-10 20:23:27,228 - INFO - POST http://localhost:9200/abstract22/_search?scroll=5m [status:200 duration:0.004s]
2025-04-10 20:23:27,230 - INFO - DELETE http://localhost:9200/_search/scroll [status:200 duration:0.001s]
2025-04-10 20:23:27,236 - INFO - POST http://localhost:9200/abstract22/_search?scroll=5m [status:200 duration:0.006s]
2025-04-10 20:23:27,238 - INFO - DELETE http://localhost:9200/_search/scroll [status:200 duration:0.002s]
2025-04-10 20:23:27,246 - INFO - POST http://localhost:9200/abstract22/_search?scroll=5m [status:200 duration:0.007s]
2025-04-10 20:23:27,249 - INFO - DELETE http://localhost:9200/_search/scroll [status:200 duration:0.002s]
2025-04-10 20:23:27,257 - INFO - POST http://localhost:9200/abstract22/_search?scroll=5m [status:200 duration:0.008s]
2025-04-10 20:23:27,260 - INFO - DELETE http://localhost:9200/_search/scroll [status:200 duration:0.002s]
2025-04-10 20:23:27,266 - INFO - POST http://localhost:9200/abstract22/_search?scroll=5m [status:200 duration:0.006s]
2025-04-10 20:23:27,269 - INFO - DELETE http://localhost:9200/_search/scroll [status:200 duration:0.002s]
2025-04-10 20:23:27,274 - INFO - POST http://localhost:9200/abstract22/_search?scroll=5m [status:200 duration:0.004s]
2025-04-10 20:23:27,276 - INFO - DELETE http://localhost:9200/_search/scroll [status:200 duration:0.001s]
2025-04-10 20:23:27,282 - INFO - POST http://localhost:9200/abstract22/_search?scroll=5m [status:200 duration:0.004s]
2025-04-10 20:23:27,284 - INFO - DELETE http://localhost:9200/_search/scroll [status:200 duration:0.002s]
2025-04-10 20:23:27,290 - INFO - POST http://localhost:9200/abstract22/_search?scroll=5m [status:200 duration:0.005s]
2025-04-10 20:23:27,292 - INFO - DELETE http://localhost:9200/_search/scroll [status:200 duration:0.001s]
2025-04-10 20:23:27,300 - INFO - POST http://localhost:9200/abstract22/_search?scroll=5m [status:200 duration:0.006s]
2025-04-10 20:23:27,302 - INFO - DELETE http://localhost:9200/_search/scroll [status:200 duration:0.003s]
2025-04-10 20:23:27,316 - INFO - POST http://localhost:9200/abstract22/_search?scroll=5m [status:200 duration:0.014s]
2025-04-10 20:23:27,319 - INFO - DELETE http://localhost:9200/_search/scroll [status:200 duration:0.001s]
2025-04-10 20:23:27,326 - INFO - POST http://localhost:9200/abstract22/_search?scroll=5m [status:200 duration:0.005s]
2025-04-10 20:23:27,329 - INFO - DELETE http://localhost:9200/_search/scroll [status:200 duration:0.002s]
2025-04-10 20:23:27,337 - INFO - POST http://localhost:9200/abstract22/_search?scroll=5m [status:200 duration:0.008s]
2025-04-10 20:23:27,340 - INFO - DELETE http://localhost:9200/_search/scroll [status:200 duration:0.002s]
2025-04-10 20:23:27,348 - INFO - POST http://localhost:9200/abstract22/_search?scroll=5m [status:200 duration:0.007s]
2025-04-10 20:23:27,351 - INFO - DELETE http://localhost:9200/_search/scroll [status:200 duration:0.002s]
2025-04-10 20:23:27,359 - INFO - POST http://localhost:9200/abstract22/_search?scroll=5m [status:200 duration:0.006s]
2025-04-10 20:23:27,362 - INFO - DELETE http://localhost:9200/_search/scroll [status:200 duration:0.003s]
2025-04-10 20:23:27,372 - INFO - POST http://localhost:9200/abstract22/_search?scroll=5m [status:200 duration:0.009s]
2025-04-10 20:23:27,374 - INFO - DELETE http://localhost:9200/_search/scroll [status:200 duration:0.002s]
2025-04-10 20:23:27,386 - INFO - POST http://localhost:9200/abstract22/_search?scroll=5m [status:200 duration:0.011s]
2025-04-10 20:23:27,388 - INFO - DELETE http://localhost:9200/_search/scroll [status:200 duration:0.003s]
2025-04-10 20:23:27,397 - INFO - POST http://localhost:9200/abstract22/_search?scroll=5m [status:200 duration:0.008s]
2025-04-10 20:23:27,400 - INFO - DELETE http://localhost:9200/_search/scroll [status:200 duration:0.002s]
2025-04-10 20:23:27,408 - INFO - POST http://localhost:9200/abstract22/_search?scroll=5m [status:200 duration:0.006s]
2025-04-10 20:23:27,410 - INFO - DELETE http://localhost:9200/_search/scroll [status:200 duration:0.002s]
2025-04-10 20:23:27,417 - INFO - POST http://localhost:9200/abstract22/_search?scroll=5m [status:200 duration:0.006s]
2025-04-10 20:23:27,419 - INFO - DELETE http://localhost:9200/_search/scroll [status:200 duration:0.002s]
2025-04-10 20:23:27,424 - INFO - POST http://localhost:9200/abstract22/_search?scroll=5m [status:200 duration:0.005s]
2025-04-10 20:23:27,426 - INFO - DELETE http://localhost:9200/_search/scroll [status:200 duration:0.001s]
2025-04-10 20:23:27,433 - INFO - POST http://localhost:9200/abstract22/_search?scroll=5m [status:200 duration:0.006s]
2025-04-10 20:23:27,437 - INFO - DELETE http://localhost:9200/_search/scroll [status:200 duration:0.002s]
2025-04-10 20:23:27,445 - INFO - POST http://localhost:9200/abstract22/_search?scroll=5m [status:200 duration:0.007s]
2025-04-10 20:23:27,448 - INFO - DELETE http://localhost:9200/_search/scroll [status:200 duration:0.002s]
2025-04-10 20:23:27,456 - INFO - POST http://localhost:9200/abstract22/_search?scroll=5m [status:200 duration:0.006s]
2025-04-10 20:23:27,459 - INFO - DELETE http://localhost:9200/_search/scroll [status:200 duration:0.002s]
2025-04-10 20:23:27,466 - INFO - POST http://localhost:9200/abstract22/_search?scroll=5m [status:200 duration:0.007s]
2025-04-10 20:23:27,470 - INFO - DELETE http://localhost:9200/_search/scroll [status:200 duration:0.003s]
2025-04-10 20:23:27,477 - INFO - POST http://localhost:9200/abstract22/_search?scroll=5m [status:200 duration:0.007s]
2025-04-10 20:23:27,480 - INFO - DELETE http://localhost:9200/_search/scroll [status:200 duration:0.002s]
2025-04-10 20:23:27,488 - INFO - POST http://localhost:9200/abstract22/_search?scroll=5m [status:200 duration:0.007s]
2025-04-10 20:23:27,490 - INFO - DELETE http://localhost:9200/_search/scroll [status:200 duration:0.002s]
2025-04-10 20:23:27,497 - INFO - POST http://localhost:9200/abstract22/_search?scroll=5m [status:200 duration:0.006s]
2025-04-10 20:23:27,499 - INFO - DELETE http://localhost:9200/_search/scroll [status:200 duration:0.002s]
2025-04-10 20:23:27,506 - INFO - POST http://localhost:9200/abstract22/_search?scroll=5m [status:200 duration:0.007s]
2025-04-10 20:23:27,509 - INFO - DELETE http://localhost:9200/_search/scroll [status:200 duration:0.002s]
2025-04-10 20:23:27,516 - INFO - POST http://localhost:9200/abstract22/_search?scroll=5m [status:200 duration:0.007s]
2025-04-10 20:23:27,518 - INFO - DELETE http://localhost:9200/_search/scroll [status:200 duration:0.001s]
2025-04-10 20:23:27,524 - INFO - POST http://localhost:9200/abstract22/_search?scroll=5m [status:200 duration:0.005s]
2025-04-10 20:23:27,527 - INFO - DELETE http://localhost:9200/_search/scroll [status:200 duration:0.002s]
2025-04-10 20:23:27,536 - INFO - POST http://localhost:9200/abstract22/_search?scroll=5m [status:200 duration:0.008s]
2025-04-10 20:23:27,538 - INFO - DELETE http://localhost:9200/_search/scroll [status:200 duration:0.003s]
2025-04-10 20:23:27,547 - INFO - POST http://localhost:9200/abstract22/_search?scroll=5m [status:200 duration:0.007s]
2025-04-10 20:23:27,550 - INFO - DELETE http://localhost:9200/_search/scroll [status:200 duration:0.003s]
2025-04-10 20:23:27,628 - INFO - POST http://localhost:9200/abstract22/_search?scroll=5m [status:200 duration:0.010s]
2025-04-10 20:23:27,631 - INFO - DELETE http://localhost:9200/_search/scroll [status:200 duration:0.002s]
2025-04-10 20:23:27,635 - INFO - POST http://localhost:9200/abstract22/_search?scroll=5m [status:200 duration:0.004s]
2025-04-10 20:23:27,639 - INFO - DELETE http://localhost:9200/_search/scroll [status:200 duration:0.002s]
2025-04-10 20:23:27,681 - INFO - POST http://localhost:9200/abstract22/_search?scroll=5m [status:200 duration:0.041s]
2025-04-10 20:23:27,684 - INFO - DELETE http://localhost:9200/_search/scroll [status:200 duration:0.001s]
2025-04-10 20:23:27,689 - INFO - POST http://localhost:9200/abstract22/_search?scroll=5m [status:200 duration:0.005s]
2025-04-10 20:23:27,693 - INFO - DELETE http://localhost:9200/_search/scroll [status:200 duration:0.002s]
2025-04-10 20:23:27,769 - INFO - POST http://localhost:9200/abstract22/_search?scroll=5m [status:200 duration:0.011s]
2025-04-10 20:23:27,772 - INFO - DELETE http://localhost:9200/_search/scroll [status:200 duration:0.003s]
2025-04-10 20:23:27,808 - INFO - POST http://localhost:9200/abstract22/_search?scroll=5m [status:200 duration:0.036s]
2025-04-10 20:23:27,810 - INFO - DELETE http://localhost:9200/_search/scroll [status:200 duration:0.003s]
2025-04-10 20:23:27,888 - INFO - POST http://localhost:9200/abstract22/_search?scroll=5m [status:200 duration:0.004s]
2025-04-10 20:23:27,891 - INFO - DELETE http://localhost:9200/_search/scroll [status:200 duration:0.002s]
2025-04-10 20:23:27,896 - INFO - POST http://localhost:9200/abstract22/_search?scroll=5m [status:200 duration:0.004s]
2025-04-10 20:23:27,899 - INFO - DELETE http://localhost:9200/_search/scroll [status:200 duration:0.002s]
2025-04-10 20:23:27,907 - INFO - POST http://localhost:9200/abstract22/_search?scroll=5m [status:200 duration:0.008s]
2025-04-10 20:23:27,909 - INFO - DELETE http://localhost:9200/_search/scroll [status:200 duration:0.002s]
2025-04-10 20:23:27,916 - INFO - POST http://localhost:9200/abstract22/_search?scroll=5m [status:200 duration:0.006s]
2025-04-10 20:23:27,919 - INFO - DELETE http://localhost:9200/_search/scroll [status:200 duration:0.002s]
2025-04-10 20:23:27,982 - INFO - POST http://localhost:9200/abstract22/_search?scroll=5m [status:200 duration:0.004s]
2025-04-10 20:23:27,985 - INFO - DELETE http://localhost:9200/_search/scroll [status:200 duration:0.002s]
2025-04-10 20:23:27,990 - INFO - POST http://localhost:9200/abstract22/_search?scroll=5m [status:200 duration:0.005s]
2025-04-10 20:23:27,992 - INFO - DELETE http://localhost:9200/_search/scroll [status:200 duration:0.001s]
2025-04-10 20:23:28,047 - INFO - POST http://localhost:9200/abstract22/_search?scroll=5m [status:200 duration:0.004s]
2025-04-10 20:23:28,049 - INFO - DELETE http://localhost:9200/_search/scroll [status:200 duration:0.001s]
2025-04-10 20:23:28,090 - INFO - POST http://localhost:9200/abstract22/_search?scroll=5m [status:200 duration:0.041s]
2025-04-10 20:23:28,095 - INFO - DELETE http://localhost:9200/_search/scroll [status:200 duration:0.003s]
2025-04-10 20:23:28,102 - INFO - POST http://localhost:9200/abstract22/_search?scroll=5m [status:200 duration:0.007s]
2025-04-10 20:23:28,104 - INFO - DELETE http://localhost:9200/_search/scroll [status:200 duration:0.002s]
2025-04-10 20:23:28,118 - INFO - POST http://localhost:9200/abstract22/_search?scroll=5m [status:200 duration:0.013s]
2025-04-10 20:23:28,120 - INFO - DELETE http://localhost:9200/_search/scroll [status:200 duration:0.002s]
2025-04-10 20:23:28,127 - INFO - POST http://localhost:9200/abstract22/_search?scroll=5m [status:200 duration:0.006s]
2025-04-10 20:23:28,129 - INFO - DELETE http://localhost:9200/_search/scroll [status:200 duration:0.003s]
2025-04-10 20:23:28,136 - INFO - POST http://localhost:9200/abstract22/_search?scroll=5m [status:200 duration:0.006s]
2025-04-10 20:23:28,139 - INFO - DELETE http://localhost:9200/_search/scroll [status:200 duration:0.001s]
2025-04-10 20:23:28,147 - INFO - POST http://localhost:9200/abstract22/_search?scroll=5m [status:200 duration:0.008s]
2025-04-10 20:23:28,149 - INFO - DELETE http://localhost:9200/_search/scroll [status:200 duration:0.002s]
2025-04-10 20:23:28,215 - INFO - POST http://localhost:9200/abstract22/_search?scroll=5m [status:200 duration:0.006s]
2025-04-10 20:23:28,217 - INFO - DELETE http://localhost:9200/_search/scroll [status:200 duration:0.001s]
2025-04-10 20:23:28,222 - INFO - POST http://localhost:9200/abstract22/_search?scroll=5m [status:200 duration:0.004s]
2025-04-10 20:23:28,223 - INFO - DELETE http://localhost:9200/_search/scroll [status:200 duration:0.001s]
2025-04-10 20:23:28,228 - INFO - POST http://localhost:9200/abstract22/_search?scroll=5m [status:200 duration:0.003s]
2025-04-10 20:23:28,231 - INFO - DELETE http://localhost:9200/_search/scroll [status:200 duration:0.002s]
2025-04-10 20:23:28,239 - INFO - POST http://localhost:9200/abstract22/_search?scroll=5m [status:200 duration:0.008s]
2025-04-10 20:23:28,241 - INFO - DELETE http://localhost:9200/_search/scroll [status:200 duration:0.003s]
2025-04-10 20:23:28,248 - INFO - POST http://localhost:9200/abstract22/_search?scroll=5m [status:200 duration:0.005s]
2025-04-10 20:23:28,251 - INFO - DELETE http://localhost:9200/_search/scroll [status:200 duration:0.003s]
2025-04-10 20:23:28,257 - INFO - POST http://localhost:9200/abstract22/_search?scroll=5m [status:200 duration:0.005s]
2025-04-10 20:23:28,259 - INFO - DELETE http://localhost:9200/_search/scroll [status:200 duration:0.001s]
2025-04-10 20:23:28,308 - INFO - POST http://localhost:9200/abstract22/_search?scroll=5m [status:200 duration:0.005s]
2025-04-10 20:23:28,311 - INFO - DELETE http://localhost:9200/_search/scroll [status:200 duration:0.003s]
2025-04-10 20:23:28,317 - INFO - POST http://localhost:9200/abstract22/_search?scroll=5m [status:200 duration:0.006s]
2025-04-10 20:23:28,319 - INFO - DELETE http://localhost:9200/_search/scroll [status:200 duration:0.001s]
2025-04-10 20:23:28,380 - INFO - POST http://localhost:9200/abstract22/_search?scroll=5m [status:200 duration:0.008s]
2025-04-10 20:23:28,382 - INFO - DELETE http://localhost:9200/_search/scroll [status:200 duration:0.002s]
2025-04-10 20:23:28,393 - INFO - POST http://localhost:9200/abstract22/_search?scroll=5m [status:200 duration:0.009s]
2025-04-10 20:23:28,396 - INFO - DELETE http://localhost:9200/_search/scroll [status:200 duration:0.003s]
2025-04-10 20:23:28,448 - INFO - POST http://localhost:9200/abstract22/_search?scroll=5m [status:200 duration:0.003s]
2025-04-10 20:23:28,451 - INFO - DELETE http://localhost:9200/_search/scroll [status:200 duration:0.002s]
2025-04-10 20:23:28,455 - INFO - POST http://localhost:9200/abstract22/_search?scroll=5m [status:200 duration:0.003s]
2025-04-10 20:23:28,459 - INFO - DELETE http://localhost:9200/_search/scroll [status:200 duration:0.002s]
2025-04-10 20:23:28,463 - INFO - POST http://localhost:9200/abstract22/_search?scroll=5m [status:200 duration:0.005s]
2025-04-10 20:23:28,465 - INFO - DELETE http://localhost:9200/_search/scroll [status:200 duration:0.001s]
2025-04-10 20:23:28,470 - INFO - POST http://localhost:9200/abstract22/_search?scroll=5m [status:200 duration:0.004s]
2025-04-10 20:23:28,473 - INFO - DELETE http://localhost:9200/_search/scroll [status:200 duration:0.001s]
2025-04-10 20:23:28,477 - INFO - POST http://localhost:9200/abstract22/_search?scroll=5m [status:200 duration:0.003s]
2025-04-10 20:23:28,479 - INFO - DELETE http://localhost:9200/_search/scroll [status:200 duration:0.001s]
2025-04-10 20:23:28,484 - INFO - POST http://localhost:9200/abstract22/_search?scroll=5m [status:200 duration:0.005s]
2025-04-10 20:23:28,486 - INFO - DELETE http://localhost:9200/_search/scroll [status:200 duration:0.001s]
2025-04-10 20:23:28,492 - INFO - POST http://localhost:9200/abstract22/_search?scroll=5m [status:200 duration:0.006s]
2025-04-10 20:23:28,494 - INFO - DELETE http://localhost:9200/_search/scroll [status:200 duration:0.002s]
2025-04-10 20:23:28,499 - INFO - POST http://localhost:9200/abstract22/_search?scroll=5m [status:200 duration:0.005s]
2025-04-10 20:23:28,502 - INFO - DELETE http://localhost:9200/_search/scroll [status:200 duration:0.003s]
2025-04-10 20:23:28,507 - INFO - POST http://localhost:9200/abstract22/_search?scroll=5m [status:200 duration:0.004s]
2025-04-10 20:23:28,509 - INFO - DELETE http://localhost:9200/_search/scroll [status:200 duration:0.002s]
2025-04-10 20:23:28,516 - INFO - POST http://localhost:9200/abstract22/_search?scroll=5m [status:200 duration:0.007s]
2025-04-10 20:23:28,519 - INFO - DELETE http://localhost:9200/_search/scroll [status:200 duration:0.002s]
2025-04-10 20:23:28,524 - INFO - POST http://localhost:9200/abstract22/_search?scroll=5m [status:200 duration:0.006s]
2025-04-10 20:23:28,527 - INFO - DELETE http://localhost:9200/_search/scroll [status:200 duration:0.002s]
2025-04-10 20:23:28,537 - INFO - POST http://localhost:9200/abstract22/_search?scroll=5m [status:200 duration:0.010s]
2025-04-10 20:23:28,540 - INFO - DELETE http://localhost:9200/_search/scroll [status:200 duration:0.002s]
2025-04-10 20:23:28,546 - INFO - POST http://localhost:9200/abstract22/_search?scroll=5m [status:200 duration:0.005s]
2025-04-10 20:23:28,548 - INFO - DELETE http://localhost:9200/_search/scroll [status:200 duration:0.001s]
2025-04-10 20:23:28,555 - INFO - POST http://localhost:9200/abstract22/_search?scroll=5m [status:200 duration:0.007s]
2025-04-10 20:23:28,557 - INFO - DELETE http://localhost:9200/_search/scroll [status:200 duration:0.002s]
2025-04-10 20:23:28,563 - INFO - POST http://localhost:9200/abstract22/_search?scroll=5m [status:200 duration:0.006s]
2025-04-10 20:23:28,566 - INFO - DELETE http://localhost:9200/_search/scroll [status:200 duration:0.001s]
2025-04-10 20:23:28,573 - INFO - POST http://localhost:9200/abstract22/_search?scroll=5m [status:200 duration:0.007s]
2025-04-10 20:23:28,576 - INFO - DELETE http://localhost:9200/_search/scroll [status:200 duration:0.002s]
2025-04-10 20:23:28,582 - INFO - POST http://localhost:9200/abstract22/_search?scroll=5m [status:200 duration:0.006s]
2025-04-10 20:23:28,584 - INFO - DELETE http://localhost:9200/_search/scroll [status:200 duration:0.001s]
2025-04-10 20:23:28,589 - INFO - POST http://localhost:9200/abstract22/_search?scroll=5m [status:200 duration:0.004s]
2025-04-10 20:23:28,591 - INFO - DELETE http://localhost:9200/_search/scroll [status:200 duration:0.002s]
2025-04-10 20:23:28,596 - INFO - POST http://localhost:9200/abstract22/_search?scroll=5m [status:200 duration:0.004s]
2025-04-10 20:23:28,599 - INFO - DELETE http://localhost:9200/_search/scroll [status:200 duration:0.002s]
2025-04-10 20:23:28,603 - INFO - POST http://localhost:9200/abstract22/_search?scroll=5m [status:200 duration:0.004s]
2025-04-10 20:23:28,606 - INFO - DELETE http://localhost:9200/_search/scroll [status:200 duration:0.002s]
2025-04-10 20:23:28,611 - INFO - POST http://localhost:9200/abstract22/_search?scroll=5m [status:200 duration:0.005s]
2025-04-10 20:23:28,613 - INFO - DELETE http://localhost:9200/_search/scroll [status:200 duration:0.001s]
2025-04-10 20:23:28,618 - INFO - POST http://localhost:9200/abstract22/_search?scroll=5m [status:200 duration:0.005s]
2025-04-10 20:23:28,621 - INFO - DELETE http://localhost:9200/_search/scroll [status:200 duration:0.003s]
2025-04-10 20:23:28,691 - INFO - POST http://localhost:9200/abstract22/_search?scroll=5m [status:200 duration:0.004s]
2025-04-10 20:23:28,693 - INFO - DELETE http://localhost:9200/_search/scroll [status:200 duration:0.001s]
2025-04-10 20:23:28,699 - INFO - POST http://localhost:9200/abstract22/_search?scroll=5m [status:200 duration:0.004s]
2025-04-10 20:23:28,700 - INFO - DELETE http://localhost:9200/_search/scroll [status:200 duration:0.002s]
2025-04-10 20:23:28,776 - INFO - POST http://localhost:9200/abstract22/_search?scroll=5m [status:200 duration:0.006s]
2025-04-10 20:23:28,779 - INFO - DELETE http://localhost:9200/_search/scroll [status:200 duration:0.002s]
2025-04-10 20:23:28,791 - INFO - POST http://localhost:9200/abstract22/_search?scroll=5m [status:200 duration:0.012s]
2025-04-10 20:23:28,794 - INFO - DELETE http://localhost:9200/_search/scroll [status:200 duration:0.003s]
2025-04-10 20:23:28,807 - INFO - POST http://localhost:9200/abstract22/_search?scroll=5m [status:200 duration:0.013s]
2025-04-10 20:23:28,809 - INFO - DELETE http://localhost:9200/_search/scroll [status:200 duration:0.002s]
2025-04-10 20:23:28,818 - INFO - POST http://localhost:9200/abstract22/_search?scroll=5m [status:200 duration:0.009s]
2025-04-10 20:23:28,821 - INFO - DELETE http://localhost:9200/_search/scroll [status:200 duration:0.002s]
2025-04-10 20:23:28,828 - INFO - POST http://localhost:9200/abstract22/_search?scroll=5m [status:200 duration:0.007s]
2025-04-10 20:23:28,831 - INFO - DELETE http://localhost:9200/_search/scroll [status:200 duration:0.003s]
2025-04-10 20:23:28,902 - INFO - POST http://localhost:9200/abstract22/_search?scroll=5m [status:200 duration:0.005s]
2025-04-10 20:23:28,904 - INFO - DELETE http://localhost:9200/_search/scroll [status:200 duration:0.002s]
2025-04-10 20:23:28,909 - INFO - POST http://localhost:9200/abstract22/_search?scroll=5m [status:200 duration:0.005s]
2025-04-10 20:23:28,911 - INFO - DELETE http://localhost:9200/_search/scroll [status:200 duration:0.002s]
2025-04-10 20:23:28,976 - INFO - POST http://localhost:9200/abstract22/_search?scroll=5m [status:200 duration:0.007s]
2025-04-10 20:23:28,978 - INFO - DELETE http://localhost:9200/_search/scroll [status:200 duration:0.001s]
2025-04-10 20:23:28,998 - INFO - POST http://localhost:9200/abstract22/_search?scroll=5m [status:200 duration:0.019s]
2025-04-10 20:23:28,999 - INFO - DELETE http://localhost:9200/_search/scroll [status:200 duration:0.001s]
2025-04-10 20:23:29,015 - INFO - POST http://localhost:9200/abstract22/_search?scroll=5m [status:200 duration:0.016s]
2025-04-10 20:23:29,018 - INFO - DELETE http://localhost:9200/_search/scroll [status:200 duration:0.001s]
2025-04-10 20:23:29,044 - INFO - POST http://localhost:9200/abstract22/_search?scroll=5m [status:200 duration:0.025s]
2025-04-10 20:23:29,046 - INFO - DELETE http://localhost:9200/_search/scroll [status:200 duration:0.002s]
2025-04-10 20:23:29,069 - INFO - POST http://localhost:9200/abstract22/_search?scroll=5m [status:200 duration:0.022s]
2025-04-10 20:23:29,072 - INFO - DELETE http://localhost:9200/_search/scroll [status:200 duration:0.002s]
2025-04-10 20:23:29,102 - INFO - POST http://localhost:9200/abstract22/_search?scroll=5m [status:200 duration:0.027s]
2025-04-10 20:23:29,104 - INFO - DELETE http://localhost:9200/_search/scroll [status:200 duration:0.002s]
2025-04-10 20:23:29,113 - INFO - POST http://localhost:9200/abstract22/_search?scroll=5m [status:200 duration:0.008s]
2025-04-10 20:23:29,115 - INFO - DELETE http://localhost:9200/_search/scroll [status:200 duration:0.001s]
2025-04-10 20:23:29,203 - INFO - POST http://localhost:9200/abstract22/_search?scroll=5m [status:200 duration:0.087s]
2025-04-10 20:23:29,205 - INFO - DELETE http://localhost:9200/_search/scroll [status:200 duration:0.001s]
2025-04-10 20:23:29,294 - INFO - POST http://localhost:9200/abstract22/_search?scroll=5m [status:200 duration:0.089s]
2025-04-10 20:23:29,297 - INFO - DELETE http://localhost:9200/_search/scroll [status:200 duration:0.001s]
2025-04-10 20:23:29,435 - INFO - POST http://localhost:9200/abstract22/_search?scroll=5m [status:200 duration:0.137s]
2025-04-10 20:23:29,438 - INFO - DELETE http://localhost:9200/_search/scroll [status:200 duration:0.003s]
2025-04-10 20:23:29,587 - INFO - POST http://localhost:9200/abstract22/_search?scroll=5m [status:200 duration:0.149s]
2025-04-10 20:23:29,590 - INFO - DELETE http://localhost:9200/_search/scroll [status:200 duration:0.001s]
2025-04-10 20:23:29,733 - INFO - POST http://localhost:9200/abstract22/_search?scroll=5m [status:200 duration:0.142s]
2025-04-10 20:23:29,735 - INFO - DELETE http://localhost:9200/_search/scroll [status:200 duration:0.001s]
2025-04-10 20:23:29,797 - INFO - POST http://localhost:9200/abstract22/_search?scroll=5m [status:200 duration:0.003s]
2025-04-10 20:23:29,799 - INFO - DELETE http://localhost:9200/_search/scroll [status:200 duration:0.001s]
2025-04-10 20:23:29,809 - INFO - POST http://localhost:9200/abstract22/_search?scroll=5m [status:200 duration:0.007s]
2025-04-10 20:23:29,811 - INFO - DELETE http://localhost:9200/_search/scroll [status:200 duration:0.003s]
2025-04-10 20:23:29,815 - INFO - POST http://localhost:9200/abstract22/_search?scroll=5m [status:200 duration:0.004s]
2025-04-10 20:23:29,817 - INFO - DELETE http://localhost:9200/_search/scroll [status:200 duration:0.002s]
2025-04-10 20:23:29,869 - INFO - POST http://localhost:9200/abstract22/_search?scroll=5m [status:200 duration:0.003s]
2025-04-10 20:23:29,872 - INFO - DELETE http://localhost:9200/_search/scroll [status:200 duration:0.002s]
2025-04-10 20:23:29,877 - INFO - POST http://localhost:9200/abstract22/_search?scroll=5m [status:200 duration:0.005s]
2025-04-10 20:23:29,879 - INFO - DELETE http://localhost:9200/_search/scroll [status:200 duration:0.001s]
2025-04-10 20:23:29,936 - INFO - POST http://localhost:9200/abstract22/_search?scroll=5m [status:200 duration:0.005s]
2025-04-10 20:23:29,938 - INFO - DELETE http://localhost:9200/_search/scroll [status:200 duration:0.002s]
2025-04-10 20:23:29,943 - INFO - POST http://localhost:9200/abstract22/_search?scroll=5m [status:200 duration:0.005s]
2025-04-10 20:23:29,946 - INFO - DELETE http://localhost:9200/_search/scroll [status:200 duration:0.002s]
2025-04-10 20:23:30,012 - INFO - POST http://localhost:9200/abstract22/_search?scroll=5m [status:200 duration:0.004s]
2025-04-10 20:23:30,014 - INFO - DELETE http://localhost:9200/_search/scroll [status:200 duration:0.001s]
2025-04-10 20:23:30,021 - INFO - POST http://localhost:9200/abstract22/_search?scroll=5m [status:200 duration:0.006s]
2025-04-10 20:23:30,025 - INFO - DELETE http://localhost:9200/_search/scroll [status:200 duration:0.002s]
2025-04-10 20:23:30,096 - INFO - POST http://localhost:9200/abstract22/_search?scroll=5m [status:200 duration:0.012s]
2025-04-10 20:23:30,099 - INFO - DELETE http://localhost:9200/_search/scroll [status:200 duration:0.003s]
2025-04-10 20:23:30,127 - INFO - POST http://localhost:9200/abstract22/_search?scroll=5m [status:200 duration:0.028s]
2025-04-10 20:23:30,131 - INFO - DELETE http://localhost:9200/_search/scroll [status:200 duration:0.003s]
2025-04-10 20:23:30,214 - INFO - POST http://localhost:9200/abstract22/_search?scroll=5m [status:200 duration:0.026s]
2025-04-10 20:23:30,215 - INFO - DELETE http://localhost:9200/_search/scroll [status:200 duration:0.001s]
2025-04-10 20:23:30,220 - INFO - POST http://localhost:9200/abstract22/_search?scroll=5m [status:200 duration:0.003s]
2025-04-10 20:23:30,222 - INFO - DELETE http://localhost:9200/_search/scroll [status:200 duration:0.002s]
2025-04-10 20:23:30,228 - INFO - POST http://localhost:9200/abstract22/_search?scroll=5m [status:200 duration:0.004s]
2025-04-10 20:23:30,231 - INFO - DELETE http://localhost:9200/_search/scroll [status:200 duration:0.002s]
2025-04-10 20:23:30,412 - INFO - POST http://localhost:9200/abstract22/_search?scroll=5m [status:200 duration:0.034s]
2025-04-10 20:23:30,414 - INFO - DELETE http://localhost:9200/_search/scroll [status:200 duration:0.002s]
2025-04-10 20:23:30,655 - INFO - POST http://localhost:9200/abstract22/_search?scroll=5m [status:200 duration:0.239s]
2025-04-10 20:23:30,658 - INFO - DELETE http://localhost:9200/_search/scroll [status:200 duration:0.002s]
2025-04-10 20:23:30,732 - INFO - POST http://localhost:9200/abstract22/_search?scroll=5m [status:200 duration:0.027s]
2025-04-10 20:23:30,735 - INFO - DELETE http://localhost:9200/_search/scroll [status:200 duration:0.002s]
2025-04-10 20:23:30,742 - INFO - POST http://localhost:9200/abstract22/_search?scroll=5m [status:200 duration:0.006s]
2025-04-10 20:23:30,745 - INFO - DELETE http://localhost:9200/_search/scroll [status:200 duration:0.002s]
2025-04-10 20:23:30,753 - INFO - POST http://localhost:9200/abstract22/_search?scroll=5m [status:200 duration:0.007s]
2025-04-10 20:23:30,757 - INFO - DELETE http://localhost:9200/_search/scroll [status:200 duration:0.003s]
2025-04-10 20:23:30,765 - INFO - POST http://localhost:9200/abstract22/_search?scroll=5m [status:200 duration:0.006s]
2025-04-10 20:23:30,768 - INFO - DELETE http://localhost:9200/_search/scroll [status:200 duration:0.002s]
2025-04-10 20:23:30,833 - INFO - POST http://localhost:9200/abstract22/_search?scroll=5m [status:200 duration:0.004s]
2025-04-10 20:23:30,835 - INFO - DELETE http://localhost:9200/_search/scroll [status:200 duration:0.002s]
2025-04-10 20:23:30,842 - INFO - POST http://localhost:9200/abstract22/_search?scroll=5m [status:200 duration:0.006s]
2025-04-10 20:23:30,844 - INFO - DELETE http://localhost:9200/_search/scroll [status:200 duration:0.001s]
2025-04-10 20:23:30,908 - INFO - POST http://localhost:9200/abstract22/_search?scroll=5m [status:200 duration:0.010s]
2025-04-10 20:23:30,910 - INFO - DELETE http://localhost:9200/_search/scroll [status:200 duration:0.002s]
2025-04-10 20:23:30,918 - INFO - POST http://localhost:9200/abstract22/_search?scroll=5m [status:200 duration:0.007s]
2025-04-10 20:23:30,921 - INFO - DELETE http://localhost:9200/_search/scroll [status:200 duration:0.002s]
2025-04-10 20:23:30,990 - INFO - POST http://localhost:9200/abstract22/_search?scroll=5m [status:200 duration:0.007s]
2025-04-10 20:23:30,993 - INFO - DELETE http://localhost:9200/_search/scroll [status:200 duration:0.002s]
2025-04-10 20:23:31,001 - INFO - POST http://localhost:9200/abstract22/_search?scroll=5m [status:200 duration:0.007s]
2025-04-10 20:23:31,008 - INFO - DELETE http://localhost:9200/_search/scroll [status:200 duration:0.006s]
2025-04-10 20:23:31,102 - INFO - POST http://localhost:9200/abstract22/_search?scroll=5m [status:200 duration:0.093s]
2025-04-10 20:23:31,117 - INFO - DELETE http://localhost:9200/_search/scroll [status:200 duration:0.014s]
2025-04-10 20:23:31,304 - INFO - POST http://localhost:9200/abstract22/_search?scroll=5m [status:200 duration:0.187s]
2025-04-10 20:23:31,307 - INFO - DELETE http://localhost:9200/_search/scroll [status:200 duration:0.002s]
2025-04-10 20:23:31,418 - INFO - POST http://localhost:9200/abstract22/_search?scroll=5m [status:200 duration:0.005s]
2025-04-10 20:23:31,421 - INFO - DELETE http://localhost:9200/_search/scroll [status:200 duration:0.002s]
2025-04-10 20:23:31,426 - INFO - POST http://localhost:9200/abstract22/_search?scroll=5m [status:200 duration:0.004s]
2025-04-10 20:23:31,430 - INFO - DELETE http://localhost:9200/_search/scroll [status:200 duration:0.002s]
2025-04-10 21:00:50,766 - INFO - Starting network pharmacology analysis
2025-04-10 21:00:50,766 - INFO - Fetching formula/TCM information
2025-04-10 21:01:11,655 - INFO - Fetching TCM-chemical links
2025-04-10 21:01:12,970 - INFO - Fetching chemical information
2025-04-10 21:01:13,639 - INFO - Fetching chem-protein links with score >= 990
2025-04-10 21:01:26,338 - INFO - Fetching protein information
2025-04-10 21:01:27,788 - INFO - Converting results to DataFrames
2025-04-10 21:01:27,788 - INFO - Generating visualization
2025-04-10 21:01:49,698 - INFO - Generating Cytoscape output
2025-04-10 21:02:10,856 - INFO - Writing results to Excel
2025-04-10 21:02:12,372 - INFO - Performing research status test
2025-04-10 21:02:14,237 - INFO - POST http://localhost:9200/abstract22/_search?scroll=5m [status:200 duration:0.030s]
2025-04-10 21:02:14,238 - INFO - DELETE http://localhost:9200/_search/scroll [status:200 duration:0.001s]
2025-04-10 21:02:14,253 - INFO - POST http://localhost:9200/abstract22/_search?scroll=5m [status:200 duration:0.014s]
2025-04-10 21:02:14,254 - INFO - DELETE http://localhost:9200/_search/scroll [status:200 duration:0.001s]
2025-04-10 21:02:14,261 - INFO - POST http://localhost:9200/abstract22/_search?scroll=5m [status:200 duration:0.007s]
2025-04-10 21:02:14,263 - INFO - DELETE http://localhost:9200/_search/scroll [status:200 duration:0.001s]
2025-04-10 21:02:14,277 - INFO - POST http://localhost:9200/abstract22/_search?scroll=5m [status:200 duration:0.013s]
2025-04-10 21:02:14,278 - INFO - DELETE http://localhost:9200/_search/scroll [status:200 duration:0.001s]
2025-04-10 21:02:14,287 - INFO - POST http://localhost:9200/abstract22/_search?scroll=5m [status:200 duration:0.008s]
2025-04-10 21:02:14,288 - INFO - DELETE http://localhost:9200/_search/scroll [status:200 duration:0.000s]
2025-04-10 21:02:14,300 - INFO - POST http://localhost:9200/abstract22/_search?scroll=5m [status:200 duration:0.011s]
2025-04-10 21:02:14,302 - INFO - DELETE http://localhost:9200/_search/scroll [status:200 duration:0.001s]
2025-04-10 21:02:14,313 - INFO - POST http://localhost:9200/abstract22/_search?scroll=5m [status:200 duration:0.011s]
2025-04-10 21:02:14,313 - INFO - DELETE http://localhost:9200/_search/scroll [status:200 duration:0.000s]
2025-04-10 21:02:14,321 - INFO - POST http://localhost:9200/abstract22/_search?scroll=5m [status:200 duration:0.007s]
2025-04-10 21:02:14,322 - INFO - DELETE http://localhost:9200/_search/scroll [status:200 duration:0.001s]
2025-04-10 21:02:14,344 - INFO - POST http://localhost:9200/abstract22/_search?scroll=5m [status:200 duration:0.021s]
2025-04-10 21:02:14,345 - INFO - DELETE http://localhost:9200/_search/scroll [status:200 duration:0.001s]
2025-04-10 21:02:14,364 - INFO - POST http://localhost:9200/abstract22/_search?scroll=5m [status:200 duration:0.018s]
2025-04-10 21:02:14,365 - INFO - DELETE http://localhost:9200/_search/scroll [status:200 duration:0.001s]
2025-04-10 21:02:14,373 - INFO - POST http://localhost:9200/abstract22/_search?scroll=5m [status:200 duration:0.008s]
2025-04-10 21:02:14,374 - INFO - DELETE http://localhost:9200/_search/scroll [status:200 duration:0.001s]
2025-04-10 21:02:14,388 - INFO - POST http://localhost:9200/abstract22/_search?scroll=5m [status:200 duration:0.014s]
2025-04-10 21:02:14,389 - INFO - DELETE http://localhost:9200/_search/scroll [status:200 duration:0.001s]
2025-04-10 21:02:14,406 - INFO - POST http://localhost:9200/abstract22/_search?scroll=5m [status:200 duration:0.017s]
2025-04-10 21:02:14,408 - INFO - DELETE http://localhost:9200/_search/scroll [status:200 duration:0.001s]
2025-04-10 21:02:14,419 - INFO - POST http://localhost:9200/abstract22/_search?scroll=5m [status:200 duration:0.011s]
2025-04-10 21:02:14,421 - INFO - DELETE http://localhost:9200/_search/scroll [status:200 duration:0.003s]
2025-04-10 21:02:14,427 - INFO - POST http://localhost:9200/abstract22/_search?scroll=5m [status:200 duration:0.006s]
2025-04-10 21:02:14,430 - INFO - DELETE http://localhost:9200/_search/scroll [status:200 duration:0.001s]
2025-04-10 21:02:14,445 - INFO - POST http://localhost:9200/abstract22/_search?scroll=5m [status:200 duration:0.015s]
2025-04-10 21:02:14,447 - INFO - DELETE http://localhost:9200/_search/scroll [status:200 duration:0.002s]
2025-04-10 21:02:14,461 - INFO - POST http://localhost:9200/abstract22/_search?scroll=5m [status:200 duration:0.015s]
2025-04-10 21:02:14,462 - INFO - DELETE http://localhost:9200/_search/scroll [status:200 duration:0.001s]
2025-04-10 21:02:14,474 - INFO - POST http://localhost:9200/abstract22/_search?scroll=5m [status:200 duration:0.011s]
2025-04-10 21:02:14,475 - INFO - DELETE http://localhost:9200/_search/scroll [status:200 duration:0.001s]
2025-04-10 21:02:14,486 - INFO - POST http://localhost:9200/abstract22/_search?scroll=5m [status:200 duration:0.010s]
2025-04-10 21:02:14,488 - INFO - DELETE http://localhost:9200/_search/scroll [status:200 duration:0.001s]
2025-04-10 21:02:14,503 - INFO - POST http://localhost:9200/abstract22/_search?scroll=5m [status:200 duration:0.015s]
2025-04-10 21:02:14,505 - INFO - DELETE http://localhost:9200/_search/scroll [status:200 duration:0.001s]
2025-04-10 21:02:14,554 - INFO - POST http://localhost:9200/abstract22/_search?scroll=5m [status:200 duration:0.008s]
2025-04-10 21:02:14,555 - INFO - DELETE http://localhost:9200/_search/scroll [status:200 duration:0.001s]
2025-04-10 21:02:14,562 - INFO - POST http://localhost:9200/abstract22/_search?scroll=5m [status:200 duration:0.006s]
2025-04-10 21:02:14,563 - INFO - DELETE http://localhost:9200/_search/scroll [status:200 duration:0.000s]
2025-04-10 21:02:14,571 - INFO - POST http://localhost:9200/abstract22/_search?scroll=5m [status:200 duration:0.008s]
2025-04-10 21:02:14,572 - INFO - DELETE http://localhost:9200/_search/scroll [status:200 duration:0.001s]
2025-04-10 21:02:14,578 - INFO - POST http://localhost:9200/abstract22/_search?scroll=5m [status:200 duration:0.006s]
2025-04-10 21:02:14,579 - INFO - DELETE http://localhost:9200/_search/scroll [status:200 duration:0.001s]
2025-04-10 21:02:14,586 - INFO - POST http://localhost:9200/abstract22/_search?scroll=5m [status:200 duration:0.007s]
2025-04-10 21:02:14,588 - INFO - DELETE http://localhost:9200/_search/scroll [status:200 duration:0.001s]
2025-04-10 21:02:14,592 - INFO - POST http://localhost:9200/abstract22/_search?scroll=5m [status:200 duration:0.004s]
2025-04-10 21:02:14,593 - INFO - DELETE http://localhost:9200/_search/scroll [status:200 duration:0.001s]
2025-04-10 21:02:14,598 - INFO - POST http://localhost:9200/abstract22/_search?scroll=5m [status:200 duration:0.005s]
2025-04-10 21:02:14,599 - INFO - DELETE http://localhost:9200/_search/scroll [status:200 duration:0.000s]
2025-04-10 21:02:14,607 - INFO - POST http://localhost:9200/abstract22/_search?scroll=5m [status:200 duration:0.008s]
2025-04-10 21:02:14,608 - INFO - DELETE http://localhost:9200/_search/scroll [status:200 duration:0.001s]
2025-04-10 21:02:14,613 - INFO - POST http://localhost:9200/abstract22/_search?scroll=5m [status:200 duration:0.005s]
2025-04-10 21:02:14,614 - INFO - DELETE http://localhost:9200/_search/scroll [status:200 duration:0.001s]
2025-04-10 21:02:14,618 - INFO - POST http://localhost:9200/abstract22/_search?scroll=5m [status:200 duration:0.004s]
2025-04-10 21:02:14,619 - INFO - DELETE http://localhost:9200/_search/scroll [status:200 duration:0.000s]
2025-04-10 21:02:14,624 - INFO - POST http://localhost:9200/abstract22/_search?scroll=5m [status:200 duration:0.004s]
2025-04-10 21:02:14,626 - INFO - DELETE http://localhost:9200/_search/scroll [status:200 duration:0.001s]
2025-04-10 21:02:14,629 - INFO - POST http://localhost:9200/abstract22/_search?scroll=5m [status:200 duration:0.003s]
2025-04-10 21:02:14,631 - INFO - DELETE http://localhost:9200/_search/scroll [status:200 duration:0.001s]
2025-04-10 21:02:14,637 - INFO - POST http://localhost:9200/abstract22/_search?scroll=5m [status:200 duration:0.005s]
2025-04-10 21:02:14,638 - INFO - DELETE http://localhost:9200/_search/scroll [status:200 duration:0.001s]
2025-04-10 21:02:14,644 - INFO - POST http://localhost:9200/abstract22/_search?scroll=5m [status:200 duration:0.006s]
2025-04-10 21:02:14,645 - INFO - DELETE http://localhost:9200/_search/scroll [status:200 duration:0.001s]
2025-04-10 21:02:14,649 - INFO - POST http://localhost:9200/abstract22/_search?scroll=5m [status:200 duration:0.004s]
2025-04-10 21:02:14,652 - INFO - DELETE http://localhost:9200/_search/scroll [status:200 duration:0.002s]
2025-04-10 21:02:14,656 - INFO - POST http://localhost:9200/abstract22/_search?scroll=5m [status:200 duration:0.004s]
2025-04-10 21:02:14,658 - INFO - DELETE http://localhost:9200/_search/scroll [status:200 duration:0.001s]
2025-04-10 21:02:14,665 - INFO - POST http://localhost:9200/abstract22/_search?scroll=5m [status:200 duration:0.007s]
2025-04-10 21:02:14,667 - INFO - DELETE http://localhost:9200/_search/scroll [status:200 duration:0.001s]
2025-04-10 21:02:14,672 - INFO - POST http://localhost:9200/abstract22/_search?scroll=5m [status:200 duration:0.005s]
2025-04-10 21:02:14,675 - INFO - DELETE http://localhost:9200/_search/scroll [status:200 duration:0.002s]
2025-04-10 21:02:14,723 - INFO - POST http://localhost:9200/abstract22/_search?scroll=5m [status:200 duration:0.004s]
2025-04-10 21:02:14,725 - INFO - DELETE http://localhost:9200/_search/scroll [status:200 duration:0.001s]
2025-04-10 21:02:14,729 - INFO - POST http://localhost:9200/abstract22/_search?scroll=5m [status:200 duration:0.004s]
2025-04-10 21:02:14,731 - INFO - DELETE http://localhost:9200/_search/scroll [status:200 duration:0.002s]
2025-04-10 21:02:14,736 - INFO - POST http://localhost:9200/abstract22/_search?scroll=5m [status:200 duration:0.006s]
2025-04-10 21:02:14,737 - INFO - DELETE http://localhost:9200/_search/scroll [status:200 duration:0.001s]
2025-04-10 21:02:14,742 - INFO - POST http://localhost:9200/abstract22/_search?scroll=5m [status:200 duration:0.005s]
2025-04-10 21:02:14,745 - INFO - DELETE http://localhost:9200/_search/scroll [status:200 duration:0.002s]
2025-04-10 21:02:14,786 - INFO - POST http://localhost:9200/abstract22/_search?scroll=5m [status:200 duration:0.005s]
2025-04-10 21:02:14,787 - INFO - DELETE http://localhost:9200/_search/scroll [status:200 duration:0.001s]
2025-04-10 21:02:14,791 - INFO - POST http://localhost:9200/abstract22/_search?scroll=5m [status:200 duration:0.004s]
2025-04-10 21:02:14,792 - INFO - DELETE http://localhost:9200/_search/scroll [status:200 duration:0.000s]
2025-04-10 21:02:14,832 - INFO - POST http://localhost:9200/abstract22/_search?scroll=5m [status:200 duration:0.004s]
2025-04-10 21:02:14,833 - INFO - DELETE http://localhost:9200/_search/scroll [status:200 duration:0.001s]
2025-04-10 21:02:14,866 - INFO - POST http://localhost:9200/abstract22/_search?scroll=5m [status:200 duration:0.033s]
2025-04-10 21:02:14,868 - INFO - DELETE http://localhost:9200/_search/scroll [status:200 duration:0.001s]
2025-04-10 21:02:14,873 - INFO - POST http://localhost:9200/abstract22/_search?scroll=5m [status:200 duration:0.005s]
2025-04-10 21:02:14,874 - INFO - DELETE http://localhost:9200/_search/scroll [status:200 duration:0.001s]
2025-04-10 21:02:14,887 - INFO - POST http://localhost:9200/abstract22/_search?scroll=5m [status:200 duration:0.011s]
2025-04-10 21:02:14,889 - INFO - DELETE http://localhost:9200/_search/scroll [status:200 duration:0.002s]
2025-04-10 21:02:14,893 - INFO - POST http://localhost:9200/abstract22/_search?scroll=5m [status:200 duration:0.005s]
2025-04-10 21:02:14,894 - INFO - DELETE http://localhost:9200/_search/scroll [status:200 duration:0.001s]
2025-04-10 21:02:14,900 - INFO - POST http://localhost:9200/abstract22/_search?scroll=5m [status:200 duration:0.005s]
2025-04-10 21:02:14,902 - INFO - DELETE http://localhost:9200/_search/scroll [status:200 duration:0.001s]
2025-04-10 21:02:14,906 - INFO - POST http://localhost:9200/abstract22/_search?scroll=5m [status:200 duration:0.004s]
2025-04-10 21:02:14,908 - INFO - DELETE http://localhost:9200/_search/scroll [status:200 duration:0.001s]
2025-04-10 21:02:14,949 - INFO - POST http://localhost:9200/abstract22/_search?scroll=5m [status:200 duration:0.008s]
2025-04-10 21:02:14,951 - INFO - DELETE http://localhost:9200/_search/scroll [status:200 duration:0.000s]
2025-04-10 21:02:14,958 - INFO - POST http://localhost:9200/abstract22/_search?scroll=5m [status:200 duration:0.006s]
2025-04-10 21:02:14,959 - INFO - DELETE http://localhost:9200/_search/scroll [status:200 duration:0.001s]
2025-04-10 21:02:14,994 - INFO - POST http://localhost:9200/abstract22/_search?scroll=5m [status:200 duration:0.005s]
2025-04-10 21:02:14,995 - INFO - DELETE http://localhost:9200/_search/scroll [status:200 duration:0.001s]
2025-04-10 21:02:14,998 - INFO - POST http://localhost:9200/abstract22/_search?scroll=5m [status:200 duration:0.003s]
2025-04-10 21:02:14,999 - INFO - DELETE http://localhost:9200/_search/scroll [status:200 duration:0.001s]
2025-04-10 21:02:15,038 - INFO - POST http://localhost:9200/abstract22/_search?scroll=5m [status:200 duration:0.004s]
2025-04-10 21:02:15,039 - INFO - DELETE http://localhost:9200/_search/scroll [status:200 duration:0.001s]
2025-04-10 21:02:15,044 - INFO - POST http://localhost:9200/abstract22/_search?scroll=5m [status:200 duration:0.006s]
2025-04-10 21:02:15,046 - INFO - DELETE http://localhost:9200/_search/scroll [status:200 duration:0.001s]
2025-04-10 21:02:15,049 - INFO - POST http://localhost:9200/abstract22/_search?scroll=5m [status:200 duration:0.003s]
2025-04-10 21:02:15,051 - INFO - DELETE http://localhost:9200/_search/scroll [status:200 duration:0.001s]
2025-04-10 21:02:15,088 - INFO - POST http://localhost:9200/abstract22/_search?scroll=5m [status:200 duration:0.004s]
2025-04-10 21:02:15,089 - INFO - DELETE http://localhost:9200/_search/scroll [status:200 duration:0.001s]
2025-04-10 21:02:15,095 - INFO - POST http://localhost:9200/abstract22/_search?scroll=5m [status:200 duration:0.006s]
2025-04-10 21:02:15,097 - INFO - DELETE http://localhost:9200/_search/scroll [status:200 duration:0.001s]
2025-04-10 21:02:15,135 - INFO - POST http://localhost:9200/abstract22/_search?scroll=5m [status:200 duration:0.005s]
2025-04-10 21:02:15,136 - INFO - DELETE http://localhost:9200/_search/scroll [status:200 duration:0.001s]
2025-04-10 21:02:15,141 - INFO - POST http://localhost:9200/abstract22/_search?scroll=5m [status:200 duration:0.005s]
2025-04-10 21:02:15,143 - INFO - DELETE http://localhost:9200/_search/scroll [status:200 duration:0.001s]
2025-04-10 21:02:15,181 - INFO - POST http://localhost:9200/abstract22/_search?scroll=5m [status:200 duration:0.006s]
2025-04-10 21:02:15,182 - INFO - DELETE http://localhost:9200/_search/scroll [status:200 duration:0.001s]
2025-04-10 21:02:15,189 - INFO - POST http://localhost:9200/abstract22/_search?scroll=5m [status:200 duration:0.007s]
2025-04-10 21:02:15,190 - INFO - DELETE http://localhost:9200/_search/scroll [status:200 duration:0.002s]
2025-04-10 21:02:15,206 - INFO - Performing safety research test
2025-04-10 21:02:15,876 - INFO - Analysis completed
2025-04-17 16:53:36,987 - INFO - Starting network pharmacology analysis
2025-04-17 16:53:36,988 - INFO - Fetching formula/TCM information
2025-04-17 16:54:10,050 - INFO - Fetching TCM-chemical links
2025-04-17 16:54:11,481 - INFO - Fetching chemical information
2025-04-17 16:54:12,233 - INFO - Fetching chem-protein links with score >= 900
2025-04-17 16:54:27,192 - INFO - Fetching protein information
2025-04-17 16:54:28,896 - INFO - Converting results to DataFrames
2025-04-17 16:54:28,896 - INFO - Generating visualization
2025-04-17 16:54:34,651 - INFO - Generating Cytoscape output
2025-04-17 16:54:40,319 - INFO - Writing results to Excel
2025-04-17 16:54:40,975 - INFO - Performing research status test
2025-04-17 16:55:02,205 - INFO - POST http://localhost:9200/abstract22/_search?scroll=5m [status:N/A duration:4.110s]
2025-04-17 16:55:02,205 - WARNING - Node <Urllib3HttpNode(http://localhost:9200)> has failed for 1 times in a row, putting on 1 second timeout
2025-04-17 16:55:02,205 - WARNING - Retrying request after failure (attempt 0 of 3)
Traceback (most recent call last):
  File "C:\Users\29908\AppData\Roaming\Python\Python39\site-packages\urllib3\connection.py", line 199, in _new_conn
    sock = connection.create_connection(
  File "C:\Users\29908\AppData\Roaming\Python\Python39\site-packages\urllib3\util\connection.py", line 85, in create_connection
    raise err
  File "C:\Users\29908\AppData\Roaming\Python\Python39\site-packages\urllib3\util\connection.py", line 73, in create_connection
    sock.connect(sa)
ConnectionRefusedError: [WinError 10061] 由于目标计算机积极拒绝，无法连接。

The above exception was the direct cause of the following exception:

Traceback (most recent call last):
  File "C:\Users\29908\AppData\Roaming\Python\Python39\site-packages\elastic_transport\_node\_http_urllib3.py", line 167, in perform_request
    response = self.pool.urlopen(
  File "C:\Users\29908\AppData\Roaming\Python\Python39\site-packages\urllib3\connectionpool.py", line 843, in urlopen
    retries = retries.increment(
  File "C:\Users\29908\AppData\Roaming\Python\Python39\site-packages\urllib3\util\retry.py", line 449, in increment
    raise reraise(type(error), error, _stacktrace)
  File "C:\Users\29908\AppData\Roaming\Python\Python39\site-packages\urllib3\util\util.py", line 39, in reraise
    raise value
  File "C:\Users\29908\AppData\Roaming\Python\Python39\site-packages\urllib3\connectionpool.py", line 789, in urlopen
    response = self._make_request(
  File "C:\Users\29908\AppData\Roaming\Python\Python39\site-packages\urllib3\connectionpool.py", line 495, in _make_request
    conn.request(
  File "C:\Users\29908\AppData\Roaming\Python\Python39\site-packages\urllib3\connection.py", line 441, in request
    self.endheaders()
  File "C:\Users\29908\.conda\envs\DualNet-TCM\lib\http\client.py", line 1280, in endheaders
    self._send_output(message_body, encode_chunked=encode_chunked)
  File "C:\Users\29908\.conda\envs\DualNet-TCM\lib\http\client.py", line 1040, in _send_output
    self.send(msg)
  File "C:\Users\29908\.conda\envs\DualNet-TCM\lib\http\client.py", line 980, in send
    self.connect()
  File "C:\Users\29908\AppData\Roaming\Python\Python39\site-packages\urllib3\connection.py", line 279, in connect
    self.sock = self._new_conn()
  File "C:\Users\29908\AppData\Roaming\Python\Python39\site-packages\urllib3\connection.py", line 214, in _new_conn
    raise NewConnectionError(
urllib3.exceptions.NewConnectionError: <urllib3.connection.HTTPConnection object at 0x000001FC31FF99A0>: Failed to establish a new connection: [WinError 10061] 由于目标计算机积极拒绝，无法连接。

The above exception was the direct cause of the following exception:

Traceback (most recent call last):
  File "C:\Users\29908\AppData\Roaming\Python\Python39\site-packages\elastic_transport\_transport.py", line 342, in perform_request
    resp = node.perform_request(
  File "C:\Users\29908\AppData\Roaming\Python\Python39\site-packages\elastic_transport\_node\_http_urllib3.py", line 202, in perform_request
    raise err from e
elastic_transport.ConnectionError: Connection error caused by: NewConnectionError(<urllib3.connection.HTTPConnection object at 0x000001FC31FF99A0>: Failed to establish a new connection: [WinError 10061] 由于目标计算机积极拒绝，无法连接。)
2025-04-17 16:55:06,324 - INFO - POST http://localhost:9200/abstract22/_search?scroll=5m [status:N/A duration:4.112s]
2025-04-17 16:55:06,324 - WARNING - Node <Urllib3HttpNode(http://localhost:9200)> has failed for 2 times in a row, putting on 2 second timeout
2025-04-17 16:55:06,324 - WARNING - Retrying request after failure (attempt 1 of 3)
Traceback (most recent call last):
  File "C:\Users\29908\AppData\Roaming\Python\Python39\site-packages\urllib3\connection.py", line 199, in _new_conn
    sock = connection.create_connection(
  File "C:\Users\29908\AppData\Roaming\Python\Python39\site-packages\urllib3\util\connection.py", line 85, in create_connection
    raise err
  File "C:\Users\29908\AppData\Roaming\Python\Python39\site-packages\urllib3\util\connection.py", line 73, in create_connection
    sock.connect(sa)
ConnectionRefusedError: [WinError 10061] 由于目标计算机积极拒绝，无法连接。

The above exception was the direct cause of the following exception:

Traceback (most recent call last):
  File "C:\Users\29908\AppData\Roaming\Python\Python39\site-packages\elastic_transport\_node\_http_urllib3.py", line 167, in perform_request
    response = self.pool.urlopen(
  File "C:\Users\29908\AppData\Roaming\Python\Python39\site-packages\urllib3\connectionpool.py", line 843, in urlopen
    retries = retries.increment(
  File "C:\Users\29908\AppData\Roaming\Python\Python39\site-packages\urllib3\util\retry.py", line 449, in increment
    raise reraise(type(error), error, _stacktrace)
  File "C:\Users\29908\AppData\Roaming\Python\Python39\site-packages\urllib3\util\util.py", line 39, in reraise
    raise value
  File "C:\Users\29908\AppData\Roaming\Python\Python39\site-packages\urllib3\connectionpool.py", line 789, in urlopen
    response = self._make_request(
  File "C:\Users\29908\AppData\Roaming\Python\Python39\site-packages\urllib3\connectionpool.py", line 495, in _make_request
    conn.request(
  File "C:\Users\29908\AppData\Roaming\Python\Python39\site-packages\urllib3\connection.py", line 441, in request
    self.endheaders()
  File "C:\Users\29908\.conda\envs\DualNet-TCM\lib\http\client.py", line 1280, in endheaders
    self._send_output(message_body, encode_chunked=encode_chunked)
  File "C:\Users\29908\.conda\envs\DualNet-TCM\lib\http\client.py", line 1040, in _send_output
    self.send(msg)
  File "C:\Users\29908\.conda\envs\DualNet-TCM\lib\http\client.py", line 980, in send
    self.connect()
  File "C:\Users\29908\AppData\Roaming\Python\Python39\site-packages\urllib3\connection.py", line 279, in connect
    self.sock = self._new_conn()
  File "C:\Users\29908\AppData\Roaming\Python\Python39\site-packages\urllib3\connection.py", line 214, in _new_conn
    raise NewConnectionError(
urllib3.exceptions.NewConnectionError: <urllib3.connection.HTTPConnection object at 0x000001FC31FF9D00>: Failed to establish a new connection: [WinError 10061] 由于目标计算机积极拒绝，无法连接。

The above exception was the direct cause of the following exception:

Traceback (most recent call last):
  File "C:\Users\29908\AppData\Roaming\Python\Python39\site-packages\elastic_transport\_transport.py", line 342, in perform_request
    resp = node.perform_request(
  File "C:\Users\29908\AppData\Roaming\Python\Python39\site-packages\elastic_transport\_node\_http_urllib3.py", line 202, in perform_request
    raise err from e
elastic_transport.ConnectionError: Connection error caused by: NewConnectionError(<urllib3.connection.HTTPConnection object at 0x000001FC31FF9D00>: Failed to establish a new connection: [WinError 10061] 由于目标计算机积极拒绝，无法连接。)
2025-04-17 16:55:06,325 - INFO - Resurrected node <Urllib3HttpNode(http://localhost:9200)> (force=False)
2025-04-17 16:55:10,420 - INFO - POST http://localhost:9200/abstract22/_search?scroll=5m [status:N/A duration:4.095s]
2025-04-17 16:55:10,420 - WARNING - Node <Urllib3HttpNode(http://localhost:9200)> has failed for 3 times in a row, putting on 4 second timeout
2025-04-17 16:55:10,420 - WARNING - Retrying request after failure (attempt 2 of 3)
Traceback (most recent call last):
  File "C:\Users\29908\AppData\Roaming\Python\Python39\site-packages\urllib3\connection.py", line 199, in _new_conn
    sock = connection.create_connection(
  File "C:\Users\29908\AppData\Roaming\Python\Python39\site-packages\urllib3\util\connection.py", line 85, in create_connection
    raise err
  File "C:\Users\29908\AppData\Roaming\Python\Python39\site-packages\urllib3\util\connection.py", line 73, in create_connection
    sock.connect(sa)
ConnectionRefusedError: [WinError 10061] 由于目标计算机积极拒绝，无法连接。

The above exception was the direct cause of the following exception:

Traceback (most recent call last):
  File "C:\Users\29908\AppData\Roaming\Python\Python39\site-packages\elastic_transport\_node\_http_urllib3.py", line 167, in perform_request
    response = self.pool.urlopen(
  File "C:\Users\29908\AppData\Roaming\Python\Python39\site-packages\urllib3\connectionpool.py", line 843, in urlopen
    retries = retries.increment(
  File "C:\Users\29908\AppData\Roaming\Python\Python39\site-packages\urllib3\util\retry.py", line 449, in increment
    raise reraise(type(error), error, _stacktrace)
  File "C:\Users\29908\AppData\Roaming\Python\Python39\site-packages\urllib3\util\util.py", line 39, in reraise
    raise value
  File "C:\Users\29908\AppData\Roaming\Python\Python39\site-packages\urllib3\connectionpool.py", line 789, in urlopen
    response = self._make_request(
  File "C:\Users\29908\AppData\Roaming\Python\Python39\site-packages\urllib3\connectionpool.py", line 495, in _make_request
    conn.request(
  File "C:\Users\29908\AppData\Roaming\Python\Python39\site-packages\urllib3\connection.py", line 441, in request
    self.endheaders()
  File "C:\Users\29908\.conda\envs\DualNet-TCM\lib\http\client.py", line 1280, in endheaders
    self._send_output(message_body, encode_chunked=encode_chunked)
  File "C:\Users\29908\.conda\envs\DualNet-TCM\lib\http\client.py", line 1040, in _send_output
    self.send(msg)
  File "C:\Users\29908\.conda\envs\DualNet-TCM\lib\http\client.py", line 980, in send
    self.connect()
  File "C:\Users\29908\AppData\Roaming\Python\Python39\site-packages\urllib3\connection.py", line 279, in connect
    self.sock = self._new_conn()
  File "C:\Users\29908\AppData\Roaming\Python\Python39\site-packages\urllib3\connection.py", line 214, in _new_conn
    raise NewConnectionError(
urllib3.exceptions.NewConnectionError: <urllib3.connection.HTTPConnection object at 0x000001FC2FFE0BB0>: Failed to establish a new connection: [WinError 10061] 由于目标计算机积极拒绝，无法连接。

The above exception was the direct cause of the following exception:

Traceback (most recent call last):
  File "C:\Users\29908\AppData\Roaming\Python\Python39\site-packages\elastic_transport\_transport.py", line 342, in perform_request
    resp = node.perform_request(
  File "C:\Users\29908\AppData\Roaming\Python\Python39\site-packages\elastic_transport\_node\_http_urllib3.py", line 202, in perform_request
    raise err from e
elastic_transport.ConnectionError: Connection error caused by: NewConnectionError(<urllib3.connection.HTTPConnection object at 0x000001FC2FFE0BB0>: Failed to establish a new connection: [WinError 10061] 由于目标计算机积极拒绝，无法连接。)
2025-04-17 16:55:10,422 - INFO - Resurrected node <Urllib3HttpNode(http://localhost:9200)> (force=False)
2025-04-17 16:55:14,508 - INFO - POST http://localhost:9200/abstract22/_search?scroll=5m [status:N/A duration:4.086s]
2025-04-17 16:55:14,508 - WARNING - Node <Urllib3HttpNode(http://localhost:9200)> has failed for 4 times in a row, putting on 8 second timeout
